[2017-03-07T00:01:12,636][INFO ][o.e.n.Node               ] [] initializing ...
[2017-03-07T00:01:12,789][INFO ][o.e.e.NodeEnvironment    ] [e1S9kLk] using [1] data paths, mounts [[/ (/dev/sda5)]], net usable_space [186.2gb], net total_space [232.4gb], spins? [possibly], types [ext4]
[2017-03-07T00:01:12,789][INFO ][o.e.e.NodeEnvironment    ] [e1S9kLk] heap size [1.9gb], compressed ordinary object pointers [true]
[2017-03-07T00:01:12,809][INFO ][o.e.n.Node               ] node name [e1S9kLk] derived from node ID [e1S9kLkiRTe8EA6bNImzaw]; set [node.name] to override
[2017-03-07T00:01:12,811][INFO ][o.e.n.Node               ] version[5.1.1], pid[2169], build[5395e21/2016-12-06T12:36:15.409Z], OS[Linux/4.4.0-64-generic/amd64], JVM[Oracle Corporation/Java HotSpot(TM) 64-Bit Server VM/1.8.0_111/25.111-b14]
[2017-03-07T00:01:13,607][INFO ][o.e.p.PluginsService     ] [e1S9kLk] loaded module [aggs-matrix-stats]
[2017-03-07T00:01:13,607][INFO ][o.e.p.PluginsService     ] [e1S9kLk] loaded module [ingest-common]
[2017-03-07T00:01:13,607][INFO ][o.e.p.PluginsService     ] [e1S9kLk] loaded module [lang-expression]
[2017-03-07T00:01:13,607][INFO ][o.e.p.PluginsService     ] [e1S9kLk] loaded module [lang-groovy]
[2017-03-07T00:01:13,607][INFO ][o.e.p.PluginsService     ] [e1S9kLk] loaded module [lang-mustache]
[2017-03-07T00:01:13,607][INFO ][o.e.p.PluginsService     ] [e1S9kLk] loaded module [lang-painless]
[2017-03-07T00:01:13,607][INFO ][o.e.p.PluginsService     ] [e1S9kLk] loaded module [percolator]
[2017-03-07T00:01:13,608][INFO ][o.e.p.PluginsService     ] [e1S9kLk] loaded module [reindex]
[2017-03-07T00:01:13,608][INFO ][o.e.p.PluginsService     ] [e1S9kLk] loaded module [transport-netty3]
[2017-03-07T00:01:13,608][INFO ][o.e.p.PluginsService     ] [e1S9kLk] loaded module [transport-netty4]
[2017-03-07T00:01:13,608][INFO ][o.e.p.PluginsService     ] [e1S9kLk] no plugins loaded
[2017-03-07T00:01:15,607][INFO ][o.e.n.Node               ] initialized
[2017-03-07T00:01:15,608][INFO ][o.e.n.Node               ] [e1S9kLk] starting ...
[2017-03-07T00:01:15,901][INFO ][o.e.t.TransportService   ] [e1S9kLk] publish_address {127.0.0.1:9300}, bound_addresses {[::1]:9300}, {127.0.0.1:9300}
[2017-03-07T00:01:19,016][INFO ][o.e.c.s.ClusterService   ] [e1S9kLk] new_master {e1S9kLk}{e1S9kLkiRTe8EA6bNImzaw}{ln5_pIujTc2-MhXiLjTBPw}{127.0.0.1}{127.0.0.1:9300}, reason: zen-disco-elected-as-master ([0] nodes joined)
[2017-03-07T00:01:19,059][INFO ][o.e.h.HttpServer         ] [e1S9kLk] publish_address {127.0.0.1:9200}, bound_addresses {[::1]:9200}, {127.0.0.1:9200}
[2017-03-07T00:01:19,060][INFO ][o.e.n.Node               ] [e1S9kLk] started
[2017-03-07T00:01:19,818][INFO ][o.e.g.GatewayService     ] [e1S9kLk] recovered [5] indices into cluster_state
[2017-03-07T00:01:24,743][INFO ][o.e.c.r.a.AllocationService] [e1S9kLk] Cluster health status changed from [RED] to [YELLOW] (reason: [shards started [[spark][4]] ...]).
[2017-03-07T00:04:28,651][INFO ][o.e.n.Node               ] [e1S9kLk] stopping ...
[2017-03-07T00:04:29,847][INFO ][o.e.n.Node               ] [e1S9kLk] stopped
[2017-03-07T00:04:29,848][INFO ][o.e.n.Node               ] [e1S9kLk] closing ...
[2017-03-07T00:04:29,857][INFO ][o.e.n.Node               ] [e1S9kLk] closed
[2017-03-07T00:20:48,240][INFO ][o.e.n.Node               ] [] initializing ...
[2017-03-07T00:20:48,391][INFO ][o.e.e.NodeEnvironment    ] [e1S9kLk] using [1] data paths, mounts [[/ (/dev/sda5)]], net usable_space [186.2gb], net total_space [232.4gb], spins? [possibly], types [ext4]
[2017-03-07T00:20:48,391][INFO ][o.e.e.NodeEnvironment    ] [e1S9kLk] heap size [1.9gb], compressed ordinary object pointers [true]
[2017-03-07T00:20:48,418][INFO ][o.e.n.Node               ] node name [e1S9kLk] derived from node ID [e1S9kLkiRTe8EA6bNImzaw]; set [node.name] to override
[2017-03-07T00:20:48,420][INFO ][o.e.n.Node               ] version[5.1.1], pid[3551], build[5395e21/2016-12-06T12:36:15.409Z], OS[Linux/4.4.0-64-generic/amd64], JVM[Oracle Corporation/Java HotSpot(TM) 64-Bit Server VM/1.8.0_111/25.111-b14]
[2017-03-07T00:20:49,177][INFO ][o.e.p.PluginsService     ] [e1S9kLk] loaded module [aggs-matrix-stats]
[2017-03-07T00:20:49,178][INFO ][o.e.p.PluginsService     ] [e1S9kLk] loaded module [ingest-common]
[2017-03-07T00:20:49,178][INFO ][o.e.p.PluginsService     ] [e1S9kLk] loaded module [lang-expression]
[2017-03-07T00:20:49,178][INFO ][o.e.p.PluginsService     ] [e1S9kLk] loaded module [lang-groovy]
[2017-03-07T00:20:49,178][INFO ][o.e.p.PluginsService     ] [e1S9kLk] loaded module [lang-mustache]
[2017-03-07T00:20:49,178][INFO ][o.e.p.PluginsService     ] [e1S9kLk] loaded module [lang-painless]
[2017-03-07T00:20:49,178][INFO ][o.e.p.PluginsService     ] [e1S9kLk] loaded module [percolator]
[2017-03-07T00:20:49,179][INFO ][o.e.p.PluginsService     ] [e1S9kLk] loaded module [reindex]
[2017-03-07T00:20:49,179][INFO ][o.e.p.PluginsService     ] [e1S9kLk] loaded module [transport-netty3]
[2017-03-07T00:20:49,179][INFO ][o.e.p.PluginsService     ] [e1S9kLk] loaded module [transport-netty4]
[2017-03-07T00:20:49,179][INFO ][o.e.p.PluginsService     ] [e1S9kLk] no plugins loaded
[2017-03-07T00:20:51,428][INFO ][o.e.n.Node               ] initialized
[2017-03-07T00:20:51,429][INFO ][o.e.n.Node               ] [e1S9kLk] starting ...
[2017-03-07T00:20:51,603][INFO ][o.e.t.TransportService   ] [e1S9kLk] publish_address {127.0.0.1:9300}, bound_addresses {[::1]:9300}, {127.0.0.1:9300}
[2017-03-07T00:20:54,692][INFO ][o.e.c.s.ClusterService   ] [e1S9kLk] new_master {e1S9kLk}{e1S9kLkiRTe8EA6bNImzaw}{3RRgvnnQQ-qhOUAwgbr55Q}{127.0.0.1}{127.0.0.1:9300}, reason: zen-disco-elected-as-master ([0] nodes joined)
[2017-03-07T00:20:54,735][INFO ][o.e.h.HttpServer         ] [e1S9kLk] publish_address {127.0.0.1:9200}, bound_addresses {[::1]:9200}, {127.0.0.1:9200}
[2017-03-07T00:20:54,736][INFO ][o.e.n.Node               ] [e1S9kLk] started
[2017-03-07T00:20:55,477][INFO ][o.e.g.GatewayService     ] [e1S9kLk] recovered [5] indices into cluster_state
[2017-03-07T00:21:00,390][INFO ][o.e.c.r.a.AllocationService] [e1S9kLk] Cluster health status changed from [RED] to [YELLOW] (reason: [shards started [[spark][3], [spark][0]] ...]).
[2017-03-07T00:36:42,552][INFO ][o.e.n.Node               ] [e1S9kLk] stopping ...
[2017-03-07T00:36:43,712][INFO ][o.e.n.Node               ] [e1S9kLk] stopped
[2017-03-07T00:36:43,713][INFO ][o.e.n.Node               ] [e1S9kLk] closing ...
[2017-03-07T00:36:43,737][INFO ][o.e.n.Node               ] [e1S9kLk] closed
[2017-03-07T00:36:58,294][INFO ][o.e.n.Node               ] [] initializing ...
[2017-03-07T00:36:58,562][INFO ][o.e.e.NodeEnvironment    ] [e1S9kLk] using [1] data paths, mounts [[/ (/dev/sda5)]], net usable_space [186.2gb], net total_space [232.4gb], spins? [possibly], types [ext4]
[2017-03-07T00:36:58,562][INFO ][o.e.e.NodeEnvironment    ] [e1S9kLk] heap size [1.9gb], compressed ordinary object pointers [true]
[2017-03-07T00:36:58,914][INFO ][o.e.n.Node               ] node name [e1S9kLk] derived from node ID [e1S9kLkiRTe8EA6bNImzaw]; set [node.name] to override
[2017-03-07T00:36:58,933][INFO ][o.e.n.Node               ] version[5.1.1], pid[4879], build[5395e21/2016-12-06T12:36:15.409Z], OS[Linux/4.4.0-64-generic/amd64], JVM[Oracle Corporation/Java HotSpot(TM) 64-Bit Server VM/1.8.0_111/25.111-b14]
[2017-03-07T00:37:00,583][INFO ][o.e.p.PluginsService     ] [e1S9kLk] loaded module [aggs-matrix-stats]
[2017-03-07T00:37:00,584][INFO ][o.e.p.PluginsService     ] [e1S9kLk] loaded module [ingest-common]
[2017-03-07T00:37:00,584][INFO ][o.e.p.PluginsService     ] [e1S9kLk] loaded module [lang-expression]
[2017-03-07T00:37:00,584][INFO ][o.e.p.PluginsService     ] [e1S9kLk] loaded module [lang-groovy]
[2017-03-07T00:37:00,584][INFO ][o.e.p.PluginsService     ] [e1S9kLk] loaded module [lang-mustache]
[2017-03-07T00:37:00,584][INFO ][o.e.p.PluginsService     ] [e1S9kLk] loaded module [lang-painless]
[2017-03-07T00:37:00,584][INFO ][o.e.p.PluginsService     ] [e1S9kLk] loaded module [percolator]
[2017-03-07T00:37:00,584][INFO ][o.e.p.PluginsService     ] [e1S9kLk] loaded module [reindex]
[2017-03-07T00:37:00,584][INFO ][o.e.p.PluginsService     ] [e1S9kLk] loaded module [transport-netty3]
[2017-03-07T00:37:00,584][INFO ][o.e.p.PluginsService     ] [e1S9kLk] loaded module [transport-netty4]
[2017-03-07T00:37:00,585][INFO ][o.e.p.PluginsService     ] [e1S9kLk] no plugins loaded
[2017-03-07T00:37:08,952][INFO ][o.e.n.Node               ] initialized
[2017-03-07T00:37:08,952][INFO ][o.e.n.Node               ] [e1S9kLk] starting ...
[2017-03-07T00:37:09,333][INFO ][o.e.t.TransportService   ] [e1S9kLk] publish_address {127.0.0.1:9300}, bound_addresses {127.0.0.1:9300}
[2017-03-07T00:37:12,542][INFO ][o.e.c.s.ClusterService   ] [e1S9kLk] new_master {e1S9kLk}{e1S9kLkiRTe8EA6bNImzaw}{jFmsDdI1RnWLkF4c6DL9Sg}{127.0.0.1}{127.0.0.1:9300}, reason: zen-disco-elected-as-master ([0] nodes joined)
[2017-03-07T00:37:12,716][INFO ][o.e.h.HttpServer         ] [e1S9kLk] publish_address {127.0.0.1:9200}, bound_addresses {127.0.0.1:9200}
[2017-03-07T00:37:12,716][INFO ][o.e.n.Node               ] [e1S9kLk] started
[2017-03-07T00:37:13,540][INFO ][o.e.g.GatewayService     ] [e1S9kLk] recovered [5] indices into cluster_state
[2017-03-07T00:37:20,054][INFO ][o.e.c.r.a.AllocationService] [e1S9kLk] Cluster health status changed from [RED] to [YELLOW] (reason: [shards started [[spark][0]] ...]).
[2017-03-07T00:38:12,620][INFO ][o.e.n.Node               ] [e1S9kLk] stopping ...
[2017-03-07T00:38:13,589][INFO ][o.e.n.Node               ] [e1S9kLk] stopped
[2017-03-07T00:38:13,590][INFO ][o.e.n.Node               ] [e1S9kLk] closing ...
[2017-03-07T00:38:13,629][INFO ][o.e.n.Node               ] [e1S9kLk] closed
[2017-03-07T00:42:28,302][INFO ][o.e.n.Node               ] [] initializing ...
[2017-03-07T00:42:28,509][INFO ][o.e.e.NodeEnvironment    ] [e1S9kLk] using [1] data paths, mounts [[/ (/dev/sda5)]], net usable_space [186.2gb], net total_space [232.4gb], spins? [possibly], types [ext4]
[2017-03-07T00:42:28,509][INFO ][o.e.e.NodeEnvironment    ] [e1S9kLk] heap size [1.9gb], compressed ordinary object pointers [true]
[2017-03-07T00:42:28,552][INFO ][o.e.n.Node               ] node name [e1S9kLk] derived from node ID [e1S9kLkiRTe8EA6bNImzaw]; set [node.name] to override
[2017-03-07T00:42:28,554][INFO ][o.e.n.Node               ] version[5.1.1], pid[5316], build[5395e21/2016-12-06T12:36:15.409Z], OS[Linux/4.4.0-64-generic/amd64], JVM[Oracle Corporation/Java HotSpot(TM) 64-Bit Server VM/1.8.0_111/25.111-b14]
[2017-03-07T00:42:29,389][INFO ][o.e.p.PluginsService     ] [e1S9kLk] loaded module [aggs-matrix-stats]
[2017-03-07T00:42:29,389][INFO ][o.e.p.PluginsService     ] [e1S9kLk] loaded module [ingest-common]
[2017-03-07T00:42:29,390][INFO ][o.e.p.PluginsService     ] [e1S9kLk] loaded module [lang-expression]
[2017-03-07T00:42:29,390][INFO ][o.e.p.PluginsService     ] [e1S9kLk] loaded module [lang-groovy]
[2017-03-07T00:42:29,390][INFO ][o.e.p.PluginsService     ] [e1S9kLk] loaded module [lang-mustache]
[2017-03-07T00:42:29,390][INFO ][o.e.p.PluginsService     ] [e1S9kLk] loaded module [lang-painless]
[2017-03-07T00:42:29,390][INFO ][o.e.p.PluginsService     ] [e1S9kLk] loaded module [percolator]
[2017-03-07T00:42:29,391][INFO ][o.e.p.PluginsService     ] [e1S9kLk] loaded module [reindex]
[2017-03-07T00:42:29,391][INFO ][o.e.p.PluginsService     ] [e1S9kLk] loaded module [transport-netty3]
[2017-03-07T00:42:29,391][INFO ][o.e.p.PluginsService     ] [e1S9kLk] loaded module [transport-netty4]
[2017-03-07T00:42:29,392][INFO ][o.e.p.PluginsService     ] [e1S9kLk] no plugins loaded
[2017-03-07T00:42:31,273][INFO ][o.e.n.Node               ] initialized
[2017-03-07T00:42:31,273][INFO ][o.e.n.Node               ] [e1S9kLk] starting ...
[2017-03-07T00:42:31,510][INFO ][o.e.t.TransportService   ] [e1S9kLk] publish_address {127.0.0.1:9300}, bound_addresses {127.0.0.1:9300}
[2017-03-07T00:42:34,588][INFO ][o.e.c.s.ClusterService   ] [e1S9kLk] new_master {e1S9kLk}{e1S9kLkiRTe8EA6bNImzaw}{wV-tjk7bSbSWuUjoLrR7DA}{127.0.0.1}{127.0.0.1:9300}, reason: zen-disco-elected-as-master ([0] nodes joined)
[2017-03-07T00:42:34,612][INFO ][o.e.h.HttpServer         ] [e1S9kLk] publish_address {127.0.0.1:9200}, bound_addresses {127.0.0.1:9200}
[2017-03-07T00:42:34,613][INFO ][o.e.n.Node               ] [e1S9kLk] started
[2017-03-07T00:42:35,428][INFO ][o.e.g.GatewayService     ] [e1S9kLk] recovered [5] indices into cluster_state
[2017-03-07T00:42:40,999][INFO ][o.e.c.r.a.AllocationService] [e1S9kLk] Cluster health status changed from [RED] to [YELLOW] (reason: [shards started [[spark][2], [spark][3], [spark][0]] ...]).
[2017-03-07T00:45:15,290][INFO ][o.e.n.Node               ] [e1S9kLk] stopping ...
[2017-03-07T00:45:16,326][INFO ][o.e.n.Node               ] [e1S9kLk] stopped
[2017-03-07T00:45:16,327][INFO ][o.e.n.Node               ] [e1S9kLk] closing ...
[2017-03-07T00:45:16,334][INFO ][o.e.n.Node               ] [e1S9kLk] closed
[2017-03-07T01:56:57,754][INFO ][o.e.n.Node               ] [] initializing ...
[2017-03-07T01:56:57,894][INFO ][o.e.e.NodeEnvironment    ] [e1S9kLk] using [1] data paths, mounts [[/ (/dev/sda5)]], net usable_space [185.7gb], net total_space [232.4gb], spins? [possibly], types [ext4]
[2017-03-07T01:56:57,895][INFO ][o.e.e.NodeEnvironment    ] [e1S9kLk] heap size [1.9gb], compressed ordinary object pointers [true]
[2017-03-07T01:56:57,984][INFO ][o.e.n.Node               ] node name [e1S9kLk] derived from node ID [e1S9kLkiRTe8EA6bNImzaw]; set [node.name] to override
[2017-03-07T01:56:57,987][INFO ][o.e.n.Node               ] version[5.1.1], pid[7572], build[5395e21/2016-12-06T12:36:15.409Z], OS[Linux/4.4.0-64-generic/amd64], JVM[Oracle Corporation/Java HotSpot(TM) 64-Bit Server VM/1.8.0_111/25.111-b14]
[2017-03-07T01:56:58,773][INFO ][o.e.p.PluginsService     ] [e1S9kLk] loaded module [aggs-matrix-stats]
[2017-03-07T01:56:58,773][INFO ][o.e.p.PluginsService     ] [e1S9kLk] loaded module [ingest-common]
[2017-03-07T01:56:58,774][INFO ][o.e.p.PluginsService     ] [e1S9kLk] loaded module [lang-expression]
[2017-03-07T01:56:58,774][INFO ][o.e.p.PluginsService     ] [e1S9kLk] loaded module [lang-groovy]
[2017-03-07T01:56:58,774][INFO ][o.e.p.PluginsService     ] [e1S9kLk] loaded module [lang-mustache]
[2017-03-07T01:56:58,774][INFO ][o.e.p.PluginsService     ] [e1S9kLk] loaded module [lang-painless]
[2017-03-07T01:56:58,774][INFO ][o.e.p.PluginsService     ] [e1S9kLk] loaded module [percolator]
[2017-03-07T01:56:58,774][INFO ][o.e.p.PluginsService     ] [e1S9kLk] loaded module [reindex]
[2017-03-07T01:56:58,774][INFO ][o.e.p.PluginsService     ] [e1S9kLk] loaded module [transport-netty3]
[2017-03-07T01:56:58,774][INFO ][o.e.p.PluginsService     ] [e1S9kLk] loaded module [transport-netty4]
[2017-03-07T01:56:58,775][INFO ][o.e.p.PluginsService     ] [e1S9kLk] no plugins loaded
[2017-03-07T01:57:01,257][INFO ][o.e.n.Node               ] initialized
[2017-03-07T01:57:01,257][INFO ][o.e.n.Node               ] [e1S9kLk] starting ...
[2017-03-07T01:57:01,459][INFO ][o.e.t.TransportService   ] [e1S9kLk] publish_address {127.0.0.1:9300}, bound_addresses {127.0.0.1:9300}
[2017-03-07T01:57:04,568][INFO ][o.e.c.s.ClusterService   ] [e1S9kLk] new_master {e1S9kLk}{e1S9kLkiRTe8EA6bNImzaw}{8DF9PDiHSvqnBcarV9CzkQ}{127.0.0.1}{127.0.0.1:9300}, reason: zen-disco-elected-as-master ([0] nodes joined)
[2017-03-07T01:57:04,714][INFO ][o.e.h.HttpServer         ] [e1S9kLk] publish_address {127.0.0.1:9200}, bound_addresses {127.0.0.1:9200}
[2017-03-07T01:57:04,715][INFO ][o.e.n.Node               ] [e1S9kLk] started
[2017-03-07T01:57:06,577][INFO ][o.e.g.GatewayService     ] [e1S9kLk] recovered [5] indices into cluster_state
[2017-03-07T01:57:16,555][INFO ][o.e.c.r.a.AllocationService] [e1S9kLk] Cluster health status changed from [RED] to [YELLOW] (reason: [shards started [[spark][4], [spark][2]] ...]).
[2017-03-07T02:00:12,903][INFO ][o.e.n.Node               ] [e1S9kLk] stopping ...
[2017-03-07T02:00:13,534][WARN ][o.e.t.TransportService   ] [e1S9kLk] Transport response handler not found of id [917]
[2017-03-07T02:00:13,502][ERROR][i.n.u.c.D.rejectedExecution] Failed to submit a listener notification task. Event loop shut down?
java.util.concurrent.RejectedExecutionException: event executor terminated
	at io.netty.util.concurrent.SingleThreadEventExecutor.reject(SingleThreadEventExecutor.java:836) ~[netty-common-4.1.6.Final.jar:4.1.6.Final]
	at io.netty.util.concurrent.SingleThreadEventExecutor.offerTask(SingleThreadEventExecutor.java:342) ~[netty-common-4.1.6.Final.jar:4.1.6.Final]
	at io.netty.util.concurrent.SingleThreadEventExecutor.addTask(SingleThreadEventExecutor.java:335) ~[netty-common-4.1.6.Final.jar:4.1.6.Final]
	at io.netty.util.concurrent.SingleThreadEventExecutor.execute(SingleThreadEventExecutor.java:761) ~[netty-common-4.1.6.Final.jar:4.1.6.Final]
	at io.netty.util.concurrent.DefaultPromise.safeExecute(DefaultPromise.java:767) [netty-common-4.1.6.Final.jar:4.1.6.Final]
	at io.netty.util.concurrent.DefaultPromise.notifyListeners(DefaultPromise.java:435) [netty-common-4.1.6.Final.jar:4.1.6.Final]
	at io.netty.util.concurrent.DefaultPromise.setFailure(DefaultPromise.java:120) [netty-common-4.1.6.Final.jar:4.1.6.Final]
	at io.netty.channel.DefaultChannelPromise.setFailure(DefaultChannelPromise.java:87) [netty-transport-4.1.6.Final.jar:4.1.6.Final]
	at io.netty.channel.AbstractChannelHandlerContext.safeExecute(AbstractChannelHandlerContext.java:1021) [netty-transport-4.1.6.Final.jar:4.1.6.Final]
	at io.netty.channel.AbstractChannelHandlerContext.write(AbstractChannelHandlerContext.java:836) [netty-transport-4.1.6.Final.jar:4.1.6.Final]
	at io.netty.channel.AbstractChannelHandlerContext.writeAndFlush(AbstractChannelHandlerContext.java:805) [netty-transport-4.1.6.Final.jar:4.1.6.Final]
	at io.netty.channel.AbstractChannelHandlerContext.writeAndFlush(AbstractChannelHandlerContext.java:842) [netty-transport-4.1.6.Final.jar:4.1.6.Final]
	at io.netty.channel.DefaultChannelPipeline.writeAndFlush(DefaultChannelPipeline.java:1032) [netty-transport-4.1.6.Final.jar:4.1.6.Final]
	at io.netty.channel.AbstractChannel.writeAndFlush(AbstractChannel.java:296) [netty-transport-4.1.6.Final.jar:4.1.6.Final]
	at org.elasticsearch.http.netty4.Netty4HttpChannel.sendResponse(Netty4HttpChannel.java:138) [transport-netty4-5.1.1.jar:5.1.1]
	at org.elasticsearch.http.HttpServer$ResourceHandlingHttpChannel.sendResponse(HttpServer.java:181) [elasticsearch-5.1.1.jar:5.1.1]
	at org.elasticsearch.rest.action.RestResponseListener.processResponse(RestResponseListener.java:37) [elasticsearch-5.1.1.jar:5.1.1]
	at org.elasticsearch.rest.action.RestActionListener.onResponse(RestActionListener.java:47) [elasticsearch-5.1.1.jar:5.1.1]
	at org.elasticsearch.action.support.TransportAction$1.onResponse(TransportAction.java:91) [elasticsearch-5.1.1.jar:5.1.1]
	at org.elasticsearch.action.support.TransportAction$1.onResponse(TransportAction.java:87) [elasticsearch-5.1.1.jar:5.1.1]
	at org.elasticsearch.action.support.TransportAction$ResponseFilterChain.proceed(TransportAction.java:215) [elasticsearch-5.1.1.jar:5.1.1]
	at org.elasticsearch.action.ingest.IngestActionFilter.apply(IngestActionFilter.java:89) [elasticsearch-5.1.1.jar:5.1.1]
	at org.elasticsearch.action.support.TransportAction$ResponseFilterChain.proceed(TransportAction.java:213) [elasticsearch-5.1.1.jar:5.1.1]
	at org.elasticsearch.action.support.TransportAction$FilteredActionListener.onResponse(TransportAction.java:240) [elasticsearch-5.1.1.jar:5.1.1]
	at org.elasticsearch.action.support.TransportAction$FilteredActionListener.onResponse(TransportAction.java:226) [elasticsearch-5.1.1.jar:5.1.1]
	at org.elasticsearch.action.bulk.TransportBulkAction$2.finishHim(TransportBulkAction.java:387) [elasticsearch-5.1.1.jar:5.1.1]
	at org.elasticsearch.action.bulk.TransportBulkAction$2.onFailure(TransportBulkAction.java:382) [elasticsearch-5.1.1.jar:5.1.1]
	at org.elasticsearch.action.support.TransportAction$1.onFailure(TransportAction.java:97) [elasticsearch-5.1.1.jar:5.1.1]
	at org.elasticsearch.action.support.TransportAction$FilteredActionListener.onFailure(TransportAction.java:245) [elasticsearch-5.1.1.jar:5.1.1]
	at org.elasticsearch.action.support.replication.TransportReplicationAction$ReroutePhase.finishAsFailed(TransportReplicationAction.java:794) [elasticsearch-5.1.1.jar:5.1.1]
	at org.elasticsearch.action.support.replication.TransportReplicationAction$ReroutePhase$1.handleException(TransportReplicationAction.java:747) [elasticsearch-5.1.1.jar:5.1.1]
	at org.elasticsearch.transport.TransportService$ContextRestoreResponseHandler.handleException(TransportService.java:984) [elasticsearch-5.1.1.jar:5.1.1]
	at org.elasticsearch.transport.TransportService$3.doRun(TransportService.java:236) [elasticsearch-5.1.1.jar:5.1.1]
	at org.elasticsearch.common.util.concurrent.ThreadContext$ContextPreservingAbstractRunnable.doRun(ThreadContext.java:527) [elasticsearch-5.1.1.jar:5.1.1]
	at org.elasticsearch.common.util.concurrent.AbstractRunnable.run(AbstractRunnable.java:37) [elasticsearch-5.1.1.jar:5.1.1]
	at java.util.concurrent.ThreadPoolExecutor.runWorker(ThreadPoolExecutor.java:1142) [?:1.8.0_111]
	at java.util.concurrent.ThreadPoolExecutor$Worker.run(ThreadPoolExecutor.java:617) [?:1.8.0_111]
	at java.lang.Thread.run(Thread.java:745) [?:1.8.0_111]
[2017-03-07T02:00:15,256][INFO ][o.e.n.Node               ] [e1S9kLk] stopped
[2017-03-07T02:00:15,256][INFO ][o.e.n.Node               ] [e1S9kLk] closing ...
[2017-03-07T02:00:15,277][INFO ][o.e.n.Node               ] [e1S9kLk] closed
[2017-03-07T02:02:37,726][INFO ][o.e.n.Node               ] [] initializing ...
[2017-03-07T02:02:38,196][INFO ][o.e.e.NodeEnvironment    ] [e1S9kLk] using [1] data paths, mounts [[/ (/dev/sda5)]], net usable_space [185.7gb], net total_space [232.4gb], spins? [possibly], types [ext4]
[2017-03-07T02:02:38,197][INFO ][o.e.e.NodeEnvironment    ] [e1S9kLk] heap size [1.9gb], compressed ordinary object pointers [true]
[2017-03-07T02:02:38,431][INFO ][o.e.n.Node               ] node name [e1S9kLk] derived from node ID [e1S9kLkiRTe8EA6bNImzaw]; set [node.name] to override
[2017-03-07T02:02:38,432][INFO ][o.e.n.Node               ] version[5.1.1], pid[8026], build[5395e21/2016-12-06T12:36:15.409Z], OS[Linux/4.4.0-64-generic/amd64], JVM[Oracle Corporation/Java HotSpot(TM) 64-Bit Server VM/1.8.0_111/25.111-b14]
[2017-03-07T02:02:40,857][INFO ][o.e.p.PluginsService     ] [e1S9kLk] loaded module [aggs-matrix-stats]
[2017-03-07T02:02:40,857][INFO ][o.e.p.PluginsService     ] [e1S9kLk] loaded module [ingest-common]
[2017-03-07T02:02:40,858][INFO ][o.e.p.PluginsService     ] [e1S9kLk] loaded module [lang-expression]
[2017-03-07T02:02:40,858][INFO ][o.e.p.PluginsService     ] [e1S9kLk] loaded module [lang-groovy]
[2017-03-07T02:02:40,858][INFO ][o.e.p.PluginsService     ] [e1S9kLk] loaded module [lang-mustache]
[2017-03-07T02:02:40,859][INFO ][o.e.p.PluginsService     ] [e1S9kLk] loaded module [lang-painless]
[2017-03-07T02:02:40,859][INFO ][o.e.p.PluginsService     ] [e1S9kLk] loaded module [percolator]
[2017-03-07T02:02:40,859][INFO ][o.e.p.PluginsService     ] [e1S9kLk] loaded module [reindex]
[2017-03-07T02:02:40,859][INFO ][o.e.p.PluginsService     ] [e1S9kLk] loaded module [transport-netty3]
[2017-03-07T02:02:40,859][INFO ][o.e.p.PluginsService     ] [e1S9kLk] loaded module [transport-netty4]
[2017-03-07T02:02:40,860][INFO ][o.e.p.PluginsService     ] [e1S9kLk] no plugins loaded
[2017-03-07T02:02:47,884][INFO ][o.e.n.Node               ] initialized
[2017-03-07T02:02:47,885][INFO ][o.e.n.Node               ] [e1S9kLk] starting ...
[2017-03-07T02:02:48,406][INFO ][o.e.t.TransportService   ] [e1S9kLk] publish_address {127.0.0.1:9300}, bound_addresses {127.0.0.1:9300}
[2017-03-07T02:02:51,605][INFO ][o.e.c.s.ClusterService   ] [e1S9kLk] new_master {e1S9kLk}{e1S9kLkiRTe8EA6bNImzaw}{lTOWqvHyT5iIjmOhvE2p_w}{127.0.0.1}{127.0.0.1:9300}, reason: zen-disco-elected-as-master ([0] nodes joined)
[2017-03-07T02:02:51,700][INFO ][o.e.h.HttpServer         ] [e1S9kLk] publish_address {127.0.0.1:9200}, bound_addresses {127.0.0.1:9200}
[2017-03-07T02:02:51,700][INFO ][o.e.n.Node               ] [e1S9kLk] started
[2017-03-07T02:02:52,522][INFO ][o.e.g.GatewayService     ] [e1S9kLk] recovered [5] indices into cluster_state
[2017-03-07T02:02:59,065][INFO ][o.e.c.r.a.AllocationService] [e1S9kLk] Cluster health status changed from [RED] to [YELLOW] (reason: [shards started [[spark][2], [spark][1], [spark][0]] ...]).
[2017-03-07T02:06:48,188][INFO ][o.e.n.Node               ] [e1S9kLk] stopping ...
[2017-03-07T02:06:49,446][INFO ][o.e.n.Node               ] [e1S9kLk] stopped
[2017-03-07T02:06:49,448][INFO ][o.e.n.Node               ] [e1S9kLk] closing ...
[2017-03-07T02:06:49,460][INFO ][o.e.n.Node               ] [e1S9kLk] closed
[2017-03-07T02:09:00,255][INFO ][o.e.n.Node               ] [] initializing ...
[2017-03-07T02:09:00,526][INFO ][o.e.e.NodeEnvironment    ] [e1S9kLk] using [1] data paths, mounts [[/ (/dev/sda5)]], net usable_space [185.7gb], net total_space [232.4gb], spins? [possibly], types [ext4]
[2017-03-07T02:09:00,526][INFO ][o.e.e.NodeEnvironment    ] [e1S9kLk] heap size [1.9gb], compressed ordinary object pointers [true]
[2017-03-07T02:09:00,843][INFO ][o.e.n.Node               ] node name [e1S9kLk] derived from node ID [e1S9kLkiRTe8EA6bNImzaw]; set [node.name] to override
[2017-03-07T02:09:00,863][INFO ][o.e.n.Node               ] version[5.1.1], pid[8567], build[5395e21/2016-12-06T12:36:15.409Z], OS[Linux/4.4.0-64-generic/amd64], JVM[Oracle Corporation/Java HotSpot(TM) 64-Bit Server VM/1.8.0_111/25.111-b14]
[2017-03-07T02:09:05,099][INFO ][o.e.p.PluginsService     ] [e1S9kLk] loaded module [aggs-matrix-stats]
[2017-03-07T02:09:05,099][INFO ][o.e.p.PluginsService     ] [e1S9kLk] loaded module [ingest-common]
[2017-03-07T02:09:05,099][INFO ][o.e.p.PluginsService     ] [e1S9kLk] loaded module [lang-expression]
[2017-03-07T02:09:05,099][INFO ][o.e.p.PluginsService     ] [e1S9kLk] loaded module [lang-groovy]
[2017-03-07T02:09:05,099][INFO ][o.e.p.PluginsService     ] [e1S9kLk] loaded module [lang-mustache]
[2017-03-07T02:09:05,100][INFO ][o.e.p.PluginsService     ] [e1S9kLk] loaded module [lang-painless]
[2017-03-07T02:09:05,100][INFO ][o.e.p.PluginsService     ] [e1S9kLk] loaded module [percolator]
[2017-03-07T02:09:05,100][INFO ][o.e.p.PluginsService     ] [e1S9kLk] loaded module [reindex]
[2017-03-07T02:09:05,100][INFO ][o.e.p.PluginsService     ] [e1S9kLk] loaded module [transport-netty3]
[2017-03-07T02:09:05,100][INFO ][o.e.p.PluginsService     ] [e1S9kLk] loaded module [transport-netty4]
[2017-03-07T02:09:05,101][INFO ][o.e.p.PluginsService     ] [e1S9kLk] no plugins loaded
[2017-03-07T02:09:13,405][INFO ][o.e.n.Node               ] initialized
[2017-03-07T02:09:13,405][INFO ][o.e.n.Node               ] [e1S9kLk] starting ...
[2017-03-07T02:09:13,531][INFO ][o.e.t.TransportService   ] [e1S9kLk] publish_address {127.0.0.1:9300}, bound_addresses {127.0.0.1:9300}
[2017-03-07T02:09:16,657][INFO ][o.e.c.s.ClusterService   ] [e1S9kLk] new_master {e1S9kLk}{e1S9kLkiRTe8EA6bNImzaw}{B4uXsOz4Rq-OU58WjN4fNw}{127.0.0.1}{127.0.0.1:9300}, reason: zen-disco-elected-as-master ([0] nodes joined)
[2017-03-07T02:09:16,841][INFO ][o.e.h.HttpServer         ] [e1S9kLk] publish_address {127.0.0.1:9200}, bound_addresses {127.0.0.1:9200}
[2017-03-07T02:09:16,842][INFO ][o.e.n.Node               ] [e1S9kLk] started
[2017-03-07T02:09:19,345][INFO ][o.e.g.GatewayService     ] [e1S9kLk] recovered [5] indices into cluster_state
[2017-03-07T02:09:29,490][INFO ][o.e.c.r.a.AllocationService] [e1S9kLk] Cluster health status changed from [RED] to [YELLOW] (reason: [shards started [[spark][4]] ...]).
[2017-03-07T02:13:19,137][INFO ][o.e.n.Node               ] [e1S9kLk] stopping ...
[2017-03-07T02:13:20,000][INFO ][o.e.n.Node               ] [e1S9kLk] stopped
[2017-03-07T02:13:20,000][INFO ][o.e.n.Node               ] [e1S9kLk] closing ...
[2017-03-07T02:13:20,017][INFO ][o.e.n.Node               ] [e1S9kLk] closed
[2017-03-07T10:28:19,430][INFO ][o.e.n.Node               ] [] initializing ...
[2017-03-07T10:28:23,395][INFO ][o.e.e.NodeEnvironment    ] [e1S9kLk] using [1] data paths, mounts [[/ (/dev/sda5)]], net usable_space [185.8gb], net total_space [232.4gb], spins? [possibly], types [ext4]
[2017-03-07T10:28:23,396][INFO ][o.e.e.NodeEnvironment    ] [e1S9kLk] heap size [1.9gb], compressed ordinary object pointers [true]
[2017-03-07T10:28:23,951][INFO ][o.e.n.Node               ] node name [e1S9kLk] derived from node ID [e1S9kLkiRTe8EA6bNImzaw]; set [node.name] to override
[2017-03-07T10:28:23,988][INFO ][o.e.n.Node               ] version[5.1.1], pid[3250], build[5395e21/2016-12-06T12:36:15.409Z], OS[Linux/4.4.0-64-generic/amd64], JVM[Oracle Corporation/Java HotSpot(TM) 64-Bit Server VM/1.8.0_111/25.111-b14]
[2017-03-07T10:28:32,688][INFO ][o.e.p.PluginsService     ] [e1S9kLk] loaded module [aggs-matrix-stats]
[2017-03-07T10:28:32,688][INFO ][o.e.p.PluginsService     ] [e1S9kLk] loaded module [ingest-common]
[2017-03-07T10:28:32,689][INFO ][o.e.p.PluginsService     ] [e1S9kLk] loaded module [lang-expression]
[2017-03-07T10:28:32,689][INFO ][o.e.p.PluginsService     ] [e1S9kLk] loaded module [lang-groovy]
[2017-03-07T10:28:32,689][INFO ][o.e.p.PluginsService     ] [e1S9kLk] loaded module [lang-mustache]
[2017-03-07T10:28:32,689][INFO ][o.e.p.PluginsService     ] [e1S9kLk] loaded module [lang-painless]
[2017-03-07T10:28:32,689][INFO ][o.e.p.PluginsService     ] [e1S9kLk] loaded module [percolator]
[2017-03-07T10:28:32,689][INFO ][o.e.p.PluginsService     ] [e1S9kLk] loaded module [reindex]
[2017-03-07T10:28:32,689][INFO ][o.e.p.PluginsService     ] [e1S9kLk] loaded module [transport-netty3]
[2017-03-07T10:28:32,689][INFO ][o.e.p.PluginsService     ] [e1S9kLk] loaded module [transport-netty4]
[2017-03-07T10:28:32,690][INFO ][o.e.p.PluginsService     ] [e1S9kLk] no plugins loaded
[2017-03-07T10:28:42,756][INFO ][o.e.n.Node               ] initialized
[2017-03-07T10:28:42,757][INFO ][o.e.n.Node               ] [e1S9kLk] starting ...
[2017-03-07T10:28:43,741][INFO ][o.e.t.TransportService   ] [e1S9kLk] publish_address {127.0.0.1:9300}, bound_addresses {[::1]:9300}, {127.0.0.1:9300}
[2017-03-07T10:28:47,069][INFO ][o.e.c.s.ClusterService   ] [e1S9kLk] new_master {e1S9kLk}{e1S9kLkiRTe8EA6bNImzaw}{gHsXvNaKQdCG8wIMMRy_yA}{127.0.0.1}{127.0.0.1:9300}, reason: zen-disco-elected-as-master ([0] nodes joined)
[2017-03-07T10:28:47,117][INFO ][o.e.h.HttpServer         ] [e1S9kLk] publish_address {127.0.0.1:9200}, bound_addresses {[::1]:9200}, {127.0.0.1:9200}
[2017-03-07T10:28:47,117][INFO ][o.e.n.Node               ] [e1S9kLk] started
[2017-03-07T10:28:50,116][INFO ][o.e.g.GatewayService     ] [e1S9kLk] recovered [5] indices into cluster_state
[2017-03-07T10:28:59,785][INFO ][o.e.c.r.a.AllocationService] [e1S9kLk] Cluster health status changed from [RED] to [YELLOW] (reason: [shards started [[spark][0]] ...]).
[2017-03-07T10:38:22,819][INFO ][o.e.n.Node               ] [e1S9kLk] stopping ...
[2017-03-07T10:38:22,860][INFO ][o.e.n.Node               ] [e1S9kLk] stopped
[2017-03-07T10:38:22,860][INFO ][o.e.n.Node               ] [e1S9kLk] closing ...
[2017-03-07T10:38:22,866][INFO ][o.e.n.Node               ] [e1S9kLk] closed
[2017-03-07T10:38:49,452][INFO ][o.e.n.Node               ] [] initializing ...
[2017-03-07T10:38:49,605][INFO ][o.e.e.NodeEnvironment    ] [e1S9kLk] using [1] data paths, mounts [[/ (/dev/sda5)]], net usable_space [185.8gb], net total_space [232.4gb], spins? [possibly], types [ext4]
[2017-03-07T10:38:49,605][INFO ][o.e.e.NodeEnvironment    ] [e1S9kLk] heap size [1.9gb], compressed ordinary object pointers [true]
[2017-03-07T10:38:49,632][INFO ][o.e.n.Node               ] node name [e1S9kLk] derived from node ID [e1S9kLkiRTe8EA6bNImzaw]; set [node.name] to override
[2017-03-07T10:38:49,634][INFO ][o.e.n.Node               ] version[5.1.1], pid[4583], build[5395e21/2016-12-06T12:36:15.409Z], OS[Linux/4.4.0-64-generic/amd64], JVM[Oracle Corporation/Java HotSpot(TM) 64-Bit Server VM/1.8.0_111/25.111-b14]
[2017-03-07T10:38:50,444][INFO ][o.e.p.PluginsService     ] [e1S9kLk] loaded module [aggs-matrix-stats]
[2017-03-07T10:38:50,444][INFO ][o.e.p.PluginsService     ] [e1S9kLk] loaded module [ingest-common]
[2017-03-07T10:38:50,444][INFO ][o.e.p.PluginsService     ] [e1S9kLk] loaded module [lang-expression]
[2017-03-07T10:38:50,444][INFO ][o.e.p.PluginsService     ] [e1S9kLk] loaded module [lang-groovy]
[2017-03-07T10:38:50,444][INFO ][o.e.p.PluginsService     ] [e1S9kLk] loaded module [lang-mustache]
[2017-03-07T10:38:50,445][INFO ][o.e.p.PluginsService     ] [e1S9kLk] loaded module [lang-painless]
[2017-03-07T10:38:50,445][INFO ][o.e.p.PluginsService     ] [e1S9kLk] loaded module [percolator]
[2017-03-07T10:38:50,445][INFO ][o.e.p.PluginsService     ] [e1S9kLk] loaded module [reindex]
[2017-03-07T10:38:50,445][INFO ][o.e.p.PluginsService     ] [e1S9kLk] loaded module [transport-netty3]
[2017-03-07T10:38:50,445][INFO ][o.e.p.PluginsService     ] [e1S9kLk] loaded module [transport-netty4]
[2017-03-07T10:38:50,446][INFO ][o.e.p.PluginsService     ] [e1S9kLk] no plugins loaded
[2017-03-07T10:38:52,520][INFO ][o.e.n.Node               ] initialized
[2017-03-07T10:38:52,521][INFO ][o.e.n.Node               ] [e1S9kLk] starting ...
[2017-03-07T10:38:52,717][INFO ][o.e.t.TransportService   ] [e1S9kLk] publish_address {127.0.0.1:9300}, bound_addresses {[::1]:9300}, {127.0.0.1:9300}
[2017-03-07T10:38:55,869][INFO ][o.e.c.s.ClusterService   ] [e1S9kLk] new_master {e1S9kLk}{e1S9kLkiRTe8EA6bNImzaw}{JeO-WlNzRm2eHPPGz0cIiA}{127.0.0.1}{127.0.0.1:9300}, reason: zen-disco-elected-as-master ([0] nodes joined)
[2017-03-07T10:38:55,907][INFO ][o.e.h.HttpServer         ] [e1S9kLk] publish_address {127.0.0.1:9200}, bound_addresses {[::1]:9200}, {127.0.0.1:9200}
[2017-03-07T10:38:55,907][INFO ][o.e.n.Node               ] [e1S9kLk] started
[2017-03-07T10:38:56,578][INFO ][o.e.g.GatewayService     ] [e1S9kLk] recovered [5] indices into cluster_state
[2017-03-07T10:39:03,518][INFO ][o.e.c.r.a.AllocationService] [e1S9kLk] Cluster health status changed from [RED] to [YELLOW] (reason: [shards started [[spark][1], [spark][3]] ...]).
[2017-03-07T10:42:43,878][INFO ][o.e.c.m.MetaDataCreateIndexService] [e1S9kLk] [tweets] creating index, cause [api], templates [], shards [5]/[1], mappings [tweetStatus]
[2017-03-07T10:43:16,715][INFO ][o.e.n.Node               ] [e1S9kLk] stopping ...
[2017-03-07T10:43:16,758][INFO ][o.e.n.Node               ] [e1S9kLk] stopped
[2017-03-07T10:43:16,759][INFO ][o.e.n.Node               ] [e1S9kLk] closing ...
[2017-03-07T10:43:16,766][INFO ][o.e.n.Node               ] [e1S9kLk] closed
[2017-03-07T10:43:18,831][INFO ][o.e.n.Node               ] [] initializing ...
[2017-03-07T10:43:19,196][INFO ][o.e.e.NodeEnvironment    ] [e1S9kLk] using [1] data paths, mounts [[/ (/dev/sda5)]], net usable_space [185.8gb], net total_space [232.4gb], spins? [possibly], types [ext4]
[2017-03-07T10:43:19,197][INFO ][o.e.e.NodeEnvironment    ] [e1S9kLk] heap size [1.9gb], compressed ordinary object pointers [true]
[2017-03-07T10:43:19,228][INFO ][o.e.n.Node               ] node name [e1S9kLk] derived from node ID [e1S9kLkiRTe8EA6bNImzaw]; set [node.name] to override
[2017-03-07T10:43:19,231][INFO ][o.e.n.Node               ] version[5.1.1], pid[5027], build[5395e21/2016-12-06T12:36:15.409Z], OS[Linux/4.4.0-64-generic/amd64], JVM[Oracle Corporation/Java HotSpot(TM) 64-Bit Server VM/1.8.0_111/25.111-b14]
[2017-03-07T10:43:20,027][INFO ][o.e.p.PluginsService     ] [e1S9kLk] loaded module [aggs-matrix-stats]
[2017-03-07T10:43:20,027][INFO ][o.e.p.PluginsService     ] [e1S9kLk] loaded module [ingest-common]
[2017-03-07T10:43:20,028][INFO ][o.e.p.PluginsService     ] [e1S9kLk] loaded module [lang-expression]
[2017-03-07T10:43:20,028][INFO ][o.e.p.PluginsService     ] [e1S9kLk] loaded module [lang-groovy]
[2017-03-07T10:43:20,028][INFO ][o.e.p.PluginsService     ] [e1S9kLk] loaded module [lang-mustache]
[2017-03-07T10:43:20,028][INFO ][o.e.p.PluginsService     ] [e1S9kLk] loaded module [lang-painless]
[2017-03-07T10:43:20,028][INFO ][o.e.p.PluginsService     ] [e1S9kLk] loaded module [percolator]
[2017-03-07T10:43:20,028][INFO ][o.e.p.PluginsService     ] [e1S9kLk] loaded module [reindex]
[2017-03-07T10:43:20,028][INFO ][o.e.p.PluginsService     ] [e1S9kLk] loaded module [transport-netty3]
[2017-03-07T10:43:20,029][INFO ][o.e.p.PluginsService     ] [e1S9kLk] loaded module [transport-netty4]
[2017-03-07T10:43:20,029][INFO ][o.e.p.PluginsService     ] [e1S9kLk] no plugins loaded
[2017-03-07T10:43:22,376][INFO ][o.e.n.Node               ] initialized
[2017-03-07T10:43:22,377][INFO ][o.e.n.Node               ] [e1S9kLk] starting ...
[2017-03-07T10:43:22,550][INFO ][o.e.t.TransportService   ] [e1S9kLk] publish_address {127.0.0.1:9300}, bound_addresses {[::1]:9300}, {127.0.0.1:9300}
[2017-03-07T10:43:25,660][INFO ][o.e.c.s.ClusterService   ] [e1S9kLk] new_master {e1S9kLk}{e1S9kLkiRTe8EA6bNImzaw}{p6BFJOjRTVOm7T_EscT3-Q}{127.0.0.1}{127.0.0.1:9300}, reason: zen-disco-elected-as-master ([0] nodes joined)
[2017-03-07T10:43:25,720][INFO ][o.e.h.HttpServer         ] [e1S9kLk] publish_address {127.0.0.1:9200}, bound_addresses {[::1]:9200}, {127.0.0.1:9200}
[2017-03-07T10:43:25,721][INFO ][o.e.n.Node               ] [e1S9kLk] started
[2017-03-07T10:43:26,470][INFO ][o.e.g.GatewayService     ] [e1S9kLk] recovered [5] indices into cluster_state
[2017-03-07T10:43:31,971][INFO ][o.e.c.r.a.AllocationService] [e1S9kLk] Cluster health status changed from [RED] to [YELLOW] (reason: [shards started [[spark][3], [spark][0]] ...]).
[2017-03-07T10:44:56,174][INFO ][o.e.n.Node               ] [e1S9kLk] stopping ...
[2017-03-07T10:44:56,240][INFO ][o.e.n.Node               ] [e1S9kLk] stopped
[2017-03-07T10:44:56,240][INFO ][o.e.n.Node               ] [e1S9kLk] closing ...
[2017-03-07T10:44:56,260][INFO ][o.e.n.Node               ] [e1S9kLk] closed
[2017-03-07T11:27:31,201][INFO ][o.e.n.Node               ] [] initializing ...
[2017-03-07T11:27:31,650][INFO ][o.e.e.NodeEnvironment    ] [e1S9kLk] using [1] data paths, mounts [[/ (/dev/sda5)]], net usable_space [185.8gb], net total_space [232.4gb], spins? [possibly], types [ext4]
[2017-03-07T11:27:31,651][INFO ][o.e.e.NodeEnvironment    ] [e1S9kLk] heap size [1.9gb], compressed ordinary object pointers [true]
[2017-03-07T11:27:32,013][INFO ][o.e.n.Node               ] node name [e1S9kLk] derived from node ID [e1S9kLkiRTe8EA6bNImzaw]; set [node.name] to override
[2017-03-07T11:27:32,031][INFO ][o.e.n.Node               ] version[5.1.1], pid[7354], build[5395e21/2016-12-06T12:36:15.409Z], OS[Linux/4.4.0-64-generic/amd64], JVM[Oracle Corporation/Java HotSpot(TM) 64-Bit Server VM/1.8.0_111/25.111-b14]
[2017-03-07T11:27:33,268][INFO ][o.e.p.PluginsService     ] [e1S9kLk] loaded module [aggs-matrix-stats]
[2017-03-07T11:27:33,268][INFO ][o.e.p.PluginsService     ] [e1S9kLk] loaded module [ingest-common]
[2017-03-07T11:27:33,268][INFO ][o.e.p.PluginsService     ] [e1S9kLk] loaded module [lang-expression]
[2017-03-07T11:27:33,268][INFO ][o.e.p.PluginsService     ] [e1S9kLk] loaded module [lang-groovy]
[2017-03-07T11:27:33,268][INFO ][o.e.p.PluginsService     ] [e1S9kLk] loaded module [lang-mustache]
[2017-03-07T11:27:33,269][INFO ][o.e.p.PluginsService     ] [e1S9kLk] loaded module [lang-painless]
[2017-03-07T11:27:33,269][INFO ][o.e.p.PluginsService     ] [e1S9kLk] loaded module [percolator]
[2017-03-07T11:27:33,269][INFO ][o.e.p.PluginsService     ] [e1S9kLk] loaded module [reindex]
[2017-03-07T11:27:33,269][INFO ][o.e.p.PluginsService     ] [e1S9kLk] loaded module [transport-netty3]
[2017-03-07T11:27:33,269][INFO ][o.e.p.PluginsService     ] [e1S9kLk] loaded module [transport-netty4]
[2017-03-07T11:27:33,270][INFO ][o.e.p.PluginsService     ] [e1S9kLk] no plugins loaded
[2017-03-07T11:27:35,571][INFO ][o.e.n.Node               ] initialized
[2017-03-07T11:27:35,571][INFO ][o.e.n.Node               ] [e1S9kLk] starting ...
[2017-03-07T11:27:35,786][INFO ][o.e.t.TransportService   ] [e1S9kLk] publish_address {127.0.0.1:9300}, bound_addresses {[::1]:9300}, {127.0.0.1:9300}
[2017-03-07T11:27:38,879][INFO ][o.e.c.s.ClusterService   ] [e1S9kLk] new_master {e1S9kLk}{e1S9kLkiRTe8EA6bNImzaw}{Ac5-c16ET2Oa1GgkJUCasA}{127.0.0.1}{127.0.0.1:9300}, reason: zen-disco-elected-as-master ([0] nodes joined)
[2017-03-07T11:27:39,023][INFO ][o.e.h.HttpServer         ] [e1S9kLk] publish_address {127.0.0.1:9200}, bound_addresses {[::1]:9200}, {127.0.0.1:9200}
[2017-03-07T11:27:39,023][INFO ][o.e.n.Node               ] [e1S9kLk] started
[2017-03-07T11:27:40,082][INFO ][o.e.g.GatewayService     ] [e1S9kLk] recovered [5] indices into cluster_state
[2017-03-07T11:27:47,412][INFO ][o.e.c.r.a.AllocationService] [e1S9kLk] Cluster health status changed from [RED] to [YELLOW] (reason: [shards started [[spark][3]] ...]).
[2017-03-07T11:29:33,331][INFO ][o.e.c.m.MetaDataMappingService] [e1S9kLk] [tweets/5-b-QkA4TZWRBP3DgU7YfA] create_mapping [tweet]
[2017-03-07T11:29:35,523][INFO ][o.e.c.m.MetaDataMappingService] [e1S9kLk] [tweets/5-b-QkA4TZWRBP3DgU7YfA] update_mapping [tweet]
[2017-03-07T11:29:35,716][INFO ][o.e.c.m.MetaDataMappingService] [e1S9kLk] [tweets/5-b-QkA4TZWRBP3DgU7YfA] update_mapping [tweet]
[2017-03-07T11:29:37,048][INFO ][o.e.c.m.MetaDataMappingService] [e1S9kLk] [tweets/5-b-QkA4TZWRBP3DgU7YfA] update_mapping [tweet]
[2017-03-07T11:29:41,129][INFO ][o.e.c.m.MetaDataMappingService] [e1S9kLk] [tweets/5-b-QkA4TZWRBP3DgU7YfA] update_mapping [tweet]
[2017-03-07T11:55:59,617][INFO ][o.e.n.Node               ] [e1S9kLk] stopping ...
[2017-03-07T11:56:00,820][INFO ][o.e.n.Node               ] [e1S9kLk] stopped
[2017-03-07T11:56:00,821][INFO ][o.e.n.Node               ] [e1S9kLk] closing ...
[2017-03-07T11:56:00,862][INFO ][o.e.n.Node               ] [e1S9kLk] closed
[2017-03-07T12:07:22,851][INFO ][o.e.n.Node               ] [] initializing ...
[2017-03-07T12:07:23,198][INFO ][o.e.e.NodeEnvironment    ] [e1S9kLk] using [1] data paths, mounts [[/ (/dev/sda5)]], net usable_space [185.8gb], net total_space [232.4gb], spins? [possibly], types [ext4]
[2017-03-07T12:07:23,199][INFO ][o.e.e.NodeEnvironment    ] [e1S9kLk] heap size [1.9gb], compressed ordinary object pointers [true]
[2017-03-07T12:07:23,482][INFO ][o.e.n.Node               ] node name [e1S9kLk] derived from node ID [e1S9kLkiRTe8EA6bNImzaw]; set [node.name] to override
[2017-03-07T12:07:23,483][INFO ][o.e.n.Node               ] version[5.1.1], pid[9726], build[5395e21/2016-12-06T12:36:15.409Z], OS[Linux/4.4.0-64-generic/amd64], JVM[Oracle Corporation/Java HotSpot(TM) 64-Bit Server VM/1.8.0_111/25.111-b14]
[2017-03-07T12:07:25,169][INFO ][o.e.p.PluginsService     ] [e1S9kLk] loaded module [aggs-matrix-stats]
[2017-03-07T12:07:25,170][INFO ][o.e.p.PluginsService     ] [e1S9kLk] loaded module [ingest-common]
[2017-03-07T12:07:25,170][INFO ][o.e.p.PluginsService     ] [e1S9kLk] loaded module [lang-expression]
[2017-03-07T12:07:25,170][INFO ][o.e.p.PluginsService     ] [e1S9kLk] loaded module [lang-groovy]
[2017-03-07T12:07:25,170][INFO ][o.e.p.PluginsService     ] [e1S9kLk] loaded module [lang-mustache]
[2017-03-07T12:07:25,170][INFO ][o.e.p.PluginsService     ] [e1S9kLk] loaded module [lang-painless]
[2017-03-07T12:07:25,170][INFO ][o.e.p.PluginsService     ] [e1S9kLk] loaded module [percolator]
[2017-03-07T12:07:25,171][INFO ][o.e.p.PluginsService     ] [e1S9kLk] loaded module [reindex]
[2017-03-07T12:07:25,171][INFO ][o.e.p.PluginsService     ] [e1S9kLk] loaded module [transport-netty3]
[2017-03-07T12:07:25,171][INFO ][o.e.p.PluginsService     ] [e1S9kLk] loaded module [transport-netty4]
[2017-03-07T12:07:25,172][INFO ][o.e.p.PluginsService     ] [e1S9kLk] no plugins loaded
[2017-03-07T12:07:28,753][INFO ][o.e.n.Node               ] initialized
[2017-03-07T12:07:28,754][INFO ][o.e.n.Node               ] [e1S9kLk] starting ...
[2017-03-07T12:07:28,974][INFO ][o.e.t.TransportService   ] [e1S9kLk] publish_address {127.0.0.1:9300}, bound_addresses {[::1]:9300}, {127.0.0.1:9300}
[2017-03-07T12:07:32,077][INFO ][o.e.c.s.ClusterService   ] [e1S9kLk] new_master {e1S9kLk}{e1S9kLkiRTe8EA6bNImzaw}{fOwiLdhER8WicgKMO4Gx0Q}{127.0.0.1}{127.0.0.1:9300}, reason: zen-disco-elected-as-master ([0] nodes joined)
[2017-03-07T12:07:32,140][INFO ][o.e.h.HttpServer         ] [e1S9kLk] publish_address {127.0.0.1:9200}, bound_addresses {[::1]:9200}, {127.0.0.1:9200}
[2017-03-07T12:07:32,140][INFO ][o.e.n.Node               ] [e1S9kLk] started
[2017-03-07T12:07:33,096][INFO ][o.e.g.GatewayService     ] [e1S9kLk] recovered [5] indices into cluster_state
[2017-03-07T12:07:39,589][INFO ][o.e.c.r.a.AllocationService] [e1S9kLk] Cluster health status changed from [RED] to [YELLOW] (reason: [shards started [[spark][0]] ...]).
[2017-03-07T12:08:05,036][INFO ][o.e.c.m.MetaDataMappingService] [e1S9kLk] [tweets/5-b-QkA4TZWRBP3DgU7YfA] update_mapping [tweet]
[2017-03-07T12:45:49,464][INFO ][o.e.c.m.MetaDataMappingService] [e1S9kLk] [tweets/5-b-QkA4TZWRBP3DgU7YfA] update_mapping [tweet]
[2017-03-07T12:46:51,411][INFO ][o.e.c.m.MetaDataMappingService] [e1S9kLk] [tweets/5-b-QkA4TZWRBP3DgU7YfA] update_mapping [tweet]
[2017-03-07T12:57:45,369][INFO ][o.e.n.Node               ] [] initializing ...
[2017-03-07T12:57:48,239][ERROR][o.e.b.Bootstrap          ] Exception
java.lang.IllegalStateException: failed to obtain node locks, tried [[/home/kirev/elasticsearch-5.1.1/data/elasticsearch]] with lock id [0]; maybe these locations are not writable or multiple nodes were started without increasing [node.max_local_storage_nodes] (was [1])?
	at org.elasticsearch.env.NodeEnvironment.<init>(NodeEnvironment.java:259) ~[elasticsearch-5.1.1.jar:5.1.1]
	at org.elasticsearch.node.Node.<init>(Node.java:249) ~[elasticsearch-5.1.1.jar:5.1.1]
	at org.elasticsearch.node.Node.<init>(Node.java:229) ~[elasticsearch-5.1.1.jar:5.1.1]
	at org.elasticsearch.bootstrap.Bootstrap$6.<init>(Bootstrap.java:214) ~[elasticsearch-5.1.1.jar:5.1.1]
	at org.elasticsearch.bootstrap.Bootstrap.setup(Bootstrap.java:214) ~[elasticsearch-5.1.1.jar:5.1.1]
	at org.elasticsearch.bootstrap.Bootstrap.init(Bootstrap.java:306) [elasticsearch-5.1.1.jar:5.1.1]
	at org.elasticsearch.bootstrap.Elasticsearch.init(Elasticsearch.java:121) [elasticsearch-5.1.1.jar:5.1.1]
	at org.elasticsearch.bootstrap.Elasticsearch.execute(Elasticsearch.java:112) [elasticsearch-5.1.1.jar:5.1.1]
	at org.elasticsearch.cli.SettingCommand.execute(SettingCommand.java:54) [elasticsearch-5.1.1.jar:5.1.1]
	at org.elasticsearch.cli.Command.mainWithoutErrorHandling(Command.java:96) [elasticsearch-5.1.1.jar:5.1.1]
	at org.elasticsearch.cli.Command.main(Command.java:62) [elasticsearch-5.1.1.jar:5.1.1]
	at org.elasticsearch.bootstrap.Elasticsearch.main(Elasticsearch.java:89) [elasticsearch-5.1.1.jar:5.1.1]
	at org.elasticsearch.bootstrap.Elasticsearch.main(Elasticsearch.java:82) [elasticsearch-5.1.1.jar:5.1.1]
[2017-03-07T12:57:50,742][WARN ][o.e.b.ElasticsearchUncaughtExceptionHandler] [] uncaught exception in thread [main]
org.elasticsearch.bootstrap.StartupException: java.lang.IllegalStateException: failed to obtain node locks, tried [[/home/kirev/elasticsearch-5.1.1/data/elasticsearch]] with lock id [0]; maybe these locations are not writable or multiple nodes were started without increasing [node.max_local_storage_nodes] (was [1])?
	at org.elasticsearch.bootstrap.Elasticsearch.init(Elasticsearch.java:125) ~[elasticsearch-5.1.1.jar:5.1.1]
	at org.elasticsearch.bootstrap.Elasticsearch.execute(Elasticsearch.java:112) ~[elasticsearch-5.1.1.jar:5.1.1]
	at org.elasticsearch.cli.SettingCommand.execute(SettingCommand.java:54) ~[elasticsearch-5.1.1.jar:5.1.1]
	at org.elasticsearch.cli.Command.mainWithoutErrorHandling(Command.java:96) ~[elasticsearch-5.1.1.jar:5.1.1]
	at org.elasticsearch.cli.Command.main(Command.java:62) ~[elasticsearch-5.1.1.jar:5.1.1]
	at org.elasticsearch.bootstrap.Elasticsearch.main(Elasticsearch.java:89) ~[elasticsearch-5.1.1.jar:5.1.1]
	at org.elasticsearch.bootstrap.Elasticsearch.main(Elasticsearch.java:82) ~[elasticsearch-5.1.1.jar:5.1.1]
Caused by: java.lang.IllegalStateException: failed to obtain node locks, tried [[/home/kirev/elasticsearch-5.1.1/data/elasticsearch]] with lock id [0]; maybe these locations are not writable or multiple nodes were started without increasing [node.max_local_storage_nodes] (was [1])?
	at org.elasticsearch.env.NodeEnvironment.<init>(NodeEnvironment.java:259) ~[elasticsearch-5.1.1.jar:5.1.1]
	at org.elasticsearch.node.Node.<init>(Node.java:249) ~[elasticsearch-5.1.1.jar:5.1.1]
	at org.elasticsearch.node.Node.<init>(Node.java:229) ~[elasticsearch-5.1.1.jar:5.1.1]
	at org.elasticsearch.bootstrap.Bootstrap$6.<init>(Bootstrap.java:214) ~[elasticsearch-5.1.1.jar:5.1.1]
	at org.elasticsearch.bootstrap.Bootstrap.setup(Bootstrap.java:214) ~[elasticsearch-5.1.1.jar:5.1.1]
	at org.elasticsearch.bootstrap.Bootstrap.init(Bootstrap.java:306) ~[elasticsearch-5.1.1.jar:5.1.1]
	at org.elasticsearch.bootstrap.Elasticsearch.init(Elasticsearch.java:121) ~[elasticsearch-5.1.1.jar:5.1.1]
	... 6 more
[2017-03-07T12:59:40,457][WARN ][o.e.m.j.JvmGcMonitorService] [e1S9kLk] [gc][young][3096][104] duration [1s], collections [1]/[1s], total [1s]/[3.2s], memory [541.4mb]->[541.5mb]/[1.9gb], all_pools {[young] [266.1mb]->[11.3kb]/[266.2mb]}{[survivor] [26.5mb]->[18.8mb]/[33.2mb]}{[old] [248.7mb]->[254.4mb]/[1.6gb]}
[2017-03-07T12:59:40,461][WARN ][o.e.m.j.JvmGcMonitorService] [e1S9kLk] [gc][3096] overhead, spent [1s] collecting in the last [1s]
[2017-03-07T13:00:12,206][INFO ][o.e.n.Node               ] [e1S9kLk] stopping ...
[2017-03-07T13:00:12,344][INFO ][o.e.n.Node               ] [e1S9kLk] stopped
[2017-03-07T13:00:12,344][INFO ][o.e.n.Node               ] [e1S9kLk] closing ...
[2017-03-07T13:00:12,397][INFO ][o.e.n.Node               ] [e1S9kLk] closed
[2017-03-07T13:02:45,831][INFO ][o.e.n.Node               ] [] initializing ...
[2017-03-07T13:02:46,190][INFO ][o.e.e.NodeEnvironment    ] [e1S9kLk] using [1] data paths, mounts [[/ (/dev/sda5)]], net usable_space [185.8gb], net total_space [232.4gb], spins? [possibly], types [ext4]
[2017-03-07T13:02:46,191][INFO ][o.e.e.NodeEnvironment    ] [e1S9kLk] heap size [1.9gb], compressed ordinary object pointers [true]
[2017-03-07T13:02:46,498][INFO ][o.e.n.Node               ] node name [e1S9kLk] derived from node ID [e1S9kLkiRTe8EA6bNImzaw]; set [node.name] to override
[2017-03-07T13:02:46,517][INFO ][o.e.n.Node               ] version[5.1.1], pid[11816], build[5395e21/2016-12-06T12:36:15.409Z], OS[Linux/4.4.0-64-generic/amd64], JVM[Oracle Corporation/Java HotSpot(TM) 64-Bit Server VM/1.8.0_111/25.111-b14]
[2017-03-07T13:02:48,052][INFO ][o.e.p.PluginsService     ] [e1S9kLk] loaded module [aggs-matrix-stats]
[2017-03-07T13:02:48,052][INFO ][o.e.p.PluginsService     ] [e1S9kLk] loaded module [ingest-common]
[2017-03-07T13:02:48,052][INFO ][o.e.p.PluginsService     ] [e1S9kLk] loaded module [lang-expression]
[2017-03-07T13:02:48,052][INFO ][o.e.p.PluginsService     ] [e1S9kLk] loaded module [lang-groovy]
[2017-03-07T13:02:48,052][INFO ][o.e.p.PluginsService     ] [e1S9kLk] loaded module [lang-mustache]
[2017-03-07T13:02:48,053][INFO ][o.e.p.PluginsService     ] [e1S9kLk] loaded module [lang-painless]
[2017-03-07T13:02:48,053][INFO ][o.e.p.PluginsService     ] [e1S9kLk] loaded module [percolator]
[2017-03-07T13:02:48,053][INFO ][o.e.p.PluginsService     ] [e1S9kLk] loaded module [reindex]
[2017-03-07T13:02:48,053][INFO ][o.e.p.PluginsService     ] [e1S9kLk] loaded module [transport-netty3]
[2017-03-07T13:02:48,053][INFO ][o.e.p.PluginsService     ] [e1S9kLk] loaded module [transport-netty4]
[2017-03-07T13:02:48,054][INFO ][o.e.p.PluginsService     ] [e1S9kLk] no plugins loaded
[2017-03-07T13:02:51,491][INFO ][o.e.n.Node               ] initialized
[2017-03-07T13:02:51,491][INFO ][o.e.n.Node               ] [e1S9kLk] starting ...
[2017-03-07T13:02:51,702][INFO ][o.e.t.TransportService   ] [e1S9kLk] publish_address {127.0.0.1:9300}, bound_addresses {[::1]:9300}, {127.0.0.1:9300}
[2017-03-07T13:02:54,789][INFO ][o.e.c.s.ClusterService   ] [e1S9kLk] new_master {e1S9kLk}{e1S9kLkiRTe8EA6bNImzaw}{MrkCDzcLTWqa8pbRSMXo4g}{127.0.0.1}{127.0.0.1:9300}, reason: zen-disco-elected-as-master ([0] nodes joined)
[2017-03-07T13:02:54,848][INFO ][o.e.h.HttpServer         ] [e1S9kLk] publish_address {127.0.0.1:9200}, bound_addresses {[::1]:9200}, {127.0.0.1:9200}
[2017-03-07T13:02:54,848][INFO ][o.e.n.Node               ] [e1S9kLk] started
[2017-03-07T13:02:56,633][INFO ][o.e.g.GatewayService     ] [e1S9kLk] recovered [5] indices into cluster_state
[2017-03-07T13:03:03,941][INFO ][o.e.c.r.a.AllocationService] [e1S9kLk] Cluster health status changed from [RED] to [YELLOW] (reason: [shards started [[spark][1]] ...]).
[2017-03-07T15:33:14,959][INFO ][o.e.n.Node               ] [e1S9kLk] stopping ...
[2017-03-07T15:33:15,046][INFO ][o.e.n.Node               ] [e1S9kLk] stopped
[2017-03-07T15:33:15,047][INFO ][o.e.n.Node               ] [e1S9kLk] closing ...
[2017-03-07T15:33:15,063][INFO ][o.e.n.Node               ] [e1S9kLk] closed
[2017-03-07T15:33:57,457][INFO ][o.e.n.Node               ] [] initializing ...
[2017-03-07T15:33:57,676][INFO ][o.e.e.NodeEnvironment    ] [e1S9kLk] using [1] data paths, mounts [[/ (/dev/sda5)]], net usable_space [185.8gb], net total_space [232.4gb], spins? [possibly], types [ext4]
[2017-03-07T15:33:57,677][INFO ][o.e.e.NodeEnvironment    ] [e1S9kLk] heap size [1.9gb], compressed ordinary object pointers [true]
[2017-03-07T15:33:57,847][INFO ][o.e.n.Node               ] node name [e1S9kLk] derived from node ID [e1S9kLkiRTe8EA6bNImzaw]; set [node.name] to override
[2017-03-07T15:33:57,848][INFO ][o.e.n.Node               ] version[5.1.1], pid[22722], build[5395e21/2016-12-06T12:36:15.409Z], OS[Linux/4.4.0-64-generic/amd64], JVM[Oracle Corporation/Java HotSpot(TM) 64-Bit Server VM/1.8.0_111/25.111-b14]
[2017-03-07T15:33:58,977][INFO ][o.e.p.PluginsService     ] [e1S9kLk] loaded module [aggs-matrix-stats]
[2017-03-07T15:33:58,977][INFO ][o.e.p.PluginsService     ] [e1S9kLk] loaded module [ingest-common]
[2017-03-07T15:33:58,977][INFO ][o.e.p.PluginsService     ] [e1S9kLk] loaded module [lang-expression]
[2017-03-07T15:33:58,977][INFO ][o.e.p.PluginsService     ] [e1S9kLk] loaded module [lang-groovy]
[2017-03-07T15:33:58,977][INFO ][o.e.p.PluginsService     ] [e1S9kLk] loaded module [lang-mustache]
[2017-03-07T15:33:58,977][INFO ][o.e.p.PluginsService     ] [e1S9kLk] loaded module [lang-painless]
[2017-03-07T15:33:58,978][INFO ][o.e.p.PluginsService     ] [e1S9kLk] loaded module [percolator]
[2017-03-07T15:33:58,978][INFO ][o.e.p.PluginsService     ] [e1S9kLk] loaded module [reindex]
[2017-03-07T15:33:58,978][INFO ][o.e.p.PluginsService     ] [e1S9kLk] loaded module [transport-netty3]
[2017-03-07T15:33:58,978][INFO ][o.e.p.PluginsService     ] [e1S9kLk] loaded module [transport-netty4]
[2017-03-07T15:33:58,979][INFO ][o.e.p.PluginsService     ] [e1S9kLk] no plugins loaded
[2017-03-07T15:34:01,824][INFO ][o.e.n.Node               ] initialized
[2017-03-07T15:34:01,824][INFO ][o.e.n.Node               ] [e1S9kLk] starting ...
[2017-03-07T15:34:01,990][INFO ][o.e.t.TransportService   ] [e1S9kLk] publish_address {127.0.0.1:9300}, bound_addresses {[::1]:9300}, {127.0.0.1:9300}
[2017-03-07T15:34:05,068][INFO ][o.e.c.s.ClusterService   ] [e1S9kLk] new_master {e1S9kLk}{e1S9kLkiRTe8EA6bNImzaw}{C4X6nSQwRMyFdksI4GimgA}{127.0.0.1}{127.0.0.1:9300}, reason: zen-disco-elected-as-master ([0] nodes joined)
[2017-03-07T15:34:05,126][INFO ][o.e.h.HttpServer         ] [e1S9kLk] publish_address {127.0.0.1:9200}, bound_addresses {[::1]:9200}, {127.0.0.1:9200}
[2017-03-07T15:34:05,127][INFO ][o.e.n.Node               ] [e1S9kLk] started
[2017-03-07T15:34:06,495][INFO ][o.e.g.GatewayService     ] [e1S9kLk] recovered [5] indices into cluster_state
[2017-03-07T15:34:13,180][INFO ][o.e.c.r.a.AllocationService] [e1S9kLk] Cluster health status changed from [RED] to [YELLOW] (reason: [shards started [[spark][4], [spark][0]] ...]).
[2017-03-07T15:45:55,406][INFO ][o.e.n.Node               ] [e1S9kLk] stopping ...
[2017-03-07T15:45:55,489][INFO ][o.e.n.Node               ] [e1S9kLk] stopped
[2017-03-07T15:45:55,490][INFO ][o.e.n.Node               ] [e1S9kLk] closing ...
[2017-03-07T15:45:55,499][INFO ][o.e.n.Node               ] [e1S9kLk] closed
[2017-03-07T16:23:33,333][INFO ][o.e.n.Node               ] [] initializing ...
[2017-03-07T16:23:33,774][INFO ][o.e.e.NodeEnvironment    ] [e1S9kLk] using [1] data paths, mounts [[/ (/dev/sda5)]], net usable_space [185.8gb], net total_space [232.4gb], spins? [possibly], types [ext4]
[2017-03-07T16:23:33,774][INFO ][o.e.e.NodeEnvironment    ] [e1S9kLk] heap size [1.9gb], compressed ordinary object pointers [true]
[2017-03-07T16:23:34,159][INFO ][o.e.n.Node               ] node name [e1S9kLk] derived from node ID [e1S9kLkiRTe8EA6bNImzaw]; set [node.name] to override
[2017-03-07T16:23:34,162][INFO ][o.e.n.Node               ] version[5.1.1], pid[2698], build[5395e21/2016-12-06T12:36:15.409Z], OS[Linux/4.4.0-64-generic/amd64], JVM[Oracle Corporation/Java HotSpot(TM) 64-Bit Server VM/1.8.0_111/25.111-b14]
[2017-03-07T16:23:35,678][INFO ][o.e.p.PluginsService     ] [e1S9kLk] loaded module [aggs-matrix-stats]
[2017-03-07T16:23:35,678][INFO ][o.e.p.PluginsService     ] [e1S9kLk] loaded module [ingest-common]
[2017-03-07T16:23:35,678][INFO ][o.e.p.PluginsService     ] [e1S9kLk] loaded module [lang-expression]
[2017-03-07T16:23:35,678][INFO ][o.e.p.PluginsService     ] [e1S9kLk] loaded module [lang-groovy]
[2017-03-07T16:23:35,678][INFO ][o.e.p.PluginsService     ] [e1S9kLk] loaded module [lang-mustache]
[2017-03-07T16:23:35,679][INFO ][o.e.p.PluginsService     ] [e1S9kLk] loaded module [lang-painless]
[2017-03-07T16:23:35,679][INFO ][o.e.p.PluginsService     ] [e1S9kLk] loaded module [percolator]
[2017-03-07T16:23:35,679][INFO ][o.e.p.PluginsService     ] [e1S9kLk] loaded module [reindex]
[2017-03-07T16:23:35,679][INFO ][o.e.p.PluginsService     ] [e1S9kLk] loaded module [transport-netty3]
[2017-03-07T16:23:35,679][INFO ][o.e.p.PluginsService     ] [e1S9kLk] loaded module [transport-netty4]
[2017-03-07T16:23:35,680][INFO ][o.e.p.PluginsService     ] [e1S9kLk] no plugins loaded
[2017-03-07T16:23:38,956][INFO ][o.e.n.Node               ] initialized
[2017-03-07T16:23:38,956][INFO ][o.e.n.Node               ] [e1S9kLk] starting ...
[2017-03-07T16:23:39,182][INFO ][o.e.t.TransportService   ] [e1S9kLk] publish_address {127.0.0.1:9300}, bound_addresses {[::1]:9300}, {127.0.0.1:9300}
[2017-03-07T16:23:42,287][INFO ][o.e.c.s.ClusterService   ] [e1S9kLk] new_master {e1S9kLk}{e1S9kLkiRTe8EA6bNImzaw}{5O7e5eABSeuvk9QEYwAJIg}{127.0.0.1}{127.0.0.1:9300}, reason: zen-disco-elected-as-master ([0] nodes joined)
[2017-03-07T16:23:42,335][INFO ][o.e.h.HttpServer         ] [e1S9kLk] publish_address {127.0.0.1:9200}, bound_addresses {[::1]:9200}, {127.0.0.1:9200}
[2017-03-07T16:23:42,335][INFO ][o.e.n.Node               ] [e1S9kLk] started
[2017-03-07T16:23:43,594][INFO ][o.e.g.GatewayService     ] [e1S9kLk] recovered [5] indices into cluster_state
[2017-03-07T16:23:50,673][INFO ][o.e.c.r.a.AllocationService] [e1S9kLk] Cluster health status changed from [RED] to [YELLOW] (reason: [shards started [[spark][4]] ...]).
[2017-03-07T17:13:54,122][INFO ][o.e.n.Node               ] [e1S9kLk] stopping ...
[2017-03-07T17:13:54,170][INFO ][o.e.n.Node               ] [e1S9kLk] stopped
[2017-03-07T17:13:54,170][INFO ][o.e.n.Node               ] [e1S9kLk] closing ...
[2017-03-07T17:13:54,181][INFO ][o.e.n.Node               ] [e1S9kLk] closed
