[2016-12-09T18:38:27,376][WARN ][o.e.d.s.g.GroovyScriptEngineService] [groovy] scripts are deprecated, use [painless] scripts instead
[2016-12-09T18:55:49,848][WARN ][o.e.d.s.g.GroovyScriptEngineService] [groovy] scripts are deprecated, use [painless] scripts instead
[2016-12-09T18:56:27,805][WARN ][o.e.d.i.m.StringFieldMapper$TypeParser] The [string] field is deprecated, please use [text] or [keyword] instead on [buildNum]
[2016-12-09T18:56:49,819][WARN ][o.e.d.i.m.StringFieldMapper$TypeParser] The [string] field is deprecated, please use [text] or [keyword] instead on [title]
[2016-12-09T18:56:49,820][WARN ][o.e.d.i.m.StringFieldMapper$TypeParser] The [string] field is deprecated, please use [text] or [keyword] instead on [timeFieldName]
[2016-12-09T18:56:49,821][WARN ][o.e.d.i.m.StringFieldMapper$TypeParser] The [string] field is deprecated, please use [text] or [keyword] instead on [intervalName]
[2016-12-09T18:56:49,821][WARN ][o.e.d.i.m.StringFieldMapper$TypeParser] The [string] field is deprecated, please use [text] or [keyword] instead on [fields]
[2016-12-09T18:56:49,821][WARN ][o.e.d.i.m.StringFieldMapper$TypeParser] The [string] field is deprecated, please use [text] or [keyword] instead on [sourceFilters]
[2016-12-09T18:56:49,822][WARN ][o.e.d.i.m.StringFieldMapper$TypeParser] The [string] field is deprecated, please use [text] or [keyword] instead on [fieldFormatMap]
[2016-12-09T18:56:49,823][WARN ][o.e.d.i.m.StringFieldMapper$TypeParser] The [string] field is deprecated, please use [text] or [keyword] instead on [title]
[2016-12-09T18:56:49,823][WARN ][o.e.d.i.m.StringFieldMapper$TypeParser] The [string] field is deprecated, please use [text] or [keyword] instead on [timeFieldName]
[2016-12-09T18:56:49,823][WARN ][o.e.d.i.m.StringFieldMapper$TypeParser] The [string] field is deprecated, please use [text] or [keyword] instead on [intervalName]
[2016-12-09T18:56:49,823][WARN ][o.e.d.i.m.StringFieldMapper$TypeParser] The [string] field is deprecated, please use [text] or [keyword] instead on [fields]
[2016-12-09T18:56:49,824][WARN ][o.e.d.i.m.StringFieldMapper$TypeParser] The [string] field is deprecated, please use [text] or [keyword] instead on [sourceFilters]
[2016-12-09T18:56:49,824][WARN ][o.e.d.i.m.StringFieldMapper$TypeParser] The [string] field is deprecated, please use [text] or [keyword] instead on [fieldFormatMap]
[2016-12-09T19:16:23,514][WARN ][o.e.d.i.m.StringFieldMapper$TypeParser] The [string] field is deprecated, please use [text] or [keyword] instead on [play_name]
[2016-12-09T19:16:23,515][WARN ][o.e.d.i.m.StringFieldMapper$TypeParser] The [string] field is deprecated, please use [text] or [keyword] instead on [speaker]
[2016-12-10T17:03:01,630][WARN ][o.e.d.s.g.GroovyScriptEngineService] [groovy] scripts are deprecated, use [painless] scripts instead
[2016-12-10T17:17:52,856][WARN ][o.e.d.i.m.StringFieldMapper$TypeParser] The [string] field is deprecated, please use [text] or [keyword] instead on [title]
[2016-12-10T17:17:52,864][WARN ][o.e.d.i.m.StringFieldMapper$TypeParser] The [string] field is deprecated, please use [text] or [keyword] instead on [description]
[2016-12-10T17:17:52,864][WARN ][o.e.d.i.m.StringFieldMapper$TypeParser] The [string] field is deprecated, please use [text] or [keyword] instead on [panelsJSON]
[2016-12-10T17:17:52,864][WARN ][o.e.d.i.m.StringFieldMapper$TypeParser] The [string] field is deprecated, please use [text] or [keyword] instead on [optionsJSON]
[2016-12-10T17:17:52,864][WARN ][o.e.d.i.m.StringFieldMapper$TypeParser] The [string] field is deprecated, please use [text] or [keyword] instead on [uiStateJSON]
[2016-12-10T17:17:52,865][WARN ][o.e.d.i.m.StringFieldMapper$TypeParser] The [string] field is deprecated, please use [text] or [keyword] instead on [timeTo]
[2016-12-10T17:17:52,865][WARN ][o.e.d.i.m.StringFieldMapper$TypeParser] The [string] field is deprecated, please use [text] or [keyword] instead on [timeFrom]
[2016-12-10T17:17:52,865][WARN ][o.e.d.i.m.StringFieldMapper$TypeParser] The [string] field is deprecated, please use [text] or [keyword] instead on [display]
[2016-12-10T17:17:52,865][WARN ][o.e.d.i.m.StringFieldMapper$TypeParser] The [string] field is deprecated, please use [text] or [keyword] instead on [searchSourceJSON]
[2016-12-10T17:17:52,867][WARN ][o.e.d.i.m.StringFieldMapper$TypeParser] The [string] field is deprecated, please use [text] or [keyword] instead on [title]
[2016-12-10T17:17:52,867][WARN ][o.e.d.i.m.StringFieldMapper$TypeParser] The [string] field is deprecated, please use [text] or [keyword] instead on [description]
[2016-12-10T17:17:52,867][WARN ][o.e.d.i.m.StringFieldMapper$TypeParser] The [string] field is deprecated, please use [text] or [keyword] instead on [panelsJSON]
[2016-12-10T17:17:52,867][WARN ][o.e.d.i.m.StringFieldMapper$TypeParser] The [string] field is deprecated, please use [text] or [keyword] instead on [optionsJSON]
[2016-12-10T17:17:52,867][WARN ][o.e.d.i.m.StringFieldMapper$TypeParser] The [string] field is deprecated, please use [text] or [keyword] instead on [uiStateJSON]
[2016-12-10T17:17:52,867][WARN ][o.e.d.i.m.StringFieldMapper$TypeParser] The [string] field is deprecated, please use [text] or [keyword] instead on [timeTo]
[2016-12-10T17:17:52,868][WARN ][o.e.d.i.m.StringFieldMapper$TypeParser] The [string] field is deprecated, please use [text] or [keyword] instead on [timeFrom]
[2016-12-10T17:17:52,868][WARN ][o.e.d.i.m.StringFieldMapper$TypeParser] The [string] field is deprecated, please use [text] or [keyword] instead on [display]
[2016-12-10T17:17:52,868][WARN ][o.e.d.i.m.StringFieldMapper$TypeParser] The [string] field is deprecated, please use [text] or [keyword] instead on [searchSourceJSON]
[2016-12-10T17:19:25,146][WARN ][o.e.d.i.m.StringFieldMapper$TypeParser] The [string] field is deprecated, please use [text] or [keyword] instead on [title]
[2016-12-10T17:19:25,146][WARN ][o.e.d.i.m.StringFieldMapper$TypeParser] The [string] field is deprecated, please use [text] or [keyword] instead on [visState]
[2016-12-10T17:19:25,146][WARN ][o.e.d.i.m.StringFieldMapper$TypeParser] The [string] field is deprecated, please use [text] or [keyword] instead on [uiStateJSON]
[2016-12-10T17:19:25,146][WARN ][o.e.d.i.m.StringFieldMapper$TypeParser] The [string] field is deprecated, please use [text] or [keyword] instead on [description]
[2016-12-10T17:19:25,146][WARN ][o.e.d.i.m.StringFieldMapper$TypeParser] The [string] field is deprecated, please use [text] or [keyword] instead on [savedSearchId]
[2016-12-10T17:19:25,146][WARN ][o.e.d.i.m.StringFieldMapper$TypeParser] The [string] field is deprecated, please use [text] or [keyword] instead on [searchSourceJSON]
[2016-12-10T17:19:25,147][WARN ][o.e.d.i.m.StringFieldMapper$TypeParser] The [string] field is deprecated, please use [text] or [keyword] instead on [title]
[2016-12-10T17:19:25,148][WARN ][o.e.d.i.m.StringFieldMapper$TypeParser] The [string] field is deprecated, please use [text] or [keyword] instead on [visState]
[2016-12-10T17:19:25,148][WARN ][o.e.d.i.m.StringFieldMapper$TypeParser] The [string] field is deprecated, please use [text] or [keyword] instead on [uiStateJSON]
[2016-12-10T17:19:25,148][WARN ][o.e.d.i.m.StringFieldMapper$TypeParser] The [string] field is deprecated, please use [text] or [keyword] instead on [description]
[2016-12-10T17:19:25,148][WARN ][o.e.d.i.m.StringFieldMapper$TypeParser] The [string] field is deprecated, please use [text] or [keyword] instead on [savedSearchId]
[2016-12-10T17:19:25,148][WARN ][o.e.d.i.m.StringFieldMapper$TypeParser] The [string] field is deprecated, please use [text] or [keyword] instead on [searchSourceJSON]
[2016-12-10T18:10:13,879][WARN ][o.e.d.i.m.StringFieldMapper$TypeParser] The [string] field is deprecated, please use [text] or [keyword] instead on [title]
[2016-12-10T18:10:13,926][WARN ][o.e.d.i.m.StringFieldMapper$TypeParser] The [string] field is deprecated, please use [text] or [keyword] instead on [description]
[2016-12-10T18:10:13,926][WARN ][o.e.d.i.m.StringFieldMapper$TypeParser] The [string] field is deprecated, please use [text] or [keyword] instead on [timelion_sheet]
[2016-12-10T18:10:13,926][WARN ][o.e.d.i.m.StringFieldMapper$TypeParser] The [string] field is deprecated, please use [text] or [keyword] instead on [timelion_interval]
[2016-12-10T18:10:13,926][WARN ][o.e.d.i.m.StringFieldMapper$TypeParser] The [string] field is deprecated, please use [text] or [keyword] instead on [timelion_other_interval]
[2016-12-10T18:10:13,927][WARN ][o.e.d.i.m.StringFieldMapper$TypeParser] The [string] field is deprecated, please use [text] or [keyword] instead on [searchSourceJSON]
[2016-12-10T18:10:13,928][WARN ][o.e.d.i.m.StringFieldMapper$TypeParser] The [string] field is deprecated, please use [text] or [keyword] instead on [title]
[2016-12-10T18:10:13,928][WARN ][o.e.d.i.m.StringFieldMapper$TypeParser] The [string] field is deprecated, please use [text] or [keyword] instead on [description]
[2016-12-10T18:10:13,928][WARN ][o.e.d.i.m.StringFieldMapper$TypeParser] The [string] field is deprecated, please use [text] or [keyword] instead on [timelion_sheet]
[2016-12-10T18:10:13,928][WARN ][o.e.d.i.m.StringFieldMapper$TypeParser] The [string] field is deprecated, please use [text] or [keyword] instead on [timelion_interval]
[2016-12-10T18:10:13,928][WARN ][o.e.d.i.m.StringFieldMapper$TypeParser] The [string] field is deprecated, please use [text] or [keyword] instead on [timelion_other_interval]
[2016-12-10T18:10:13,928][WARN ][o.e.d.i.m.StringFieldMapper$TypeParser] The [string] field is deprecated, please use [text] or [keyword] instead on [searchSourceJSON]
[2016-12-10T18:10:14,769][WARN ][o.e.d.i.q.QueryParseContext] query malformed, empty clause found at [1:143]
[2016-12-10T18:10:19,097][WARN ][o.e.d.i.q.QueryParseContext] query malformed, empty clause found at [1:143]
[2016-12-10T18:10:19,119][WARN ][o.e.d.i.q.QueryParseContext] query malformed, empty clause found at [1:143]
[2016-12-10T18:10:20,839][WARN ][o.e.d.i.q.QueryParseContext] query malformed, empty clause found at [1:143]
[2016-12-10T18:10:20,870][WARN ][o.e.d.i.q.QueryParseContext] query malformed, empty clause found at [1:143]
[2016-12-10T18:10:21,569][WARN ][o.e.d.i.q.QueryParseContext] query malformed, empty clause found at [1:143]
[2016-12-10T18:10:21,598][WARN ][o.e.d.i.q.QueryParseContext] query malformed, empty clause found at [1:143]
[2016-12-10T18:10:21,959][WARN ][o.e.d.i.q.QueryParseContext] query malformed, empty clause found at [1:143]
[2016-12-10T18:10:21,961][WARN ][o.e.d.i.q.QueryParseContext] query malformed, empty clause found at [1:143]
[2016-12-10T18:10:22,209][WARN ][o.e.d.i.q.QueryParseContext] query malformed, empty clause found at [1:143]
[2016-12-10T18:10:22,225][WARN ][o.e.d.i.q.QueryParseContext] query malformed, empty clause found at [1:143]
[2016-12-10T18:10:22,575][WARN ][o.e.d.i.q.QueryParseContext] query malformed, empty clause found at [1:143]
[2016-12-10T18:10:22,585][WARN ][o.e.d.i.q.QueryParseContext] query malformed, empty clause found at [1:143]
[2016-12-10T19:08:32,791][WARN ][o.e.d.s.g.GroovyScriptEngineService] [groovy] scripts are deprecated, use [painless] scripts instead
[2016-12-10T19:35:41,474][WARN ][o.e.d.s.g.GroovyScriptEngineService] [groovy] scripts are deprecated, use [painless] scripts instead
[2016-12-13T16:46:42,239][WARN ][o.e.d.s.g.GroovyScriptEngineService] [groovy] scripts are deprecated, use [painless] scripts instead
[2016-12-13T16:51:33,680][WARN ][o.e.d.i.m.StringFieldMapper$TypeParser] The [string] field is deprecated, please use [text] or [keyword] instead on [title]
[2016-12-13T16:51:33,695][WARN ][o.e.d.i.m.StringFieldMapper$TypeParser] The [string] field is deprecated, please use [text] or [keyword] instead on [description]
[2016-12-13T16:51:33,695][WARN ][o.e.d.i.m.StringFieldMapper$TypeParser] The [string] field is deprecated, please use [text] or [keyword] instead on [columns]
[2016-12-13T16:51:33,695][WARN ][o.e.d.i.m.StringFieldMapper$TypeParser] The [string] field is deprecated, please use [text] or [keyword] instead on [sort]
[2016-12-13T16:51:33,695][WARN ][o.e.d.i.m.StringFieldMapper$TypeParser] The [string] field is deprecated, please use [text] or [keyword] instead on [searchSourceJSON]
[2016-12-13T16:51:33,697][WARN ][o.e.d.i.m.StringFieldMapper$TypeParser] The [string] field is deprecated, please use [text] or [keyword] instead on [title]
[2016-12-13T16:51:33,697][WARN ][o.e.d.i.m.StringFieldMapper$TypeParser] The [string] field is deprecated, please use [text] or [keyword] instead on [description]
[2016-12-13T16:51:33,697][WARN ][o.e.d.i.m.StringFieldMapper$TypeParser] The [string] field is deprecated, please use [text] or [keyword] instead on [columns]
[2016-12-13T16:51:33,697][WARN ][o.e.d.i.m.StringFieldMapper$TypeParser] The [string] field is deprecated, please use [text] or [keyword] instead on [sort]
[2016-12-13T16:51:33,697][WARN ][o.e.d.i.m.StringFieldMapper$TypeParser] The [string] field is deprecated, please use [text] or [keyword] instead on [searchSourceJSON]
[2016-12-28T14:44:51,520][WARN ][o.e.d.s.g.GroovyScriptEngineService] [groovy] scripts are deprecated, use [painless] scripts instead
[2016-12-28T15:18:22,101][WARN ][o.e.d.c.ParseField       ] Deprecated field [type] used, replaced by [match_phrase and match_phrase_prefix query]
[2016-12-28T15:23:59,198][WARN ][o.e.d.i.q.QueryParseContext] query malformed, empty clause found at [1:143]
[2016-12-28T15:24:04,811][WARN ][o.e.d.i.q.QueryParseContext] query malformed, empty clause found at [1:143]
[2016-12-28T15:24:04,821][WARN ][o.e.d.i.q.QueryParseContext] query malformed, empty clause found at [1:143]
[2016-12-28T15:24:05,196][WARN ][o.e.d.i.q.QueryParseContext] query malformed, empty clause found at [1:143]
[2016-12-28T15:24:05,209][WARN ][o.e.d.i.q.QueryParseContext] query malformed, empty clause found at [1:143]
[2016-12-28T15:24:06,613][WARN ][o.e.d.i.q.QueryParseContext] query malformed, empty clause found at [1:143]
[2016-12-28T15:24:06,654][WARN ][o.e.d.i.q.QueryParseContext] query malformed, empty clause found at [1:143]
[2016-12-28T15:24:33,782][WARN ][o.e.d.i.q.QueryParseContext] query malformed, empty clause found at [1:143]
[2016-12-28T15:24:42,951][WARN ][o.e.d.i.q.QueryParseContext] query malformed, empty clause found at [1:143]
[2016-12-28T16:06:25,302][WARN ][o.e.d.i.q.QueryParseContext] query malformed, empty clause found at [1:143]
[2016-12-28T16:06:31,752][WARN ][o.e.d.i.q.QueryParseContext] query malformed, empty clause found at [1:143]
[2016-12-28T16:07:03,144][WARN ][o.e.d.i.q.QueryParseContext] query malformed, empty clause found at [1:143]
[2016-12-28T16:07:04,405][WARN ][o.e.d.i.q.QueryParseContext] query malformed, empty clause found at [1:143]
[2016-12-28T16:07:04,977][WARN ][o.e.d.i.q.QueryParseContext] query malformed, empty clause found at [1:143]
[2016-12-28T16:07:05,263][WARN ][o.e.d.i.q.QueryParseContext] query malformed, empty clause found at [1:143]
[2016-12-28T16:07:05,928][WARN ][o.e.d.i.q.QueryParseContext] query malformed, empty clause found at [1:143]
[2016-12-28T16:07:06,090][WARN ][o.e.d.i.q.QueryParseContext] query malformed, empty clause found at [1:143]
[2016-12-28T16:07:06,229][WARN ][o.e.d.i.q.QueryParseContext] query malformed, empty clause found at [1:143]
[2016-12-28T16:07:06,368][WARN ][o.e.d.i.q.QueryParseContext] query malformed, empty clause found at [1:143]
[2016-12-28T16:07:06,518][WARN ][o.e.d.i.q.QueryParseContext] query malformed, empty clause found at [1:143]
[2016-12-28T16:07:09,715][WARN ][o.e.d.i.q.QueryParseContext] query malformed, empty clause found at [1:143]
[2016-12-28T16:07:27,339][WARN ][o.e.d.i.q.QueryParseContext] query malformed, empty clause found at [1:143]
[2016-12-28T16:07:28,134][WARN ][o.e.d.i.q.QueryParseContext] query malformed, empty clause found at [1:143]
[2016-12-28T16:07:28,454][WARN ][o.e.d.i.q.QueryParseContext] query malformed, empty clause found at [1:143]
[2016-12-28T16:07:28,649][WARN ][o.e.d.i.q.QueryParseContext] query malformed, empty clause found at [1:143]
[2016-12-28T16:07:29,642][WARN ][o.e.d.i.q.QueryParseContext] query malformed, empty clause found at [1:143]
[2016-12-28T16:07:52,967][WARN ][o.e.d.i.q.QueryParseContext] query malformed, empty clause found at [1:143]
[2016-12-28T16:08:13,878][WARN ][o.e.d.i.q.QueryParseContext] query malformed, empty clause found at [1:143]
[2016-12-28T16:09:08,839][WARN ][o.e.d.i.q.QueryParseContext] query malformed, empty clause found at [1:143]
[2016-12-28T16:09:40,366][WARN ][o.e.d.i.q.QueryParseContext] query malformed, empty clause found at [1:143]
[2016-12-28T16:09:41,548][WARN ][o.e.d.i.q.QueryParseContext] query malformed, empty clause found at [1:143]
[2016-12-28T16:09:46,714][WARN ][o.e.d.i.q.QueryParseContext] query malformed, empty clause found at [1:143]
[2016-12-28T16:09:54,321][WARN ][o.e.d.i.q.QueryParseContext] query malformed, empty clause found at [1:143]
[2016-12-28T16:09:54,357][WARN ][o.e.d.i.q.QueryParseContext] query malformed, empty clause found at [1:143]
[2016-12-28T16:09:55,801][WARN ][o.e.d.i.q.QueryParseContext] query malformed, empty clause found at [1:143]
[2016-12-28T16:09:55,813][WARN ][o.e.d.i.q.QueryParseContext] query malformed, empty clause found at [1:143]
[2016-12-28T16:10:06,570][WARN ][o.e.d.c.ParseField       ] Deprecated field [type] used, replaced by [match_phrase and match_phrase_prefix query]
[2016-12-28T16:10:11,740][WARN ][o.e.d.c.ParseField       ] Deprecated field [type] used, replaced by [match_phrase and match_phrase_prefix query]
[2016-12-28T16:10:22,069][WARN ][o.e.d.c.ParseField       ] Deprecated field [type] used, replaced by [match_phrase and match_phrase_prefix query]
[2016-12-28T16:10:26,423][WARN ][o.e.d.c.ParseField       ] Deprecated field [type] used, replaced by [match_phrase and match_phrase_prefix query]
[2016-12-28T16:10:38,205][WARN ][o.e.d.c.ParseField       ] Deprecated field [type] used, replaced by [match_phrase and match_phrase_prefix query]
[2016-12-28T16:11:17,809][WARN ][o.e.d.c.ParseField       ] Deprecated field [type] used, replaced by [match_phrase and match_phrase_prefix query]
[2016-12-28T16:11:24,324][WARN ][o.e.d.c.ParseField       ] Deprecated field [type] used, replaced by [match_phrase and match_phrase_prefix query]
[2016-12-29T10:07:05,936][WARN ][o.e.d.s.g.GroovyScriptEngineService] [groovy] scripts are deprecated, use [painless] scripts instead
[2016-12-29T10:40:08,571][WARN ][o.e.d.i.q.QueryParseContext] query malformed, empty clause found at [1:143]
[2016-12-29T10:43:19,506][WARN ][o.e.d.i.q.QueryParseContext] query malformed, empty clause found at [1:143]
[2016-12-29T10:47:01,188][WARN ][o.e.d.i.q.QueryParseContext] query malformed, empty clause found at [1:146]
[2016-12-29T10:54:13,361][WARN ][o.e.d.i.q.QueryParseContext] query malformed, empty clause found at [1:145]
[2016-12-29T10:54:22,653][WARN ][o.e.d.i.q.QueryParseContext] query malformed, empty clause found at [1:145]
[2016-12-29T10:56:09,772][WARN ][o.e.d.i.q.QueryParseContext] query malformed, empty clause found at [1:143]
[2016-12-29T10:56:20,108][WARN ][o.e.d.i.q.QueryParseContext] query malformed, empty clause found at [1:143]
[2016-12-29T11:05:00,532][WARN ][o.e.d.i.q.QueryParseContext] query malformed, empty clause found at [1:143]
[2016-12-29T11:05:32,723][WARN ][o.e.d.i.q.QueryParseContext] query malformed, empty clause found at [1:145]
[2016-12-29T11:06:22,812][WARN ][o.e.d.i.q.QueryParseContext] query malformed, empty clause found at [1:145]
[2016-12-29T15:11:23,267][WARN ][o.e.d.i.q.QueryParseContext] query malformed, empty clause found at [1:145]
[2016-12-29T15:16:50,120][WARN ][o.e.d.i.q.QueryParseContext] query malformed, empty clause found at [1:145]
[2016-12-29T15:19:46,713][WARN ][o.e.d.i.q.QueryParseContext] query malformed, empty clause found at [1:146]
[2016-12-29T15:19:50,944][WARN ][o.e.d.i.q.QueryParseContext] query malformed, empty clause found at [1:146]
[2016-12-29T15:19:56,800][WARN ][o.e.d.i.q.QueryParseContext] query malformed, empty clause found at [1:146]
[2016-12-29T15:21:30,032][WARN ][o.e.d.i.q.QueryParseContext] query malformed, empty clause found at [1:143]
[2016-12-29T15:28:05,153][WARN ][o.e.d.i.q.QueryParseContext] query malformed, empty clause found at [1:145]
[2016-12-29T15:29:43,408][WARN ][o.e.d.i.q.QueryParseContext] query malformed, empty clause found at [1:145]
[2016-12-29T15:32:07,997][WARN ][o.e.d.c.ParseField       ] Deprecated field [type] used, replaced by [match_phrase and match_phrase_prefix query]
[2016-12-29T15:39:47,295][WARN ][o.e.d.s.g.GroovyScriptEngineService] [groovy] scripts are deprecated, use [painless] scripts instead
[2016-12-29T15:40:40,994][WARN ][o.e.d.i.q.QueryParseContext] query malformed, empty clause found at [1:145]
[2016-12-29T18:13:48,309][WARN ][o.e.d.s.g.GroovyScriptEngineService] [groovy] scripts are deprecated, use [painless] scripts instead
[2016-12-29T18:15:48,216][WARN ][o.e.d.i.q.QueryParseContext] query malformed, empty clause found at [1:145]
[2016-12-29T18:19:37,937][WARN ][o.e.d.i.q.QueryParseContext] query malformed, empty clause found at [1:145]
[2016-12-29T18:19:41,140][WARN ][o.e.d.i.q.QueryParseContext] query malformed, empty clause found at [1:145]
[2016-12-29T18:20:09,775][WARN ][o.e.d.i.q.QueryParseContext] query malformed, empty clause found at [1:145]
[2016-12-29T18:20:11,850][WARN ][o.e.d.i.q.QueryParseContext] query malformed, empty clause found at [1:145]
[2016-12-29T18:20:13,526][WARN ][o.e.d.i.q.QueryParseContext] query malformed, empty clause found at [1:145]
[2016-12-29T18:22:37,946][WARN ][o.e.d.i.q.QueryParseContext] query malformed, empty clause found at [1:145]
[2016-12-29T18:22:37,978][WARN ][o.e.d.i.q.QueryParseContext] query malformed, empty clause found at [1:145]
[2016-12-29T18:22:40,021][WARN ][o.e.d.i.q.QueryParseContext] query malformed, empty clause found at [1:145]
[2016-12-29T18:22:40,041][WARN ][o.e.d.i.q.QueryParseContext] query malformed, empty clause found at [1:145]
[2016-12-29T18:22:41,928][WARN ][o.e.d.i.q.QueryParseContext] query malformed, empty clause found at [1:145]
[2016-12-29T18:22:41,955][WARN ][o.e.d.i.q.QueryParseContext] query malformed, empty clause found at [1:145]
[2016-12-29T18:22:44,568][WARN ][o.e.d.i.q.QueryParseContext] query malformed, empty clause found at [1:145]
[2016-12-29T18:22:44,587][WARN ][o.e.d.i.q.QueryParseContext] query malformed, empty clause found at [1:145]
[2016-12-29T18:22:53,145][WARN ][o.e.d.i.q.QueryParseContext] query malformed, empty clause found at [1:145]
[2016-12-29T18:22:53,153][WARN ][o.e.d.i.q.QueryParseContext] query malformed, empty clause found at [1:145]
[2016-12-29T18:22:57,309][WARN ][o.e.d.i.q.QueryParseContext] query malformed, empty clause found at [1:145]
[2016-12-29T18:22:57,316][WARN ][o.e.d.i.q.QueryParseContext] query malformed, empty clause found at [1:145]
[2016-12-29T18:25:02,189][WARN ][o.e.d.i.q.QueryParseContext] query malformed, empty clause found at [1:145]
[2016-12-29T18:25:29,808][WARN ][o.e.d.i.q.QueryParseContext] query malformed, empty clause found at [1:145]
[2016-12-29T18:25:41,175][WARN ][o.e.d.i.q.QueryParseContext] query malformed, empty clause found at [1:145]
[2016-12-29T18:25:45,101][WARN ][o.e.d.i.q.QueryParseContext] query malformed, empty clause found at [1:145]
[2016-12-29T18:28:21,032][WARN ][o.e.d.i.q.QueryParseContext] query malformed, empty clause found at [1:145]
[2016-12-29T18:28:29,335][WARN ][o.e.d.i.q.QueryParseContext] query malformed, empty clause found at [1:145]
[2016-12-29T18:28:39,797][WARN ][o.e.d.i.q.QueryParseContext] query malformed, empty clause found at [1:145]
[2016-12-29T18:28:44,101][WARN ][o.e.d.i.q.QueryParseContext] query malformed, empty clause found at [1:145]
[2016-12-29T18:33:55,704][WARN ][o.e.d.i.q.QueryParseContext] query malformed, empty clause found at [1:145]
[2016-12-29T18:33:58,589][WARN ][o.e.d.i.q.QueryParseContext] query malformed, empty clause found at [1:145]
[2016-12-29T19:20:11,852][WARN ][o.e.d.i.q.QueryParseContext] query malformed, empty clause found at [1:145]
[2016-12-29T19:20:28,236][WARN ][o.e.d.i.q.QueryParseContext] query malformed, empty clause found at [1:145]
[2016-12-29T19:20:36,189][WARN ][o.e.d.i.q.QueryParseContext] query malformed, empty clause found at [1:145]
[2016-12-29T19:25:00,688][WARN ][o.e.d.i.q.QueryParseContext] query malformed, empty clause found at [1:145]
[2016-12-29T19:25:18,041][WARN ][o.e.d.i.q.QueryParseContext] query malformed, empty clause found at [1:145]
[2016-12-29T19:25:32,351][WARN ][o.e.d.i.q.QueryParseContext] query malformed, empty clause found at [1:145]
[2016-12-29T19:25:35,654][WARN ][o.e.d.i.q.QueryParseContext] query malformed, empty clause found at [1:145]
[2016-12-29T19:25:39,286][WARN ][o.e.d.i.q.QueryParseContext] query malformed, empty clause found at [1:145]
[2016-12-29T19:25:40,325][WARN ][o.e.d.i.q.QueryParseContext] query malformed, empty clause found at [1:145]
[2016-12-29T19:25:40,867][WARN ][o.e.d.i.q.QueryParseContext] query malformed, empty clause found at [1:145]
[2016-12-29T19:25:42,288][WARN ][o.e.d.i.q.QueryParseContext] query malformed, empty clause found at [1:145]
[2016-12-29T19:25:43,205][WARN ][o.e.d.i.q.QueryParseContext] query malformed, empty clause found at [1:145]
[2016-12-29T19:25:47,401][WARN ][o.e.d.i.q.QueryParseContext] query malformed, empty clause found at [1:145]
[2016-12-29T19:25:49,661][WARN ][o.e.d.i.q.QueryParseContext] query malformed, empty clause found at [1:145]
[2016-12-29T19:25:51,236][WARN ][o.e.d.i.q.QueryParseContext] query malformed, empty clause found at [1:145]
[2016-12-29T19:27:09,786][WARN ][o.e.d.i.q.QueryParseContext] query malformed, empty clause found at [1:145]
[2016-12-29T19:27:14,791][WARN ][o.e.d.i.q.QueryParseContext] query malformed, empty clause found at [1:145]
[2016-12-29T19:27:19,802][WARN ][o.e.d.i.q.QueryParseContext] query malformed, empty clause found at [1:145]
[2016-12-29T19:27:24,788][WARN ][o.e.d.i.q.QueryParseContext] query malformed, empty clause found at [1:145]
[2016-12-29T19:27:27,675][WARN ][o.e.d.i.q.QueryParseContext] query malformed, empty clause found at [1:145]
[2016-12-29T19:27:28,525][WARN ][o.e.d.i.q.QueryParseContext] query malformed, empty clause found at [1:145]
[2016-12-29T19:27:32,151][WARN ][o.e.d.i.q.QueryParseContext] query malformed, empty clause found at [1:145]
[2016-12-29T19:27:32,703][WARN ][o.e.d.i.q.QueryParseContext] query malformed, empty clause found at [1:145]
[2016-12-29T19:27:33,001][WARN ][o.e.d.i.q.QueryParseContext] query malformed, empty clause found at [1:145]
[2016-12-29T19:27:33,522][WARN ][o.e.d.i.q.QueryParseContext] query malformed, empty clause found at [1:145]
[2016-12-29T19:27:38,523][WARN ][o.e.d.i.q.QueryParseContext] query malformed, empty clause found at [1:145]
[2016-12-29T19:27:43,531][WARN ][o.e.d.i.q.QueryParseContext] query malformed, empty clause found at [1:145]
[2016-12-29T19:27:48,536][WARN ][o.e.d.i.q.QueryParseContext] query malformed, empty clause found at [1:145]
[2016-12-29T19:27:53,528][WARN ][o.e.d.i.q.QueryParseContext] query malformed, empty clause found at [1:145]
[2016-12-29T19:27:58,532][WARN ][o.e.d.i.q.QueryParseContext] query malformed, empty clause found at [1:145]
[2016-12-29T19:28:03,533][WARN ][o.e.d.i.q.QueryParseContext] query malformed, empty clause found at [1:145]
[2016-12-29T19:28:08,539][WARN ][o.e.d.i.q.QueryParseContext] query malformed, empty clause found at [1:145]
[2016-12-29T19:28:13,533][WARN ][o.e.d.i.q.QueryParseContext] query malformed, empty clause found at [1:145]
[2016-12-29T19:28:18,530][WARN ][o.e.d.i.q.QueryParseContext] query malformed, empty clause found at [1:145]
[2016-12-29T19:28:23,534][WARN ][o.e.d.i.q.QueryParseContext] query malformed, empty clause found at [1:145]
[2016-12-29T19:28:28,532][WARN ][o.e.d.i.q.QueryParseContext] query malformed, empty clause found at [1:145]
[2016-12-29T19:28:33,535][WARN ][o.e.d.i.q.QueryParseContext] query malformed, empty clause found at [1:145]
[2016-12-29T19:28:38,536][WARN ][o.e.d.i.q.QueryParseContext] query malformed, empty clause found at [1:145]
[2016-12-29T19:28:43,542][WARN ][o.e.d.i.q.QueryParseContext] query malformed, empty clause found at [1:145]
[2016-12-29T19:29:02,460][WARN ][o.e.d.i.q.QueryParseContext] query malformed, empty clause found at [1:145]
[2016-12-29T19:29:03,543][WARN ][o.e.d.i.q.QueryParseContext] query malformed, empty clause found at [1:145]
[2016-12-29T19:29:08,543][WARN ][o.e.d.i.q.QueryParseContext] query malformed, empty clause found at [1:145]
[2016-12-29T19:29:13,547][WARN ][o.e.d.i.q.QueryParseContext] query malformed, empty clause found at [1:145]
[2016-12-29T19:29:18,557][WARN ][o.e.d.i.q.QueryParseContext] query malformed, empty clause found at [1:145]
[2016-12-29T19:29:23,552][WARN ][o.e.d.i.q.QueryParseContext] query malformed, empty clause found at [1:145]
[2016-12-29T19:29:28,549][WARN ][o.e.d.i.q.QueryParseContext] query malformed, empty clause found at [1:145]
[2016-12-29T19:29:33,556][WARN ][o.e.d.i.q.QueryParseContext] query malformed, empty clause found at [1:145]
[2016-12-29T19:29:38,553][WARN ][o.e.d.i.q.QueryParseContext] query malformed, empty clause found at [1:145]
[2016-12-29T19:29:43,555][WARN ][o.e.d.i.q.QueryParseContext] query malformed, empty clause found at [1:145]
[2016-12-29T19:29:48,560][WARN ][o.e.d.i.q.QueryParseContext] query malformed, empty clause found at [1:145]
[2016-12-29T19:30:08,580][WARN ][o.e.d.i.q.QueryParseContext] query malformed, empty clause found at [1:145]
[2016-12-29T19:30:18,563][WARN ][o.e.d.i.q.QueryParseContext] query malformed, empty clause found at [1:145]
[2016-12-29T19:30:23,582][WARN ][o.e.d.i.q.QueryParseContext] query malformed, empty clause found at [1:145]
[2016-12-29T19:30:28,568][WARN ][o.e.d.i.q.QueryParseContext] query malformed, empty clause found at [1:145]
[2016-12-29T19:30:53,572][WARN ][o.e.d.i.q.QueryParseContext] query malformed, empty clause found at [1:145]
[2016-12-29T19:30:57,699][WARN ][o.e.d.i.q.QueryParseContext] query malformed, empty clause found at [1:145]
[2016-12-29T19:30:58,574][WARN ][o.e.d.i.q.QueryParseContext] query malformed, empty clause found at [1:145]
[2016-12-29T19:31:03,573][WARN ][o.e.d.i.q.QueryParseContext] query malformed, empty clause found at [1:145]
[2016-12-29T19:31:08,576][WARN ][o.e.d.i.q.QueryParseContext] query malformed, empty clause found at [1:145]
[2016-12-29T19:31:13,575][WARN ][o.e.d.i.q.QueryParseContext] query malformed, empty clause found at [1:145]
[2016-12-29T19:31:18,578][WARN ][o.e.d.i.q.QueryParseContext] query malformed, empty clause found at [1:145]
[2016-12-29T19:31:23,581][WARN ][o.e.d.i.q.QueryParseContext] query malformed, empty clause found at [1:145]
[2016-12-29T19:31:28,583][WARN ][o.e.d.i.q.QueryParseContext] query malformed, empty clause found at [1:145]
[2016-12-29T19:31:33,580][WARN ][o.e.d.i.q.QueryParseContext] query malformed, empty clause found at [1:145]
[2016-12-29T19:31:38,586][WARN ][o.e.d.i.q.QueryParseContext] query malformed, empty clause found at [1:145]
[2016-12-29T19:31:43,611][WARN ][o.e.d.i.q.QueryParseContext] query malformed, empty clause found at [1:145]
[2016-12-29T19:31:48,585][WARN ][o.e.d.i.q.QueryParseContext] query malformed, empty clause found at [1:145]
[2016-12-29T19:31:53,586][WARN ][o.e.d.i.q.QueryParseContext] query malformed, empty clause found at [1:145]
[2016-12-29T19:32:08,592][WARN ][o.e.d.i.q.QueryParseContext] query malformed, empty clause found at [1:145]
[2016-12-29T19:32:21,061][WARN ][o.e.d.i.q.QueryParseContext] query malformed, empty clause found at [1:145]
[2016-12-29T19:32:23,589][WARN ][o.e.d.i.q.QueryParseContext] query malformed, empty clause found at [1:145]
[2016-12-29T19:32:28,590][WARN ][o.e.d.i.q.QueryParseContext] query malformed, empty clause found at [1:145]
[2016-12-29T19:32:58,603][WARN ][o.e.d.i.q.QueryParseContext] query malformed, empty clause found at [1:145]
[2016-12-29T19:33:03,601][WARN ][o.e.d.i.q.QueryParseContext] query malformed, empty clause found at [1:145]
[2016-12-29T19:33:08,604][WARN ][o.e.d.i.q.QueryParseContext] query malformed, empty clause found at [1:145]
[2016-12-29T19:33:13,608][WARN ][o.e.d.i.q.QueryParseContext] query malformed, empty clause found at [1:145]
[2016-12-29T19:33:18,609][WARN ][o.e.d.i.q.QueryParseContext] query malformed, empty clause found at [1:145]
[2016-12-29T19:33:23,604][WARN ][o.e.d.i.q.QueryParseContext] query malformed, empty clause found at [1:145]
[2016-12-29T19:33:28,606][WARN ][o.e.d.i.q.QueryParseContext] query malformed, empty clause found at [1:145]
[2016-12-29T19:33:33,614][WARN ][o.e.d.i.q.QueryParseContext] query malformed, empty clause found at [1:145]
[2016-12-29T19:33:38,611][WARN ][o.e.d.i.q.QueryParseContext] query malformed, empty clause found at [1:145]
[2016-12-29T19:33:43,612][WARN ][o.e.d.i.q.QueryParseContext] query malformed, empty clause found at [1:145]
[2016-12-29T19:33:48,611][WARN ][o.e.d.i.q.QueryParseContext] query malformed, empty clause found at [1:145]
[2016-12-29T19:33:53,612][WARN ][o.e.d.i.q.QueryParseContext] query malformed, empty clause found at [1:145]
[2016-12-29T19:33:58,616][WARN ][o.e.d.i.q.QueryParseContext] query malformed, empty clause found at [1:145]
[2016-12-29T19:34:03,614][WARN ][o.e.d.i.q.QueryParseContext] query malformed, empty clause found at [1:145]
[2016-12-29T19:34:08,628][WARN ][o.e.d.i.q.QueryParseContext] query malformed, empty clause found at [1:145]
[2016-12-29T19:34:13,618][WARN ][o.e.d.i.q.QueryParseContext] query malformed, empty clause found at [1:145]
[2016-12-29T19:34:18,618][WARN ][o.e.d.i.q.QueryParseContext] query malformed, empty clause found at [1:145]
[2016-12-29T19:34:23,619][WARN ][o.e.d.i.q.QueryParseContext] query malformed, empty clause found at [1:145]
[2016-12-29T19:34:28,619][WARN ][o.e.d.i.q.QueryParseContext] query malformed, empty clause found at [1:145]
[2016-12-29T19:34:33,626][WARN ][o.e.d.i.q.QueryParseContext] query malformed, empty clause found at [1:145]
[2016-12-29T19:34:38,621][WARN ][o.e.d.i.q.QueryParseContext] query malformed, empty clause found at [1:145]
[2016-12-29T19:34:43,623][WARN ][o.e.d.i.q.QueryParseContext] query malformed, empty clause found at [1:145]
[2016-12-29T19:34:48,633][WARN ][o.e.d.i.q.QueryParseContext] query malformed, empty clause found at [1:145]
[2016-12-29T19:34:53,629][WARN ][o.e.d.i.q.QueryParseContext] query malformed, empty clause found at [1:145]
[2016-12-29T19:34:58,623][WARN ][o.e.d.i.q.QueryParseContext] query malformed, empty clause found at [1:145]
[2016-12-29T19:35:03,631][WARN ][o.e.d.i.q.QueryParseContext] query malformed, empty clause found at [1:145]
[2016-12-29T19:35:08,633][WARN ][o.e.d.i.q.QueryParseContext] query malformed, empty clause found at [1:145]
[2016-12-29T19:35:13,632][WARN ][o.e.d.i.q.QueryParseContext] query malformed, empty clause found at [1:145]
[2016-12-29T19:35:18,630][WARN ][o.e.d.i.q.QueryParseContext] query malformed, empty clause found at [1:145]
[2016-12-29T19:35:23,632][WARN ][o.e.d.i.q.QueryParseContext] query malformed, empty clause found at [1:145]
[2016-12-29T19:35:28,633][WARN ][o.e.d.i.q.QueryParseContext] query malformed, empty clause found at [1:145]
[2016-12-29T19:35:33,644][WARN ][o.e.d.i.q.QueryParseContext] query malformed, empty clause found at [1:145]
[2016-12-29T19:35:38,641][WARN ][o.e.d.i.q.QueryParseContext] query malformed, empty clause found at [1:145]
[2016-12-29T19:35:43,638][WARN ][o.e.d.i.q.QueryParseContext] query malformed, empty clause found at [1:145]
[2016-12-29T19:35:48,639][WARN ][o.e.d.i.q.QueryParseContext] query malformed, empty clause found at [1:145]
[2016-12-29T19:35:53,648][WARN ][o.e.d.i.q.QueryParseContext] query malformed, empty clause found at [1:145]
[2016-12-29T19:35:58,642][WARN ][o.e.d.i.q.QueryParseContext] query malformed, empty clause found at [1:145]
[2016-12-29T19:36:03,646][WARN ][o.e.d.i.q.QueryParseContext] query malformed, empty clause found at [1:145]
[2016-12-29T19:36:08,648][WARN ][o.e.d.i.q.QueryParseContext] query malformed, empty clause found at [1:145]
[2016-12-29T19:36:13,648][WARN ][o.e.d.i.q.QueryParseContext] query malformed, empty clause found at [1:145]
[2016-12-29T19:36:18,679][WARN ][o.e.d.i.q.QueryParseContext] query malformed, empty clause found at [1:145]
[2016-12-29T19:36:23,646][WARN ][o.e.d.i.q.QueryParseContext] query malformed, empty clause found at [1:145]
[2016-12-29T19:36:28,648][WARN ][o.e.d.i.q.QueryParseContext] query malformed, empty clause found at [1:145]
[2016-12-29T19:36:33,654][WARN ][o.e.d.i.q.QueryParseContext] query malformed, empty clause found at [1:145]
[2016-12-29T19:36:38,651][WARN ][o.e.d.i.q.QueryParseContext] query malformed, empty clause found at [1:145]
[2016-12-29T19:36:43,650][WARN ][o.e.d.i.q.QueryParseContext] query malformed, empty clause found at [1:145]
[2016-12-29T19:36:48,651][WARN ][o.e.d.i.q.QueryParseContext] query malformed, empty clause found at [1:145]
[2016-12-29T19:36:56,191][WARN ][o.e.d.i.q.QueryParseContext] query malformed, empty clause found at [1:145]
[2017-02-19T14:05:25,205][WARN ][o.e.d.s.g.GroovyScriptEngineService] [groovy] scripts are deprecated, use [painless] scripts instead
[2017-02-19T18:48:28,967][WARN ][o.e.d.i.q.QueryParseContext] query malformed, empty clause found at [1:145]
[2017-02-20T10:51:42,127][WARN ][o.e.d.s.g.GroovyScriptEngineService] [groovy] scripts are deprecated, use [painless] scripts instead
[2017-02-20T11:08:19,441][WARN ][o.e.d.i.q.QueryParseContext] query malformed, empty clause found at [1:145]
[2017-02-20T11:12:31,877][WARN ][o.e.d.i.q.QueryParseContext] query malformed, empty clause found at [1:145]
[2017-02-20T11:12:43,734][WARN ][o.e.d.i.q.QueryParseContext] query malformed, empty clause found at [1:145]
[2017-02-20T11:12:45,980][WARN ][o.e.d.i.q.QueryParseContext] query malformed, empty clause found at [1:145]
[2017-02-25T13:20:08,749][WARN ][o.e.d.s.g.GroovyScriptEngineService] [groovy] scripts are deprecated, use [painless] scripts instead
[2017-02-26T21:29:52,878][WARN ][o.e.d.s.g.GroovyScriptEngineService] [groovy] scripts are deprecated, use [painless] scripts instead
[2017-02-26T21:33:10,983][WARN ][o.e.d.i.q.QueryParseContext] query malformed, empty clause found at [1:145]
[2017-02-26T21:35:48,769][WARN ][o.e.d.i.q.QueryParseContext] query malformed, empty clause found at [1:145]
[2017-02-26T21:37:26,724][WARN ][o.e.d.s.g.GroovyScriptEngineService] [groovy] scripts are deprecated, use [painless] scripts instead
[2017-02-26T22:09:47,518][WARN ][o.e.d.s.g.GroovyScriptEngineService] [groovy] scripts are deprecated, use [painless] scripts instead
[2017-02-26T22:10:43,264][WARN ][o.e.d.s.g.GroovyScriptEngineService] [groovy] scripts are deprecated, use [painless] scripts instead
[2017-02-26T23:03:44,584][WARN ][o.e.d.s.g.GroovyScriptEngineService] [groovy] scripts are deprecated, use [painless] scripts instead
[2017-02-27T10:58:48,530][WARN ][o.e.d.s.g.GroovyScriptEngineService] [groovy] scripts are deprecated, use [painless] scripts instead
[2017-02-27T11:29:22,169][WARN ][o.e.d.i.q.QueryParseContext] query malformed, empty clause found at [1:145]
[2017-02-27T20:08:54,914][WARN ][o.e.d.i.q.QueryParseContext] query malformed, empty clause found at [1:145]
[2017-02-27T20:17:34,025][WARN ][o.e.d.i.q.QueryParseContext] query malformed, empty clause found at [1:145]
[2017-02-27T20:20:59,334][WARN ][o.e.d.i.q.QueryParseContext] query malformed, empty clause found at [1:145]
[2017-02-27T20:21:03,770][WARN ][o.e.d.i.q.QueryParseContext] query malformed, empty clause found at [1:145]
[2017-02-27T20:21:08,900][WARN ][o.e.d.i.q.QueryParseContext] query malformed, empty clause found at [1:145]
[2017-02-27T20:21:09,764][WARN ][o.e.d.i.q.QueryParseContext] query malformed, empty clause found at [1:145]
[2017-02-27T20:21:16,095][WARN ][o.e.d.i.q.QueryParseContext] query malformed, empty clause found at [1:145]
[2017-02-27T20:21:16,212][WARN ][o.e.d.i.q.QueryParseContext] query malformed, empty clause found at [1:145]
[2017-02-27T20:21:17,891][WARN ][o.e.d.i.q.QueryParseContext] query malformed, empty clause found at [1:145]
[2017-02-27T20:21:17,939][WARN ][o.e.d.i.q.QueryParseContext] query malformed, empty clause found at [1:145]
[2017-02-27T20:21:19,243][WARN ][o.e.d.i.q.QueryParseContext] query malformed, empty clause found at [1:145]
[2017-02-27T20:21:19,279][WARN ][o.e.d.i.q.QueryParseContext] query malformed, empty clause found at [1:145]
[2017-02-27T20:21:20,803][WARN ][o.e.d.i.q.QueryParseContext] query malformed, empty clause found at [1:145]
[2017-02-27T20:21:20,845][WARN ][o.e.d.i.q.QueryParseContext] query malformed, empty clause found at [1:145]
[2017-02-27T20:24:59,222][WARN ][o.e.d.i.q.QueryParseContext] query malformed, empty clause found at [1:145]
[2017-02-27T20:25:02,222][WARN ][o.e.d.i.q.QueryParseContext] query malformed, empty clause found at [1:145]
[2017-02-27T20:25:21,749][WARN ][o.e.d.i.q.QueryParseContext] query malformed, empty clause found at [1:145]
[2017-02-27T20:26:16,691][WARN ][o.e.d.i.q.QueryParseContext] query malformed, empty clause found at [1:145]
[2017-02-27T20:28:24,624][WARN ][o.e.d.i.q.QueryParseContext] query malformed, empty clause found at [1:145]
[2017-02-27T20:28:24,624][WARN ][o.e.d.i.q.QueryParseContext] query malformed, empty clause found at [1:145]
[2017-02-27T20:34:34,706][WARN ][o.e.d.i.q.QueryParseContext] query malformed, empty clause found at [1:145]
[2017-02-27T20:34:34,770][WARN ][o.e.d.i.q.QueryParseContext] query malformed, empty clause found at [1:145]
[2017-02-27T20:34:56,155][WARN ][o.e.d.c.ParseField       ] Deprecated field [type] used, replaced by [match_phrase and match_phrase_prefix query]
[2017-02-27T20:36:17,487][WARN ][o.e.d.i.q.QueryParseContext] query malformed, empty clause found at [1:145]
[2017-02-27T20:36:17,488][WARN ][o.e.d.i.q.QueryParseContext] query malformed, empty clause found at [1:145]
[2017-02-27T20:36:17,572][WARN ][o.e.d.i.q.QueryParseContext] query malformed, empty clause found at [1:145]
[2017-02-27T20:36:17,573][WARN ][o.e.d.i.q.QueryParseContext] query malformed, empty clause found at [1:145]
[2017-02-27T20:36:19,106][WARN ][o.e.d.i.q.QueryParseContext] query malformed, empty clause found at [1:145]
[2017-02-27T20:36:19,109][WARN ][o.e.d.i.q.QueryParseContext] query malformed, empty clause found at [1:145]
[2017-02-27T20:36:19,136][WARN ][o.e.d.i.q.QueryParseContext] query malformed, empty clause found at [1:145]
[2017-02-27T20:36:19,139][WARN ][o.e.d.i.q.QueryParseContext] query malformed, empty clause found at [1:145]
[2017-02-27T20:36:19,922][WARN ][o.e.d.i.q.QueryParseContext] query malformed, empty clause found at [1:145]
[2017-02-27T20:36:19,923][WARN ][o.e.d.i.q.QueryParseContext] query malformed, empty clause found at [1:145]
[2017-02-27T20:36:19,960][WARN ][o.e.d.i.q.QueryParseContext] query malformed, empty clause found at [1:145]
[2017-02-27T20:36:19,961][WARN ][o.e.d.i.q.QueryParseContext] query malformed, empty clause found at [1:145]
[2017-02-27T20:36:20,562][WARN ][o.e.d.i.q.QueryParseContext] query malformed, empty clause found at [1:145]
[2017-02-27T20:36:20,562][WARN ][o.e.d.i.q.QueryParseContext] query malformed, empty clause found at [1:145]
[2017-02-27T20:36:20,568][WARN ][o.e.d.i.q.QueryParseContext] query malformed, empty clause found at [1:145]
[2017-02-27T20:36:20,570][WARN ][o.e.d.i.q.QueryParseContext] query malformed, empty clause found at [1:145]
[2017-02-27T20:36:41,904][WARN ][o.e.d.i.q.QueryParseContext] query malformed, empty clause found at [1:145]
[2017-02-27T20:36:41,905][WARN ][o.e.d.i.q.QueryParseContext] query malformed, empty clause found at [1:145]
[2017-02-27T20:36:51,810][WARN ][o.e.d.i.q.QueryParseContext] query malformed, empty clause found at [1:145]
[2017-02-27T20:36:51,813][WARN ][o.e.d.i.q.QueryParseContext] query malformed, empty clause found at [1:145]
[2017-02-27T20:36:58,019][WARN ][o.e.d.i.q.QueryParseContext] query malformed, empty clause found at [1:145]
[2017-02-27T20:36:58,019][WARN ][o.e.d.i.q.QueryParseContext] query malformed, empty clause found at [1:145]
[2017-02-27T20:37:03,335][WARN ][o.e.d.i.q.QueryParseContext] query malformed, empty clause found at [1:145]
[2017-02-27T20:37:03,335][WARN ][o.e.d.i.q.QueryParseContext] query malformed, empty clause found at [1:145]
[2017-02-27T20:37:03,423][WARN ][o.e.d.i.q.QueryParseContext] query malformed, empty clause found at [1:145]
[2017-02-27T20:37:03,424][WARN ][o.e.d.i.q.QueryParseContext] query malformed, empty clause found at [1:145]
[2017-02-27T20:37:06,000][WARN ][o.e.d.i.q.QueryParseContext] query malformed, empty clause found at [1:145]
[2017-02-27T20:37:06,000][WARN ][o.e.d.i.q.QueryParseContext] query malformed, empty clause found at [1:145]
[2017-02-27T20:37:06,036][WARN ][o.e.d.i.q.QueryParseContext] query malformed, empty clause found at [1:145]
[2017-02-27T20:37:06,036][WARN ][o.e.d.i.q.QueryParseContext] query malformed, empty clause found at [1:145]
[2017-02-27T20:37:07,572][WARN ][o.e.d.i.q.QueryParseContext] query malformed, empty clause found at [1:145]
[2017-02-27T20:37:07,572][WARN ][o.e.d.i.q.QueryParseContext] query malformed, empty clause found at [1:145]
[2017-02-27T20:37:07,631][WARN ][o.e.d.i.q.QueryParseContext] query malformed, empty clause found at [1:145]
[2017-02-27T20:37:07,631][WARN ][o.e.d.i.q.QueryParseContext] query malformed, empty clause found at [1:145]
[2017-02-27T20:37:08,933][WARN ][o.e.d.i.q.QueryParseContext] query malformed, empty clause found at [1:145]
[2017-02-27T20:37:08,933][WARN ][o.e.d.i.q.QueryParseContext] query malformed, empty clause found at [1:145]
[2017-02-27T20:37:08,978][WARN ][o.e.d.i.q.QueryParseContext] query malformed, empty clause found at [1:145]
[2017-02-27T20:37:08,980][WARN ][o.e.d.i.q.QueryParseContext] query malformed, empty clause found at [1:145]
[2017-02-27T20:37:11,588][WARN ][o.e.d.i.q.QueryParseContext] query malformed, empty clause found at [1:145]
[2017-02-27T20:37:11,588][WARN ][o.e.d.i.q.QueryParseContext] query malformed, empty clause found at [1:145]
[2017-02-27T20:37:11,652][WARN ][o.e.d.i.q.QueryParseContext] query malformed, empty clause found at [1:145]
[2017-02-27T20:37:11,652][WARN ][o.e.d.i.q.QueryParseContext] query malformed, empty clause found at [1:145]
[2017-02-27T20:37:21,948][WARN ][o.e.d.i.q.QueryParseContext] query malformed, empty clause found at [1:145]
[2017-02-27T20:37:21,948][WARN ][o.e.d.i.q.QueryParseContext] query malformed, empty clause found at [1:145]
[2017-02-27T20:37:53,396][WARN ][o.e.d.i.q.QueryParseContext] query malformed, empty clause found at [1:145]
[2017-02-27T20:37:53,397][WARN ][o.e.d.i.q.QueryParseContext] query malformed, empty clause found at [1:145]
[2017-02-27T20:38:21,858][WARN ][o.e.d.i.q.QueryParseContext] query malformed, empty clause found at [1:145]
[2017-02-27T20:39:16,594][WARN ][o.e.d.i.q.QueryParseContext] query malformed, empty clause found at [1:145]
[2017-02-27T20:39:41,111][WARN ][o.e.d.i.q.QueryParseContext] query malformed, empty clause found at [1:145]
[2017-02-27T20:42:40,828][WARN ][o.e.d.i.q.QueryParseContext] query malformed, empty clause found at [1:145]
[2017-02-27T20:58:54,914][WARN ][o.e.d.i.q.QueryParseContext] query malformed, empty clause found at [1:145]
[2017-02-27T21:00:44,471][WARN ][o.e.d.i.q.QueryParseContext] query malformed, empty clause found at [1:145]
[2017-02-27T21:00:54,475][WARN ][o.e.d.i.q.QueryParseContext] query malformed, empty clause found at [1:145]
[2017-02-27T21:02:35,930][WARN ][o.e.d.i.q.QueryParseContext] query malformed, empty clause found at [1:145]
[2017-02-27T21:02:52,108][WARN ][o.e.d.i.q.QueryParseContext] query malformed, empty clause found at [1:145]
[2017-02-27T21:03:51,574][WARN ][o.e.d.i.q.QueryParseContext] query malformed, empty clause found at [1:145]
[2017-02-27T21:04:04,473][WARN ][o.e.d.i.q.QueryParseContext] query malformed, empty clause found at [1:145]
[2017-02-27T21:04:04,473][WARN ][o.e.d.i.q.QueryParseContext] query malformed, empty clause found at [1:145]
[2017-02-27T21:04:32,385][WARN ][o.e.d.i.q.QueryParseContext] query malformed, empty clause found at [1:145]
[2017-02-27T21:04:47,144][WARN ][o.e.d.i.q.QueryParseContext] query malformed, empty clause found at [1:145]
[2017-02-27T21:04:47,146][WARN ][o.e.d.i.q.QueryParseContext] query malformed, empty clause found at [1:145]
[2017-02-27T21:05:47,399][WARN ][o.e.d.i.q.QueryParseContext] query malformed, empty clause found at [1:145]
[2017-02-27T21:06:09,904][WARN ][o.e.d.i.q.QueryParseContext] query malformed, empty clause found at [1:145]
[2017-02-27T21:06:09,904][WARN ][o.e.d.i.q.QueryParseContext] query malformed, empty clause found at [1:145]
[2017-02-27T21:12:09,350][WARN ][o.e.d.c.ParseField       ] Deprecated field [type] used, replaced by [match_phrase and match_phrase_prefix query]
[2017-02-27T21:12:39,767][WARN ][o.e.d.c.ParseField       ] Deprecated field [type] used, replaced by [match_phrase and match_phrase_prefix query]
[2017-02-27T21:12:54,035][WARN ][o.e.d.c.ParseField       ] Deprecated field [type] used, replaced by [match_phrase and match_phrase_prefix query]
[2017-02-27T21:12:56,363][WARN ][o.e.d.c.ParseField       ] Deprecated field [type] used, replaced by [match_phrase and match_phrase_prefix query]
[2017-02-27T21:12:56,385][WARN ][o.e.d.c.ParseField       ] Deprecated field [type] used, replaced by [match_phrase and match_phrase_prefix query]
[2017-02-27T21:13:02,273][WARN ][o.e.d.c.ParseField       ] Deprecated field [type] used, replaced by [match_phrase and match_phrase_prefix query]
[2017-02-27T21:13:02,274][WARN ][o.e.d.c.ParseField       ] Deprecated field [type] used, replaced by [match_phrase and match_phrase_prefix query]
[2017-02-27T21:13:33,995][WARN ][o.e.d.c.ParseField       ] Deprecated field [type] used, replaced by [match_phrase and match_phrase_prefix query]
[2017-02-27T21:13:33,996][WARN ][o.e.d.c.ParseField       ] Deprecated field [type] used, replaced by [match_phrase and match_phrase_prefix query]
[2017-02-27T21:13:46,071][WARN ][o.e.d.c.ParseField       ] Deprecated field [type] used, replaced by [match_phrase and match_phrase_prefix query]
[2017-02-27T21:13:46,071][WARN ][o.e.d.c.ParseField       ] Deprecated field [type] used, replaced by [match_phrase and match_phrase_prefix query]
[2017-02-27T21:18:29,910][WARN ][o.e.d.c.ParseField       ] Deprecated field [type] used, replaced by [match_phrase and match_phrase_prefix query]
[2017-02-27T21:18:29,910][WARN ][o.e.d.c.ParseField       ] Deprecated field [type] used, replaced by [match_phrase and match_phrase_prefix query]
[2017-02-27T21:28:25,241][WARN ][o.e.d.c.ParseField       ] Deprecated field [type] used, replaced by [match_phrase and match_phrase_prefix query]
[2017-02-27T21:32:09,578][WARN ][o.e.d.c.ParseField       ] Deprecated field [type] used, replaced by [match_phrase and match_phrase_prefix query]
[2017-02-27T22:00:08,018][WARN ][o.e.d.c.ParseField       ] Deprecated field [type] used, replaced by [match_phrase and match_phrase_prefix query]
[2017-02-27T22:00:08,053][WARN ][o.e.d.c.ParseField       ] Deprecated field [type] used, replaced by [match_phrase and match_phrase_prefix query]
[2017-02-27T22:00:08,058][WARN ][o.e.d.c.ParseField       ] Deprecated field [type] used, replaced by [match_phrase and match_phrase_prefix query]
[2017-02-27T22:00:08,059][WARN ][o.e.d.c.ParseField       ] Deprecated field [type] used, replaced by [match_phrase and match_phrase_prefix query]
[2017-02-27T22:00:08,022][WARN ][o.e.d.c.ParseField       ] Deprecated field [type] used, replaced by [match_phrase and match_phrase_prefix query]
[2017-02-27T22:00:36,913][WARN ][o.e.d.c.ParseField       ] Deprecated field [type] used, replaced by [match_phrase and match_phrase_prefix query]
[2017-02-27T22:00:36,981][WARN ][o.e.d.c.ParseField       ] Deprecated field [type] used, replaced by [match_phrase and match_phrase_prefix query]
[2017-02-27T22:00:37,053][WARN ][o.e.d.c.ParseField       ] Deprecated field [type] used, replaced by [match_phrase and match_phrase_prefix query]
[2017-02-27T22:00:37,054][WARN ][o.e.d.c.ParseField       ] Deprecated field [type] used, replaced by [match_phrase and match_phrase_prefix query]
[2017-02-27T22:00:37,055][WARN ][o.e.d.c.ParseField       ] Deprecated field [type] used, replaced by [match_phrase and match_phrase_prefix query]
[2017-02-27T22:01:00,803][WARN ][o.e.d.c.ParseField       ] Deprecated field [type] used, replaced by [match_phrase and match_phrase_prefix query]
[2017-02-27T22:01:00,803][WARN ][o.e.d.c.ParseField       ] Deprecated field [type] used, replaced by [match_phrase and match_phrase_prefix query]
[2017-02-27T22:01:00,803][WARN ][o.e.d.c.ParseField       ] Deprecated field [type] used, replaced by [match_phrase and match_phrase_prefix query]
[2017-02-27T22:01:10,017][WARN ][o.e.d.c.ParseField       ] Deprecated field [type] used, replaced by [match_phrase and match_phrase_prefix query]
[2017-02-27T22:01:10,018][WARN ][o.e.d.c.ParseField       ] Deprecated field [type] used, replaced by [match_phrase and match_phrase_prefix query]
[2017-02-27T22:01:10,018][WARN ][o.e.d.c.ParseField       ] Deprecated field [type] used, replaced by [match_phrase and match_phrase_prefix query]
[2017-02-27T22:01:10,018][WARN ][o.e.d.c.ParseField       ] Deprecated field [type] used, replaced by [match_phrase and match_phrase_prefix query]
[2017-02-28T11:10:17,096][WARN ][o.e.d.s.g.GroovyScriptEngineService] [groovy] scripts are deprecated, use [painless] scripts instead
[2017-02-28T13:36:54,855][WARN ][o.e.d.s.g.GroovyScriptEngineService] [groovy] scripts are deprecated, use [painless] scripts instead
[2017-02-28T13:59:58,441][WARN ][o.e.d.s.g.GroovyScriptEngineService] [groovy] scripts are deprecated, use [painless] scripts instead
[2017-02-28T15:25:51,227][WARN ][o.e.d.i.q.QueryParseContext] query malformed, empty clause found at [1:142]
[2017-02-28T15:27:26,230][WARN ][o.e.d.i.q.QueryParseContext] query malformed, empty clause found at [1:142]
[2017-02-28T15:28:23,376][WARN ][o.e.d.i.q.QueryParseContext] query malformed, empty clause found at [1:142]
[2017-02-28T21:01:02,790][WARN ][o.e.d.s.g.GroovyScriptEngineService] [groovy] scripts are deprecated, use [painless] scripts instead
[2017-02-28T23:02:49,317][WARN ][o.e.d.s.g.GroovyScriptEngineService] [groovy] scripts are deprecated, use [painless] scripts instead
[2017-03-02T12:11:06,416][WARN ][o.e.d.s.g.GroovyScriptEngineService] [groovy] scripts are deprecated, use [painless] scripts instead
[2017-03-02T12:58:01,114][WARN ][o.e.d.s.g.GroovyScriptEngineService] [groovy] scripts are deprecated, use [painless] scripts instead
[2017-03-02T14:23:11,337][WARN ][o.e.d.i.q.QueryParseContext] query malformed, empty clause found at [1:142]
[2017-03-05T19:57:44,443][WARN ][o.e.d.s.g.GroovyScriptEngineService] [groovy] scripts are deprecated, use [painless] scripts instead
[2017-03-05T23:13:54,904][WARN ][o.e.d.s.g.GroovyScriptEngineService] [groovy] scripts are deprecated, use [painless] scripts instead
[2017-03-06T02:13:26,563][WARN ][o.e.d.s.g.GroovyScriptEngineService] [groovy] scripts are deprecated, use [painless] scripts instead
[2017-03-06T15:32:21,987][WARN ][o.e.d.s.g.GroovyScriptEngineService] [groovy] scripts are deprecated, use [painless] scripts instead
[2017-03-06T16:21:28,542][WARN ][o.e.d.s.g.GroovyScriptEngineService] [groovy] scripts are deprecated, use [painless] scripts instead
[2017-03-06T18:46:41,269][WARN ][o.e.d.s.g.GroovyScriptEngineService] [groovy] scripts are deprecated, use [painless] scripts instead
[2017-03-06T18:47:26,204][WARN ][o.e.d.s.g.GroovyScriptEngineService] [groovy] scripts are deprecated, use [painless] scripts instead
[2017-03-06T19:37:15,298][WARN ][o.e.d.s.g.GroovyScriptEngineService] [groovy] scripts are deprecated, use [painless] scripts instead
[2017-03-06T19:39:12,747][WARN ][o.e.d.s.g.GroovyScriptEngineService] [groovy] scripts are deprecated, use [painless] scripts instead
[2017-03-06T19:42:44,730][WARN ][o.e.d.s.g.GroovyScriptEngineService] [groovy] scripts are deprecated, use [painless] scripts instead
[2017-03-06T19:43:36,876][WARN ][o.e.d.s.g.GroovyScriptEngineService] [groovy] scripts are deprecated, use [painless] scripts instead
[2017-03-06T19:49:03,628][WARN ][o.e.d.s.g.GroovyScriptEngineService] [groovy] scripts are deprecated, use [painless] scripts instead
[2017-03-06T19:50:07,718][WARN ][o.e.d.s.g.GroovyScriptEngineService] [groovy] scripts are deprecated, use [painless] scripts instead
[2017-03-06T19:53:29,977][WARN ][o.e.d.s.g.GroovyScriptEngineService] [groovy] scripts are deprecated, use [painless] scripts instead
[2017-03-06T19:55:07,141][WARN ][o.e.d.s.g.GroovyScriptEngineService] [groovy] scripts are deprecated, use [painless] scripts instead
[2017-03-06T20:06:57,564][WARN ][o.e.d.s.g.GroovyScriptEngineService] [groovy] scripts are deprecated, use [painless] scripts instead
[2017-03-06T20:50:29,378][WARN ][o.e.d.s.g.GroovyScriptEngineService] [groovy] scripts are deprecated, use [painless] scripts instead
[2017-03-06T21:03:57,868][WARN ][o.e.d.s.g.GroovyScriptEngineService] [groovy] scripts are deprecated, use [painless] scripts instead
[2017-03-06T21:08:30,928][WARN ][o.e.d.s.g.GroovyScriptEngineService] [groovy] scripts are deprecated, use [painless] scripts instead
[2017-03-06T22:54:06,711][WARN ][o.e.d.s.g.GroovyScriptEngineService] [groovy] scripts are deprecated, use [painless] scripts instead
[2017-03-06T23:00:11,810][WARN ][o.e.d.s.g.GroovyScriptEngineService] [groovy] scripts are deprecated, use [painless] scripts instead
[2017-03-06T23:03:19,558][WARN ][o.e.d.s.g.GroovyScriptEngineService] [groovy] scripts are deprecated, use [painless] scripts instead
[2017-03-06T23:13:12,075][WARN ][o.e.d.s.g.GroovyScriptEngineService] [groovy] scripts are deprecated, use [painless] scripts instead
[2017-03-06T23:19:07,970][WARN ][o.e.d.s.g.GroovyScriptEngineService] [groovy] scripts are deprecated, use [painless] scripts instead
[2017-03-06T23:32:36,313][WARN ][o.e.d.s.g.GroovyScriptEngineService] [groovy] scripts are deprecated, use [painless] scripts instead
[2017-03-06T23:40:48,909][WARN ][o.e.d.s.g.GroovyScriptEngineService] [groovy] scripts are deprecated, use [painless] scripts instead
[2017-03-06T23:43:47,209][WARN ][o.e.d.s.g.GroovyScriptEngineService] [groovy] scripts are deprecated, use [painless] scripts instead
[2017-03-06T23:51:07,664][WARN ][o.e.d.s.g.GroovyScriptEngineService] [groovy] scripts are deprecated, use [painless] scripts instead
[2017-03-07T00:01:13,805][WARN ][o.e.d.s.g.GroovyScriptEngineService] [groovy] scripts are deprecated, use [painless] scripts instead
[2017-03-07T00:20:49,372][WARN ][o.e.d.s.g.GroovyScriptEngineService] [groovy] scripts are deprecated, use [painless] scripts instead
[2017-03-07T00:37:01,865][WARN ][o.e.d.s.g.GroovyScriptEngineService] [groovy] scripts are deprecated, use [painless] scripts instead
[2017-03-07T00:42:29,600][WARN ][o.e.d.s.g.GroovyScriptEngineService] [groovy] scripts are deprecated, use [painless] scripts instead
[2017-03-07T01:56:58,992][WARN ][o.e.d.s.g.GroovyScriptEngineService] [groovy] scripts are deprecated, use [painless] scripts instead
[2017-03-07T02:02:42,196][WARN ][o.e.d.s.g.GroovyScriptEngineService] [groovy] scripts are deprecated, use [painless] scripts instead
[2017-03-07T02:09:06,240][WARN ][o.e.d.s.g.GroovyScriptEngineService] [groovy] scripts are deprecated, use [painless] scripts instead
[2017-03-07T10:28:34,647][WARN ][o.e.d.s.g.GroovyScriptEngineService] [groovy] scripts are deprecated, use [painless] scripts instead
[2017-03-07T10:38:50,654][WARN ][o.e.d.s.g.GroovyScriptEngineService] [groovy] scripts are deprecated, use [painless] scripts instead
[2017-03-07T10:43:20,234][WARN ][o.e.d.s.g.GroovyScriptEngineService] [groovy] scripts are deprecated, use [painless] scripts instead
[2017-03-07T11:27:33,442][WARN ][o.e.d.s.g.GroovyScriptEngineService] [groovy] scripts are deprecated, use [painless] scripts instead
[2017-03-07T12:07:25,917][WARN ][o.e.d.s.g.GroovyScriptEngineService] [groovy] scripts are deprecated, use [painless] scripts instead
[2017-03-07T12:37:52,199][WARN ][o.e.d.c.ParseField       ] Deprecated field [type] used, replaced by [match_phrase and match_phrase_prefix query]
[2017-03-07T12:37:52,203][WARN ][o.e.d.c.ParseField       ] Deprecated field [type] used, replaced by [match_phrase and match_phrase_prefix query]
[2017-03-07T12:37:52,336][WARN ][o.e.d.c.ParseField       ] Deprecated field [type] used, replaced by [match_phrase and match_phrase_prefix query]
[2017-03-07T12:37:52,336][WARN ][o.e.d.c.ParseField       ] Deprecated field [type] used, replaced by [match_phrase and match_phrase_prefix query]
[2017-03-07T12:37:52,337][WARN ][o.e.d.c.ParseField       ] Deprecated field [type] used, replaced by [match_phrase and match_phrase_prefix query]
[2017-03-07T12:37:52,337][WARN ][o.e.d.c.ParseField       ] Deprecated field [type] used, replaced by [match_phrase and match_phrase_prefix query]
[2017-03-07T12:37:52,337][WARN ][o.e.d.c.ParseField       ] Deprecated field [type] used, replaced by [match_phrase and match_phrase_prefix query]
[2017-03-07T12:37:52,338][WARN ][o.e.d.c.ParseField       ] Deprecated field [type] used, replaced by [match_phrase and match_phrase_prefix query]
[2017-03-07T13:02:48,713][WARN ][o.e.d.s.g.GroovyScriptEngineService] [groovy] scripts are deprecated, use [painless] scripts instead
[2017-03-07T15:33:59,469][WARN ][o.e.d.s.g.GroovyScriptEngineService] [groovy] scripts are deprecated, use [painless] scripts instead
[2017-03-07T16:23:36,305][WARN ][o.e.d.s.g.GroovyScriptEngineService] [groovy] scripts are deprecated, use [painless] scripts instead
[2017-03-08T12:19:03,647][WARN ][o.e.d.s.g.GroovyScriptEngineService] [groovy] scripts are deprecated, use [painless] scripts instead
[2017-03-09T04:44:29,075][WARN ][o.e.d.s.g.GroovyScriptEngineService] [groovy] scripts are deprecated, use [painless] scripts instead
[2017-03-09T15:20:49,773][WARN ][o.e.d.s.g.GroovyScriptEngineService] [groovy] scripts are deprecated, use [painless] scripts instead
[2017-03-17T19:40:33,124][WARN ][o.e.d.s.g.GroovyScriptEngineService] [groovy] scripts are deprecated, use [painless] scripts instead
[2017-03-18T11:44:37,621][WARN ][o.e.d.s.g.GroovyScriptEngineService] [groovy] scripts are deprecated, use [painless] scripts instead
[2017-03-18T13:44:35,144][WARN ][o.e.d.s.g.GroovyScriptEngineService] [groovy] scripts are deprecated, use [painless] scripts instead
[2017-03-19T12:37:31,156][WARN ][o.e.d.s.g.GroovyScriptEngineService] [groovy] scripts are deprecated, use [painless] scripts instead
[2017-03-19T17:34:41,666][WARN ][o.e.d.s.g.GroovyScriptEngineService] [groovy] scripts are deprecated, use [painless] scripts instead
[2017-03-19T19:01:54,828][WARN ][o.e.d.s.g.GroovyScriptEngineService] [groovy] scripts are deprecated, use [painless] scripts instead
[2017-03-19T22:33:03,623][WARN ][o.e.d.s.g.GroovyScriptEngineService] [groovy] scripts are deprecated, use [painless] scripts instead
[2017-03-20T22:44:58,907][WARN ][o.e.d.s.g.GroovyScriptEngineService] [groovy] scripts are deprecated, use [painless] scripts instead
[2017-03-21T12:57:29,014][WARN ][o.e.d.s.g.GroovyScriptEngineService] [groovy] scripts are deprecated, use [painless] scripts instead
[2017-03-21T13:07:05,205][WARN ][o.e.d.s.g.GroovyScriptEngineService] [groovy] scripts are deprecated, use [painless] scripts instead
[2017-03-21T13:17:04,803][WARN ][o.e.d.i.q.QueryParseContext] query malformed, empty clause found at [1:142]
[2017-03-21T13:18:04,406][WARN ][o.e.d.i.q.QueryParseContext] query malformed, empty clause found at [1:142]
[2017-03-21T13:18:11,921][WARN ][o.e.d.i.q.QueryParseContext] query malformed, empty clause found at [1:142]
[2017-03-21T14:04:24,170][WARN ][o.e.d.i.q.QueryParseContext] query malformed, empty clause found at [1:142]
[2017-03-21T14:06:04,033][WARN ][o.e.d.i.q.QueryParseContext] query malformed, empty clause found at [1:142]
[2017-03-21T14:06:04,107][WARN ][o.e.d.i.q.QueryParseContext] query malformed, empty clause found at [1:142]
[2017-03-21T14:08:03,011][WARN ][o.e.d.i.q.QueryParseContext] query malformed, empty clause found at [1:142]
[2017-03-21T14:08:03,011][WARN ][o.e.d.i.q.QueryParseContext] query malformed, empty clause found at [1:142]
[2017-03-21T17:27:51,659][WARN ][o.e.d.s.g.GroovyScriptEngineService] [groovy] scripts are deprecated, use [painless] scripts instead
[2017-03-21T17:49:07,683][WARN ][o.e.d.s.g.GroovyScriptEngineService] [groovy] scripts are deprecated, use [painless] scripts instead
[2017-03-21T17:51:35,040][WARN ][o.e.d.i.q.QueryParseContext] query malformed, empty clause found at [1:142]
[2017-03-21T17:52:29,792][WARN ][o.e.d.i.q.QueryParseContext] query malformed, empty clause found at [1:142]
[2017-03-21T17:52:36,062][WARN ][o.e.d.i.q.QueryParseContext] query malformed, empty clause found at [1:142]
[2017-03-21T17:52:44,096][WARN ][o.e.d.i.q.QueryParseContext] query malformed, empty clause found at [1:142]
[2017-03-21T17:53:33,228][WARN ][o.e.d.i.q.QueryParseContext] query malformed, empty clause found at [1:142]
[2017-03-21T18:55:07,347][WARN ][o.e.d.i.q.QueryParseContext] query malformed, empty clause found at [1:142]
[2017-03-21T19:00:28,221][WARN ][o.e.d.i.q.QueryParseContext] query malformed, empty clause found at [1:142]
[2017-03-21T19:00:39,102][WARN ][o.e.d.i.q.QueryParseContext] query malformed, empty clause found at [1:142]
[2017-03-21T19:00:59,851][WARN ][o.e.d.i.q.QueryParseContext] query malformed, empty clause found at [1:142]
[2017-03-21T19:00:59,954][WARN ][o.e.d.i.q.QueryParseContext] query malformed, empty clause found at [1:142]
[2017-03-21T19:01:02,414][WARN ][o.e.d.i.q.QueryParseContext] query malformed, empty clause found at [1:142]
[2017-03-21T19:01:02,482][WARN ][o.e.d.i.q.QueryParseContext] query malformed, empty clause found at [1:142]
[2017-03-21T19:01:15,868][WARN ][o.e.d.i.q.QueryParseContext] query malformed, empty clause found at [1:142]
[2017-03-21T19:01:58,095][WARN ][o.e.d.i.q.QueryParseContext] query malformed, empty clause found at [1:142]
[2017-03-21T19:02:03,086][WARN ][o.e.d.i.q.QueryParseContext] query malformed, empty clause found at [1:142]
[2017-03-21T19:02:08,081][WARN ][o.e.d.i.q.QueryParseContext] query malformed, empty clause found at [1:142]
[2017-03-21T19:02:13,083][WARN ][o.e.d.i.q.QueryParseContext] query malformed, empty clause found at [1:142]
[2017-03-21T19:02:18,090][WARN ][o.e.d.i.q.QueryParseContext] query malformed, empty clause found at [1:142]
[2017-03-21T19:02:19,197][WARN ][o.e.d.i.q.QueryParseContext] query malformed, empty clause found at [1:142]
[2017-03-21T19:02:23,084][WARN ][o.e.d.i.q.QueryParseContext] query malformed, empty clause found at [1:142]
[2017-03-21T19:02:28,084][WARN ][o.e.d.i.q.QueryParseContext] query malformed, empty clause found at [1:142]
[2017-03-21T19:02:33,104][WARN ][o.e.d.i.q.QueryParseContext] query malformed, empty clause found at [1:142]
[2017-03-21T19:02:38,105][WARN ][o.e.d.i.q.QueryParseContext] query malformed, empty clause found at [1:142]
[2017-03-21T19:02:41,148][WARN ][o.e.d.i.q.QueryParseContext] query malformed, empty clause found at [1:142]
[2017-03-21T19:02:43,104][WARN ][o.e.d.i.q.QueryParseContext] query malformed, empty clause found at [1:142]
[2017-03-21T19:02:47,258][WARN ][o.e.d.i.q.QueryParseContext] query malformed, empty clause found at [1:142]
[2017-03-21T19:02:48,103][WARN ][o.e.d.i.q.QueryParseContext] query malformed, empty clause found at [1:142]
[2017-03-21T19:02:53,106][WARN ][o.e.d.i.q.QueryParseContext] query malformed, empty clause found at [1:142]
[2017-03-21T19:02:58,118][WARN ][o.e.d.i.q.QueryParseContext] query malformed, empty clause found at [1:142]
[2017-03-21T19:03:03,110][WARN ][o.e.d.i.q.QueryParseContext] query malformed, empty clause found at [1:142]
[2017-03-21T19:03:08,108][WARN ][o.e.d.i.q.QueryParseContext] query malformed, empty clause found at [1:142]
[2017-03-21T19:03:13,108][WARN ][o.e.d.i.q.QueryParseContext] query malformed, empty clause found at [1:142]
[2017-03-21T19:03:18,111][WARN ][o.e.d.i.q.QueryParseContext] query malformed, empty clause found at [1:142]
[2017-03-21T19:03:23,112][WARN ][o.e.d.i.q.QueryParseContext] query malformed, empty clause found at [1:142]
[2017-03-21T19:03:28,112][WARN ][o.e.d.i.q.QueryParseContext] query malformed, empty clause found at [1:142]
[2017-03-21T19:03:33,112][WARN ][o.e.d.i.q.QueryParseContext] query malformed, empty clause found at [1:142]
[2017-03-21T19:03:38,116][WARN ][o.e.d.i.q.QueryParseContext] query malformed, empty clause found at [1:142]
[2017-03-21T19:03:43,113][WARN ][o.e.d.i.q.QueryParseContext] query malformed, empty clause found at [1:142]
[2017-03-21T19:03:48,117][WARN ][o.e.d.i.q.QueryParseContext] query malformed, empty clause found at [1:142]
[2017-03-21T19:03:53,121][WARN ][o.e.d.i.q.QueryParseContext] query malformed, empty clause found at [1:142]
[2017-03-21T19:04:03,178][WARN ][o.e.d.i.q.QueryParseContext] query malformed, empty clause found at [1:142]
[2017-03-21T19:04:05,975][WARN ][o.e.d.i.q.QueryParseContext] query malformed, empty clause found at [1:142]
[2017-03-21T19:04:07,584][WARN ][o.e.d.i.q.QueryParseContext] query malformed, empty clause found at [1:142]
[2017-03-21T19:04:07,675][WARN ][o.e.d.i.q.QueryParseContext] query malformed, empty clause found at [1:142]
[2017-03-21T19:04:08,146][WARN ][o.e.d.i.q.QueryParseContext] query malformed, empty clause found at [1:142]
[2017-03-21T19:04:08,860][WARN ][o.e.d.i.q.QueryParseContext] query malformed, empty clause found at [1:142]
[2017-03-21T19:04:08,882][WARN ][o.e.d.i.q.QueryParseContext] query malformed, empty clause found at [1:142]
[2017-03-21T19:04:09,157][WARN ][o.e.d.i.q.QueryParseContext] query malformed, empty clause found at [1:142]
[2017-03-21T19:04:09,195][WARN ][o.e.d.i.q.QueryParseContext] query malformed, empty clause found at [1:142]
[2017-03-21T19:04:09,404][WARN ][o.e.d.i.q.QueryParseContext] query malformed, empty clause found at [1:142]
[2017-03-21T19:04:09,437][WARN ][o.e.d.i.q.QueryParseContext] query malformed, empty clause found at [1:142]
[2017-03-21T19:04:09,730][WARN ][o.e.d.i.q.QueryParseContext] query malformed, empty clause found at [1:142]
[2017-03-21T19:04:09,753][WARN ][o.e.d.i.q.QueryParseContext] query malformed, empty clause found at [1:142]
[2017-03-21T19:04:13,124][WARN ][o.e.d.i.q.QueryParseContext] query malformed, empty clause found at [1:142]
[2017-03-21T19:04:16,380][WARN ][o.e.d.i.q.QueryParseContext] query malformed, empty clause found at [1:142]
[2017-03-21T19:04:18,134][WARN ][o.e.d.i.q.QueryParseContext] query malformed, empty clause found at [1:142]
[2017-03-21T19:04:20,885][WARN ][o.e.d.i.q.QueryParseContext] query malformed, empty clause found at [1:142]
[2017-03-21T19:04:22,983][WARN ][o.e.d.i.q.QueryParseContext] query malformed, empty clause found at [1:142]
[2017-03-21T19:04:23,124][WARN ][o.e.d.i.q.QueryParseContext] query malformed, empty clause found at [1:142]
[2017-03-21T19:04:26,119][WARN ][o.e.d.i.q.QueryParseContext] query malformed, empty clause found at [1:142]
[2017-03-21T19:04:28,128][WARN ][o.e.d.i.q.QueryParseContext] query malformed, empty clause found at [1:142]
[2017-03-21T19:04:29,061][WARN ][o.e.d.i.q.QueryParseContext] query malformed, empty clause found at [1:142]
[2017-03-21T19:04:29,145][WARN ][o.e.d.i.q.QueryParseContext] query malformed, empty clause found at [1:142]
[2017-03-21T19:04:30,939][WARN ][o.e.d.i.q.QueryParseContext] query malformed, empty clause found at [1:142]
[2017-03-21T19:04:30,971][WARN ][o.e.d.i.q.QueryParseContext] query malformed, empty clause found at [1:142]
[2017-03-21T19:04:33,128][WARN ][o.e.d.i.q.QueryParseContext] query malformed, empty clause found at [1:142]
[2017-03-21T19:04:38,130][WARN ][o.e.d.i.q.QueryParseContext] query malformed, empty clause found at [1:142]
[2017-03-21T19:04:43,130][WARN ][o.e.d.i.q.QueryParseContext] query malformed, empty clause found at [1:142]
[2017-03-21T19:04:48,129][WARN ][o.e.d.i.q.QueryParseContext] query malformed, empty clause found at [1:142]
[2017-03-21T19:04:53,133][WARN ][o.e.d.i.q.QueryParseContext] query malformed, empty clause found at [1:142]
[2017-03-21T19:04:58,138][WARN ][o.e.d.i.q.QueryParseContext] query malformed, empty clause found at [1:142]
[2017-03-21T19:05:03,135][WARN ][o.e.d.i.q.QueryParseContext] query malformed, empty clause found at [1:142]
[2017-03-21T19:05:08,153][WARN ][o.e.d.i.q.QueryParseContext] query malformed, empty clause found at [1:142]
[2017-03-21T19:05:13,131][WARN ][o.e.d.i.q.QueryParseContext] query malformed, empty clause found at [1:142]
[2017-03-21T19:05:18,135][WARN ][o.e.d.i.q.QueryParseContext] query malformed, empty clause found at [1:142]
[2017-03-21T19:05:23,141][WARN ][o.e.d.i.q.QueryParseContext] query malformed, empty clause found at [1:142]
[2017-03-21T19:05:25,995][WARN ][o.e.d.i.q.QueryParseContext] query malformed, empty clause found at [1:142]
[2017-03-21T19:05:28,137][WARN ][o.e.d.i.q.QueryParseContext] query malformed, empty clause found at [1:142]
[2017-03-21T19:05:33,139][WARN ][o.e.d.i.q.QueryParseContext] query malformed, empty clause found at [1:142]
[2017-03-21T19:05:38,138][WARN ][o.e.d.i.q.QueryParseContext] query malformed, empty clause found at [1:142]
[2017-03-21T19:05:43,143][WARN ][o.e.d.i.q.QueryParseContext] query malformed, empty clause found at [1:142]
[2017-03-21T19:05:48,139][WARN ][o.e.d.i.q.QueryParseContext] query malformed, empty clause found at [1:142]
[2017-03-21T19:05:53,141][WARN ][o.e.d.i.q.QueryParseContext] query malformed, empty clause found at [1:142]
[2017-03-21T19:05:58,142][WARN ][o.e.d.i.q.QueryParseContext] query malformed, empty clause found at [1:142]
[2017-03-21T19:06:03,144][WARN ][o.e.d.i.q.QueryParseContext] query malformed, empty clause found at [1:142]
[2017-03-21T19:06:08,143][WARN ][o.e.d.i.q.QueryParseContext] query malformed, empty clause found at [1:142]
[2017-03-21T19:06:09,801][WARN ][o.e.d.i.q.QueryParseContext] query malformed, empty clause found at [1:142]
[2017-03-21T19:06:13,154][WARN ][o.e.d.i.q.QueryParseContext] query malformed, empty clause found at [1:142]
[2017-03-21T19:06:18,150][WARN ][o.e.d.i.q.QueryParseContext] query malformed, empty clause found at [1:142]
[2017-03-21T19:06:18,918][WARN ][o.e.d.i.q.QueryParseContext] query malformed, empty clause found at [1:142]
[2017-03-21T19:06:23,146][WARN ][o.e.d.i.q.QueryParseContext] query malformed, empty clause found at [1:142]
[2017-03-21T19:06:28,147][WARN ][o.e.d.i.q.QueryParseContext] query malformed, empty clause found at [1:142]
[2017-03-21T19:06:30,972][WARN ][o.e.d.i.q.QueryParseContext] query malformed, empty clause found at [1:142]
[2017-03-21T19:06:33,150][WARN ][o.e.d.i.q.QueryParseContext] query malformed, empty clause found at [1:142]
[2017-03-21T19:06:38,202][WARN ][o.e.d.i.q.QueryParseContext] query malformed, empty clause found at [1:142]
[2017-03-21T19:06:43,154][WARN ][o.e.d.i.q.QueryParseContext] query malformed, empty clause found at [1:142]
[2017-03-21T19:06:48,162][WARN ][o.e.d.i.q.QueryParseContext] query malformed, empty clause found at [1:142]
[2017-03-21T19:06:53,159][WARN ][o.e.d.i.q.QueryParseContext] query malformed, empty clause found at [1:142]
[2017-03-21T19:06:58,162][WARN ][o.e.d.i.q.QueryParseContext] query malformed, empty clause found at [1:142]
[2017-03-21T19:07:03,157][WARN ][o.e.d.i.q.QueryParseContext] query malformed, empty clause found at [1:142]
[2017-03-21T19:07:08,166][WARN ][o.e.d.i.q.QueryParseContext] query malformed, empty clause found at [1:142]
[2017-03-21T19:07:11,421][WARN ][o.e.d.i.q.QueryParseContext] query malformed, empty clause found at [1:142]
[2017-03-21T19:07:13,154][WARN ][o.e.d.i.q.QueryParseContext] query malformed, empty clause found at [1:142]
[2017-03-21T19:07:18,156][WARN ][o.e.d.i.q.QueryParseContext] query malformed, empty clause found at [1:142]
[2017-03-21T19:07:23,156][WARN ][o.e.d.i.q.QueryParseContext] query malformed, empty clause found at [1:142]
[2017-03-21T19:07:28,166][WARN ][o.e.d.i.q.QueryParseContext] query malformed, empty clause found at [1:142]
[2017-03-21T19:07:33,161][WARN ][o.e.d.i.q.QueryParseContext] query malformed, empty clause found at [1:142]
[2017-03-21T19:07:38,169][WARN ][o.e.d.i.q.QueryParseContext] query malformed, empty clause found at [1:142]
[2017-03-21T19:07:43,164][WARN ][o.e.d.i.q.QueryParseContext] query malformed, empty clause found at [1:142]
[2017-03-21T19:07:48,168][WARN ][o.e.d.i.q.QueryParseContext] query malformed, empty clause found at [1:142]
[2017-03-21T19:07:53,169][WARN ][o.e.d.i.q.QueryParseContext] query malformed, empty clause found at [1:142]
[2017-03-21T19:07:58,168][WARN ][o.e.d.i.q.QueryParseContext] query malformed, empty clause found at [1:142]
[2017-03-21T19:08:03,168][WARN ][o.e.d.i.q.QueryParseContext] query malformed, empty clause found at [1:142]
[2017-03-21T19:08:08,173][WARN ][o.e.d.i.q.QueryParseContext] query malformed, empty clause found at [1:142]
[2017-03-21T19:08:52,083][WARN ][o.e.d.i.q.QueryParseContext] query malformed, empty clause found at [1:142]
[2017-03-21T19:08:53,185][WARN ][o.e.d.i.q.QueryParseContext] query malformed, empty clause found at [1:142]
[2017-03-21T19:08:58,184][WARN ][o.e.d.i.q.QueryParseContext] query malformed, empty clause found at [1:142]
[2017-03-21T19:08:58,933][WARN ][o.e.d.i.q.QueryParseContext] query malformed, empty clause found at [1:142]
[2017-03-21T19:09:03,183][WARN ][o.e.d.i.q.QueryParseContext] query malformed, empty clause found at [1:142]
[2017-03-21T19:09:08,186][WARN ][o.e.d.i.q.QueryParseContext] query malformed, empty clause found at [1:142]
[2017-03-21T19:09:13,183][WARN ][o.e.d.i.q.QueryParseContext] query malformed, empty clause found at [1:142]
[2017-03-21T19:09:18,187][WARN ][o.e.d.i.q.QueryParseContext] query malformed, empty clause found at [1:142]
[2017-03-21T19:09:23,190][WARN ][o.e.d.i.q.QueryParseContext] query malformed, empty clause found at [1:142]
[2017-03-21T19:09:28,186][WARN ][o.e.d.i.q.QueryParseContext] query malformed, empty clause found at [1:142]
[2017-03-21T19:09:33,189][WARN ][o.e.d.i.q.QueryParseContext] query malformed, empty clause found at [1:142]
[2017-03-21T19:09:38,197][WARN ][o.e.d.i.q.QueryParseContext] query malformed, empty clause found at [1:142]
[2017-03-21T19:09:43,194][WARN ][o.e.d.i.q.QueryParseContext] query malformed, empty clause found at [1:142]
[2017-03-21T19:09:48,193][WARN ][o.e.d.i.q.QueryParseContext] query malformed, empty clause found at [1:142]
[2017-03-21T19:09:56,690][WARN ][o.e.d.i.q.QueryParseContext] query malformed, empty clause found at [1:142]
[2017-03-21T19:09:58,193][WARN ][o.e.d.i.q.QueryParseContext] query malformed, empty clause found at [1:142]
[2017-03-21T19:10:03,191][WARN ][o.e.d.i.q.QueryParseContext] query malformed, empty clause found at [1:142]
[2017-03-21T19:10:08,191][WARN ][o.e.d.i.q.QueryParseContext] query malformed, empty clause found at [1:142]
[2017-03-21T19:10:13,205][WARN ][o.e.d.i.q.QueryParseContext] query malformed, empty clause found at [1:142]
[2017-03-21T19:10:18,202][WARN ][o.e.d.i.q.QueryParseContext] query malformed, empty clause found at [1:142]
[2017-03-21T19:10:19,412][WARN ][o.e.d.i.q.QueryParseContext] query malformed, empty clause found at [1:142]
[2017-03-21T19:10:21,176][WARN ][o.e.d.i.q.QueryParseContext] query malformed, empty clause found at [1:142]
[2017-03-21T19:10:23,700][WARN ][o.e.d.i.q.QueryParseContext] query malformed, empty clause found at [1:142]
[2017-03-21T19:10:31,164][WARN ][o.e.d.i.q.QueryParseContext] query malformed, empty clause found at [1:142]
[2017-03-21T19:10:41,169][WARN ][o.e.d.i.q.QueryParseContext] query malformed, empty clause found at [1:142]
[2017-03-21T19:10:51,173][WARN ][o.e.d.i.q.QueryParseContext] query malformed, empty clause found at [1:142]
[2017-03-21T19:11:01,175][WARN ][o.e.d.i.q.QueryParseContext] query malformed, empty clause found at [1:142]
[2017-03-21T19:11:11,172][WARN ][o.e.d.i.q.QueryParseContext] query malformed, empty clause found at [1:142]
[2017-03-21T19:11:17,808][WARN ][o.e.d.i.q.QueryParseContext] query malformed, empty clause found at [1:142]
[2017-03-21T19:11:22,802][WARN ][o.e.d.i.q.QueryParseContext] query malformed, empty clause found at [1:142]
[2017-03-21T19:11:24,185][WARN ][o.e.d.i.q.QueryParseContext] query malformed, empty clause found at [1:142]
[2017-03-21T19:11:27,800][WARN ][o.e.d.i.q.QueryParseContext] query malformed, empty clause found at [1:142]
[2017-03-21T19:11:32,806][WARN ][o.e.d.i.q.QueryParseContext] query malformed, empty clause found at [1:142]
[2017-03-21T19:11:37,801][WARN ][o.e.d.i.q.QueryParseContext] query malformed, empty clause found at [1:142]
[2017-03-21T19:11:42,803][WARN ][o.e.d.i.q.QueryParseContext] query malformed, empty clause found at [1:142]
[2017-03-21T19:11:47,807][WARN ][o.e.d.i.q.QueryParseContext] query malformed, empty clause found at [1:142]
[2017-03-21T19:11:52,810][WARN ][o.e.d.i.q.QueryParseContext] query malformed, empty clause found at [1:142]
[2017-03-21T19:11:57,819][WARN ][o.e.d.i.q.QueryParseContext] query malformed, empty clause found at [1:142]
[2017-03-21T19:12:02,812][WARN ][o.e.d.i.q.QueryParseContext] query malformed, empty clause found at [1:142]
[2017-03-21T19:12:07,811][WARN ][o.e.d.i.q.QueryParseContext] query malformed, empty clause found at [1:142]
[2017-03-21T19:12:12,815][WARN ][o.e.d.i.q.QueryParseContext] query malformed, empty clause found at [1:142]
[2017-03-21T19:12:17,830][WARN ][o.e.d.i.q.QueryParseContext] query malformed, empty clause found at [1:142]
[2017-03-21T19:12:22,817][WARN ][o.e.d.i.q.QueryParseContext] query malformed, empty clause found at [1:142]
[2017-03-21T19:12:27,815][WARN ][o.e.d.i.q.QueryParseContext] query malformed, empty clause found at [1:142]
[2017-03-21T19:12:32,821][WARN ][o.e.d.i.q.QueryParseContext] query malformed, empty clause found at [1:142]
[2017-03-21T19:12:36,130][WARN ][o.e.d.i.q.QueryParseContext] query malformed, empty clause found at [1:142]
[2017-03-21T19:12:36,216][WARN ][o.e.d.i.q.QueryParseContext] query malformed, empty clause found at [1:142]
[2017-03-21T19:12:37,818][WARN ][o.e.d.i.q.QueryParseContext] query malformed, empty clause found at [1:142]
[2017-03-21T19:12:42,820][WARN ][o.e.d.i.q.QueryParseContext] query malformed, empty clause found at [1:142]
[2017-03-21T19:12:47,822][WARN ][o.e.d.i.q.QueryParseContext] query malformed, empty clause found at [1:142]
[2017-03-21T19:12:52,823][WARN ][o.e.d.i.q.QueryParseContext] query malformed, empty clause found at [1:142]
[2017-03-21T19:12:57,826][WARN ][o.e.d.i.q.QueryParseContext] query malformed, empty clause found at [1:142]
[2017-03-21T19:13:02,828][WARN ][o.e.d.i.q.QueryParseContext] query malformed, empty clause found at [1:142]
[2017-03-21T19:13:07,828][WARN ][o.e.d.i.q.QueryParseContext] query malformed, empty clause found at [1:142]
[2017-03-21T19:13:12,829][WARN ][o.e.d.i.q.QueryParseContext] query malformed, empty clause found at [1:142]
[2017-03-21T19:13:17,829][WARN ][o.e.d.i.q.QueryParseContext] query malformed, empty clause found at [1:142]
[2017-03-21T19:13:22,828][WARN ][o.e.d.i.q.QueryParseContext] query malformed, empty clause found at [1:142]
[2017-03-21T19:13:27,883][WARN ][o.e.d.i.q.QueryParseContext] query malformed, empty clause found at [1:142]
[2017-03-21T19:13:32,837][WARN ][o.e.d.i.q.QueryParseContext] query malformed, empty clause found at [1:142]
[2017-03-21T19:13:37,836][WARN ][o.e.d.i.q.QueryParseContext] query malformed, empty clause found at [1:142]
[2017-03-21T19:13:42,834][WARN ][o.e.d.i.q.QueryParseContext] query malformed, empty clause found at [1:142]
[2017-03-21T19:13:47,887][WARN ][o.e.d.i.q.QueryParseContext] query malformed, empty clause found at [1:142]
[2017-03-21T19:13:52,840][WARN ][o.e.d.i.q.QueryParseContext] query malformed, empty clause found at [1:142]
[2017-03-21T19:13:57,840][WARN ][o.e.d.i.q.QueryParseContext] query malformed, empty clause found at [1:142]
[2017-03-21T19:14:02,843][WARN ][o.e.d.i.q.QueryParseContext] query malformed, empty clause found at [1:142]
[2017-03-21T19:14:07,839][WARN ][o.e.d.i.q.QueryParseContext] query malformed, empty clause found at [1:142]
[2017-03-21T19:14:12,844][WARN ][o.e.d.i.q.QueryParseContext] query malformed, empty clause found at [1:142]
[2017-03-21T19:14:17,842][WARN ][o.e.d.i.q.QueryParseContext] query malformed, empty clause found at [1:142]
[2017-03-21T19:14:22,845][WARN ][o.e.d.i.q.QueryParseContext] query malformed, empty clause found at [1:142]
[2017-03-21T19:14:27,846][WARN ][o.e.d.i.q.QueryParseContext] query malformed, empty clause found at [1:142]
[2017-03-21T19:14:30,346][WARN ][o.e.d.i.q.QueryParseContext] query malformed, empty clause found at [1:142]
[2017-03-21T19:14:30,366][WARN ][o.e.d.i.q.QueryParseContext] query malformed, empty clause found at [1:142]
[2017-03-21T19:14:32,845][WARN ][o.e.d.i.q.QueryParseContext] query malformed, empty clause found at [1:142]
[2017-03-21T19:14:37,846][WARN ][o.e.d.i.q.QueryParseContext] query malformed, empty clause found at [1:142]
[2017-03-21T19:14:42,851][WARN ][o.e.d.i.q.QueryParseContext] query malformed, empty clause found at [1:142]
[2017-03-21T19:14:47,849][WARN ][o.e.d.i.q.QueryParseContext] query malformed, empty clause found at [1:142]
[2017-03-21T19:14:52,849][WARN ][o.e.d.i.q.QueryParseContext] query malformed, empty clause found at [1:142]
[2017-03-21T19:14:57,856][WARN ][o.e.d.i.q.QueryParseContext] query malformed, empty clause found at [1:142]
[2017-03-21T19:15:02,853][WARN ][o.e.d.i.q.QueryParseContext] query malformed, empty clause found at [1:142]
[2017-03-21T19:15:07,865][WARN ][o.e.d.i.q.QueryParseContext] query malformed, empty clause found at [1:142]
[2017-03-21T19:15:11,728][WARN ][o.e.d.i.q.QueryParseContext] query malformed, empty clause found at [1:142]
[2017-03-21T19:15:12,850][WARN ][o.e.d.i.q.QueryParseContext] query malformed, empty clause found at [1:142]
[2017-03-21T19:15:17,858][WARN ][o.e.d.i.q.QueryParseContext] query malformed, empty clause found at [1:142]
[2017-03-21T19:15:19,600][WARN ][o.e.d.i.q.QueryParseContext] query malformed, empty clause found at [1:142]
[2017-03-21T19:15:22,855][WARN ][o.e.d.i.q.QueryParseContext] query malformed, empty clause found at [1:142]
[2017-03-21T19:15:23,959][WARN ][o.e.d.i.q.QueryParseContext] query malformed, empty clause found at [1:142]
[2017-03-21T19:15:27,857][WARN ][o.e.d.i.q.QueryParseContext] query malformed, empty clause found at [1:142]
[2017-03-21T19:15:32,857][WARN ][o.e.d.i.q.QueryParseContext] query malformed, empty clause found at [1:142]
[2017-03-21T19:15:37,859][WARN ][o.e.d.i.q.QueryParseContext] query malformed, empty clause found at [1:142]
[2017-03-21T19:15:42,859][WARN ][o.e.d.i.q.QueryParseContext] query malformed, empty clause found at [1:142]
[2017-03-21T19:15:47,861][WARN ][o.e.d.i.q.QueryParseContext] query malformed, empty clause found at [1:142]
[2017-03-21T19:15:52,861][WARN ][o.e.d.i.q.QueryParseContext] query malformed, empty clause found at [1:142]
[2017-03-21T19:15:57,865][WARN ][o.e.d.i.q.QueryParseContext] query malformed, empty clause found at [1:142]
[2017-03-21T19:16:02,863][WARN ][o.e.d.i.q.QueryParseContext] query malformed, empty clause found at [1:142]
[2017-03-21T19:16:07,866][WARN ][o.e.d.i.q.QueryParseContext] query malformed, empty clause found at [1:142]
[2017-03-21T19:16:12,867][WARN ][o.e.d.i.q.QueryParseContext] query malformed, empty clause found at [1:142]
[2017-03-21T19:16:17,867][WARN ][o.e.d.i.q.QueryParseContext] query malformed, empty clause found at [1:142]
[2017-03-21T19:16:22,868][WARN ][o.e.d.i.q.QueryParseContext] query malformed, empty clause found at [1:142]
[2017-03-21T19:16:27,870][WARN ][o.e.d.i.q.QueryParseContext] query malformed, empty clause found at [1:142]
[2017-03-21T19:16:32,869][WARN ][o.e.d.i.q.QueryParseContext] query malformed, empty clause found at [1:142]
[2017-03-21T19:16:37,870][WARN ][o.e.d.i.q.QueryParseContext] query malformed, empty clause found at [1:142]
[2017-03-21T19:16:42,875][WARN ][o.e.d.i.q.QueryParseContext] query malformed, empty clause found at [1:142]
[2017-03-21T19:16:47,876][WARN ][o.e.d.i.q.QueryParseContext] query malformed, empty clause found at [1:142]
[2017-03-21T20:16:30,843][WARN ][o.e.d.s.g.GroovyScriptEngineService] [groovy] scripts are deprecated, use [painless] scripts instead
[2017-03-25T13:55:40,544][WARN ][o.e.d.s.g.GroovyScriptEngineService] [groovy] scripts are deprecated, use [painless] scripts instead
[2017-03-25T14:50:40,189][WARN ][o.e.d.s.g.GroovyScriptEngineService] [groovy] scripts are deprecated, use [painless] scripts instead
[2017-03-25T14:57:53,019][WARN ][o.e.d.s.g.GroovyScriptEngineService] [groovy] scripts are deprecated, use [painless] scripts instead
[2017-03-25T14:59:00,917][WARN ][o.e.d.s.g.GroovyScriptEngineService] [groovy] scripts are deprecated, use [painless] scripts instead
[2017-03-25T15:00:35,676][WARN ][o.e.d.s.g.GroovyScriptEngineService] [groovy] scripts are deprecated, use [painless] scripts instead
[2017-03-27T19:08:10,871][WARN ][o.e.d.s.g.GroovyScriptEngineService] [groovy] scripts are deprecated, use [painless] scripts instead
[2017-03-27T19:09:39,547][WARN ][o.e.d.s.g.GroovyScriptEngineService] [groovy] scripts are deprecated, use [painless] scripts instead
