[2017-03-21T12:57:25,202][INFO ][o.e.n.Node               ] [] initializing ...
[2017-03-21T12:57:25,883][INFO ][o.e.e.NodeEnvironment    ] [e1S9kLk] using [1] data paths, mounts [[/ (/dev/sda5)]], net usable_space [186.6gb], net total_space [232.4gb], spins? [possibly], types [ext4]
[2017-03-21T12:57:25,884][INFO ][o.e.e.NodeEnvironment    ] [e1S9kLk] heap size [1.9gb], compressed ordinary object pointers [true]
[2017-03-21T12:57:26,427][INFO ][o.e.n.Node               ] node name [e1S9kLk] derived from node ID [e1S9kLkiRTe8EA6bNImzaw]; set [node.name] to override
[2017-03-21T12:57:26,505][INFO ][o.e.n.Node               ] version[5.1.1], pid[11951], build[5395e21/2016-12-06T12:36:15.409Z], OS[Linux/4.4.0-66-generic/amd64], JVM[Oracle Corporation/Java HotSpot(TM) 64-Bit Server VM/1.8.0_121/25.121-b13]
[2017-03-21T12:57:28,287][INFO ][o.e.p.PluginsService     ] [e1S9kLk] loaded module [aggs-matrix-stats]
[2017-03-21T12:57:28,287][INFO ][o.e.p.PluginsService     ] [e1S9kLk] loaded module [ingest-common]
[2017-03-21T12:57:28,287][INFO ][o.e.p.PluginsService     ] [e1S9kLk] loaded module [lang-expression]
[2017-03-21T12:57:28,287][INFO ][o.e.p.PluginsService     ] [e1S9kLk] loaded module [lang-groovy]
[2017-03-21T12:57:28,287][INFO ][o.e.p.PluginsService     ] [e1S9kLk] loaded module [lang-mustache]
[2017-03-21T12:57:28,288][INFO ][o.e.p.PluginsService     ] [e1S9kLk] loaded module [lang-painless]
[2017-03-21T12:57:28,288][INFO ][o.e.p.PluginsService     ] [e1S9kLk] loaded module [percolator]
[2017-03-21T12:57:28,288][INFO ][o.e.p.PluginsService     ] [e1S9kLk] loaded module [reindex]
[2017-03-21T12:57:28,288][INFO ][o.e.p.PluginsService     ] [e1S9kLk] loaded module [transport-netty3]
[2017-03-21T12:57:28,288][INFO ][o.e.p.PluginsService     ] [e1S9kLk] loaded module [transport-netty4]
[2017-03-21T12:57:28,289][INFO ][o.e.p.PluginsService     ] [e1S9kLk] no plugins loaded
[2017-03-21T12:57:32,023][INFO ][o.e.n.Node               ] initialized
[2017-03-21T12:57:32,024][INFO ][o.e.n.Node               ] [e1S9kLk] starting ...
[2017-03-21T12:57:32,515][INFO ][o.e.t.TransportService   ] [e1S9kLk] publish_address {127.0.0.1:9300}, bound_addresses {[::1]:9300}, {127.0.0.1:9300}
[2017-03-21T12:57:35,671][INFO ][o.e.c.s.ClusterService   ] [e1S9kLk] new_master {e1S9kLk}{e1S9kLkiRTe8EA6bNImzaw}{pyyUVSaQSz-rzMnlDmlOsg}{127.0.0.1}{127.0.0.1:9300}, reason: zen-disco-elected-as-master ([0] nodes joined)
[2017-03-21T12:57:35,736][INFO ][o.e.h.HttpServer         ] [e1S9kLk] publish_address {127.0.0.1:9200}, bound_addresses {[::1]:9200}, {127.0.0.1:9200}
[2017-03-21T12:57:35,736][INFO ][o.e.n.Node               ] [e1S9kLk] started
[2017-03-21T12:57:36,899][INFO ][o.e.g.GatewayService     ] [e1S9kLk] recovered [5] indices into cluster_state
[2017-03-21T12:57:43,194][INFO ][o.e.c.r.a.AllocationService] [e1S9kLk] Cluster health status changed from [RED] to [YELLOW] (reason: [shards started [[spark][0]] ...]).
[2017-03-21T13:02:42,217][INFO ][o.e.c.m.MetaDataCreateIndexService] [e1S9kLk] [tweets] creating index, cause [api], templates [], shards [5]/[1], mappings [tweetStatus]
[2017-03-21T13:05:18,125][INFO ][o.e.c.m.MetaDataMappingService] [e1S9kLk] [tweets/bKFjsEfMTxO688dEmJInUQ] create_mapping [tweet]
[2017-03-21T13:05:18,172][INFO ][o.e.c.m.MetaDataMappingService] [e1S9kLk] [tweets/bKFjsEfMTxO688dEmJInUQ] update_mapping [tweet]
[2017-03-21T13:05:18,210][INFO ][o.e.c.m.MetaDataMappingService] [e1S9kLk] [tweets/bKFjsEfMTxO688dEmJInUQ] update_mapping [tweet]
[2017-03-21T13:05:18,241][INFO ][o.e.c.m.MetaDataMappingService] [e1S9kLk] [tweets/bKFjsEfMTxO688dEmJInUQ] update_mapping [tweet]
[2017-03-21T13:05:18,639][INFO ][o.e.c.m.MetaDataMappingService] [e1S9kLk] [tweets/bKFjsEfMTxO688dEmJInUQ] update_mapping [tweet]
[2017-03-21T13:05:18,850][INFO ][o.e.c.m.MetaDataMappingService] [e1S9kLk] [tweets/bKFjsEfMTxO688dEmJInUQ] update_mapping [tweet]
[2017-03-21T13:05:31,845][INFO ][o.e.c.m.MetaDataMappingService] [e1S9kLk] [tweets/bKFjsEfMTxO688dEmJInUQ] update_mapping [tweet]
[2017-03-21T13:05:44,669][INFO ][o.e.c.m.MetaDataMappingService] [e1S9kLk] [tweets/bKFjsEfMTxO688dEmJInUQ] update_mapping [tweet]
[2017-03-21T13:05:53,774][INFO ][o.e.c.m.MetaDataMappingService] [e1S9kLk] [tweets/bKFjsEfMTxO688dEmJInUQ] update_mapping [tweet]
[2017-03-21T13:06:21,710][INFO ][o.e.n.Node               ] [e1S9kLk] stopping ...
[2017-03-21T13:06:25,132][INFO ][o.e.n.Node               ] [e1S9kLk] stopped
[2017-03-21T13:06:25,132][INFO ][o.e.n.Node               ] [e1S9kLk] closing ...
[2017-03-21T13:06:25,162][INFO ][o.e.n.Node               ] [e1S9kLk] closed
[2017-03-21T13:06:53,661][INFO ][o.e.n.Node               ] [] initializing ...
[2017-03-21T13:06:55,951][INFO ][o.e.e.NodeEnvironment    ] [e1S9kLk] using [1] data paths, mounts [[/ (/dev/sda5)]], net usable_space [186.6gb], net total_space [232.4gb], spins? [possibly], types [ext4]
[2017-03-21T13:06:55,951][INFO ][o.e.e.NodeEnvironment    ] [e1S9kLk] heap size [1.9gb], compressed ordinary object pointers [true]
[2017-03-21T13:07:00,819][INFO ][o.e.n.Node               ] node name [e1S9kLk] derived from node ID [e1S9kLkiRTe8EA6bNImzaw]; set [node.name] to override
[2017-03-21T13:07:00,888][INFO ][o.e.n.Node               ] version[5.1.1], pid[12542], build[5395e21/2016-12-06T12:36:15.409Z], OS[Linux/4.4.0-66-generic/amd64], JVM[Oracle Corporation/Java HotSpot(TM) 64-Bit Server VM/1.8.0_121/25.121-b13]
[2017-03-21T13:07:04,333][INFO ][o.e.p.PluginsService     ] [e1S9kLk] loaded module [aggs-matrix-stats]
[2017-03-21T13:07:04,334][INFO ][o.e.p.PluginsService     ] [e1S9kLk] loaded module [ingest-common]
[2017-03-21T13:07:04,334][INFO ][o.e.p.PluginsService     ] [e1S9kLk] loaded module [lang-expression]
[2017-03-21T13:07:04,334][INFO ][o.e.p.PluginsService     ] [e1S9kLk] loaded module [lang-groovy]
[2017-03-21T13:07:04,334][INFO ][o.e.p.PluginsService     ] [e1S9kLk] loaded module [lang-mustache]
[2017-03-21T13:07:04,334][INFO ][o.e.p.PluginsService     ] [e1S9kLk] loaded module [lang-painless]
[2017-03-21T13:07:04,335][INFO ][o.e.p.PluginsService     ] [e1S9kLk] loaded module [percolator]
[2017-03-21T13:07:04,335][INFO ][o.e.p.PluginsService     ] [e1S9kLk] loaded module [reindex]
[2017-03-21T13:07:04,335][INFO ][o.e.p.PluginsService     ] [e1S9kLk] loaded module [transport-netty3]
[2017-03-21T13:07:04,335][INFO ][o.e.p.PluginsService     ] [e1S9kLk] loaded module [transport-netty4]
[2017-03-21T13:07:04,336][INFO ][o.e.p.PluginsService     ] [e1S9kLk] no plugins loaded
[2017-03-21T13:07:12,079][INFO ][o.e.n.Node               ] initialized
[2017-03-21T13:07:12,079][INFO ][o.e.n.Node               ] [e1S9kLk] starting ...
[2017-03-21T13:07:14,249][INFO ][o.e.t.TransportService   ] [e1S9kLk] publish_address {127.0.0.1:9300}, bound_addresses {[::1]:9300}, {127.0.0.1:9300}
[2017-03-21T13:07:17,509][INFO ][o.e.c.s.ClusterService   ] [e1S9kLk] new_master {e1S9kLk}{e1S9kLkiRTe8EA6bNImzaw}{AscHGDw9TE-EJHDLMDurLA}{127.0.0.1}{127.0.0.1:9300}, reason: zen-disco-elected-as-master ([0] nodes joined)
[2017-03-21T13:07:18,214][INFO ][o.e.h.HttpServer         ] [e1S9kLk] publish_address {127.0.0.1:9200}, bound_addresses {[::1]:9200}, {127.0.0.1:9200}
[2017-03-21T13:07:18,214][INFO ][o.e.n.Node               ] [e1S9kLk] started
[2017-03-21T13:07:20,191][INFO ][o.e.g.GatewayService     ] [e1S9kLk] recovered [5] indices into cluster_state
[2017-03-21T13:07:29,265][INFO ][o.e.c.r.a.AllocationService] [e1S9kLk] Cluster health status changed from [RED] to [YELLOW] (reason: [shards started [[spark][4]] ...]).
[2017-03-21T13:32:48,478][INFO ][o.e.c.m.MetaDataMappingService] [e1S9kLk] [tweets/bKFjsEfMTxO688dEmJInUQ] update_mapping [tweet]
[2017-03-21T16:18:11,824][INFO ][o.e.m.j.JvmGcMonitorService] [e1S9kLk] [gc][11457] overhead, spent [277ms] collecting in the last [1s]
[2017-03-21T16:19:21,895][INFO ][o.e.m.j.JvmGcMonitorService] [e1S9kLk] [gc][11527] overhead, spent [465ms] collecting in the last [1s]
[2017-03-21T16:21:26,919][INFO ][o.e.m.j.JvmGcMonitorService] [e1S9kLk] [gc][11652] overhead, spent [269ms] collecting in the last [1s]
[2017-03-21T16:22:51,932][INFO ][o.e.m.j.JvmGcMonitorService] [e1S9kLk] [gc][11737] overhead, spent [374ms] collecting in the last [1s]
[2017-03-21T16:23:57,957][INFO ][o.e.m.j.JvmGcMonitorService] [e1S9kLk] [gc][11803] overhead, spent [300ms] collecting in the last [1s]
[2017-03-21T16:24:23,108][INFO ][o.e.m.j.JvmGcMonitorService] [e1S9kLk] [gc][11828] overhead, spent [502ms] collecting in the last [1.1s]
[2017-03-21T16:24:43,733][WARN ][o.e.m.j.JvmGcMonitorService] [e1S9kLk] [gc][young][11848][250] duration [1.4s], collections [1]/[1.6s], total [1.4s]/[9.9s], memory [575.3mb]->[381.7mb]/[1.9gb], all_pools {[young] [194.1mb]->[2mb]/[266.2mb]}{[survivor] [26.4mb]->[20mb]/[33.2mb]}{[old] [354.7mb]->[359.6mb]/[1.6gb]}
[2017-03-21T16:24:43,733][WARN ][o.e.m.j.JvmGcMonitorService] [e1S9kLk] [gc][11848] overhead, spent [1.4s] collecting in the last [1.6s]
[2017-03-21T16:24:56,778][INFO ][o.e.m.j.JvmGcMonitorService] [e1S9kLk] [gc][11861] overhead, spent [415ms] collecting in the last [1s]
[2017-03-21T16:25:25,032][INFO ][o.e.m.j.JvmGcMonitorService] [e1S9kLk] [gc][11889] overhead, spent [588ms] collecting in the last [1.2s]
[2017-03-21T17:16:35,532][INFO ][o.e.n.Node               ] [e1S9kLk] stopping ...
[2017-03-21T17:16:35,606][INFO ][o.e.n.Node               ] [e1S9kLk] stopped
[2017-03-21T17:16:35,607][INFO ][o.e.n.Node               ] [e1S9kLk] closing ...
[2017-03-21T17:16:35,629][INFO ][o.e.n.Node               ] [e1S9kLk] closed
[2017-03-21T17:27:33,899][INFO ][o.e.n.Node               ] [] initializing ...
[2017-03-21T17:27:36,022][INFO ][o.e.e.NodeEnvironment    ] [e1S9kLk] using [1] data paths, mounts [[/ (/dev/sda5)]], net usable_space [186.6gb], net total_space [232.4gb], spins? [possibly], types [ext4]
[2017-03-21T17:27:36,022][INFO ][o.e.e.NodeEnvironment    ] [e1S9kLk] heap size [1.9gb], compressed ordinary object pointers [true]
[2017-03-21T17:27:38,702][INFO ][o.e.n.Node               ] node name [e1S9kLk] derived from node ID [e1S9kLkiRTe8EA6bNImzaw]; set [node.name] to override
[2017-03-21T17:27:38,756][INFO ][o.e.n.Node               ] version[5.1.1], pid[2976], build[5395e21/2016-12-06T12:36:15.409Z], OS[Linux/4.4.0-66-generic/amd64], JVM[Oracle Corporation/Java HotSpot(TM) 64-Bit Server VM/1.8.0_121/25.121-b13]
[2017-03-21T17:27:48,145][INFO ][o.e.p.PluginsService     ] [e1S9kLk] loaded module [aggs-matrix-stats]
[2017-03-21T17:27:48,145][INFO ][o.e.p.PluginsService     ] [e1S9kLk] loaded module [ingest-common]
[2017-03-21T17:27:48,145][INFO ][o.e.p.PluginsService     ] [e1S9kLk] loaded module [lang-expression]
[2017-03-21T17:27:48,146][INFO ][o.e.p.PluginsService     ] [e1S9kLk] loaded module [lang-groovy]
[2017-03-21T17:27:48,146][INFO ][o.e.p.PluginsService     ] [e1S9kLk] loaded module [lang-mustache]
[2017-03-21T17:27:48,146][INFO ][o.e.p.PluginsService     ] [e1S9kLk] loaded module [lang-painless]
[2017-03-21T17:27:48,146][INFO ][o.e.p.PluginsService     ] [e1S9kLk] loaded module [percolator]
[2017-03-21T17:27:48,146][INFO ][o.e.p.PluginsService     ] [e1S9kLk] loaded module [reindex]
[2017-03-21T17:27:48,146][INFO ][o.e.p.PluginsService     ] [e1S9kLk] loaded module [transport-netty3]
[2017-03-21T17:27:48,146][INFO ][o.e.p.PluginsService     ] [e1S9kLk] loaded module [transport-netty4]
[2017-03-21T17:27:48,147][INFO ][o.e.p.PluginsService     ] [e1S9kLk] no plugins loaded
[2017-03-21T17:28:02,002][INFO ][o.e.n.Node               ] initialized
[2017-03-21T17:28:02,003][INFO ][o.e.n.Node               ] [e1S9kLk] starting ...
[2017-03-21T17:28:02,816][INFO ][o.e.t.TransportService   ] [e1S9kLk] publish_address {127.0.0.1:9300}, bound_addresses {[::1]:9300}, {127.0.0.1:9300}
[2017-03-21T17:28:06,021][INFO ][o.e.c.s.ClusterService   ] [e1S9kLk] new_master {e1S9kLk}{e1S9kLkiRTe8EA6bNImzaw}{blIgavrXRt-YD--tQFzO0Q}{127.0.0.1}{127.0.0.1:9300}, reason: zen-disco-elected-as-master ([0] nodes joined)
[2017-03-21T17:28:06,202][INFO ][o.e.h.HttpServer         ] [e1S9kLk] publish_address {127.0.0.1:9200}, bound_addresses {[::1]:9200}, {127.0.0.1:9200}
[2017-03-21T17:28:06,202][INFO ][o.e.n.Node               ] [e1S9kLk] started
[2017-03-21T17:28:08,127][INFO ][o.e.g.GatewayService     ] [e1S9kLk] recovered [5] indices into cluster_state
[2017-03-21T17:28:22,148][INFO ][o.e.c.r.a.AllocationService] [e1S9kLk] Cluster health status changed from [RED] to [YELLOW] (reason: [shards started [[spark][3]] ...]).
[2017-03-21T17:36:06,410][INFO ][o.e.n.Node               ] [e1S9kLk] stopping ...
[2017-03-21T17:36:06,463][INFO ][o.e.n.Node               ] [e1S9kLk] stopped
[2017-03-21T17:36:06,463][INFO ][o.e.n.Node               ] [e1S9kLk] closing ...
[2017-03-21T17:36:06,471][INFO ][o.e.n.Node               ] [e1S9kLk] closed
[2017-03-21T17:49:02,797][INFO ][o.e.n.Node               ] [] initializing ...
[2017-03-21T17:49:03,142][INFO ][o.e.e.NodeEnvironment    ] [e1S9kLk] using [1] data paths, mounts [[/ (/dev/sda5)]], net usable_space [186.6gb], net total_space [232.4gb], spins? [possibly], types [ext4]
[2017-03-21T17:49:03,142][INFO ][o.e.e.NodeEnvironment    ] [e1S9kLk] heap size [1.9gb], compressed ordinary object pointers [true]
[2017-03-21T17:49:03,490][INFO ][o.e.n.Node               ] node name [e1S9kLk] derived from node ID [e1S9kLkiRTe8EA6bNImzaw]; set [node.name] to override
[2017-03-21T17:49:03,492][INFO ][o.e.n.Node               ] version[5.1.1], pid[3507], build[5395e21/2016-12-06T12:36:15.409Z], OS[Linux/4.4.0-66-generic/amd64], JVM[Oracle Corporation/Java HotSpot(TM) 64-Bit Server VM/1.8.0_121/25.121-b13]
[2017-03-21T17:49:05,157][INFO ][o.e.p.PluginsService     ] [e1S9kLk] loaded module [aggs-matrix-stats]
[2017-03-21T17:49:05,157][INFO ][o.e.p.PluginsService     ] [e1S9kLk] loaded module [ingest-common]
[2017-03-21T17:49:05,157][INFO ][o.e.p.PluginsService     ] [e1S9kLk] loaded module [lang-expression]
[2017-03-21T17:49:05,158][INFO ][o.e.p.PluginsService     ] [e1S9kLk] loaded module [lang-groovy]
[2017-03-21T17:49:05,158][INFO ][o.e.p.PluginsService     ] [e1S9kLk] loaded module [lang-mustache]
[2017-03-21T17:49:05,158][INFO ][o.e.p.PluginsService     ] [e1S9kLk] loaded module [lang-painless]
[2017-03-21T17:49:05,158][INFO ][o.e.p.PluginsService     ] [e1S9kLk] loaded module [percolator]
[2017-03-21T17:49:05,158][INFO ][o.e.p.PluginsService     ] [e1S9kLk] loaded module [reindex]
[2017-03-21T17:49:05,159][INFO ][o.e.p.PluginsService     ] [e1S9kLk] loaded module [transport-netty3]
[2017-03-21T17:49:05,159][INFO ][o.e.p.PluginsService     ] [e1S9kLk] loaded module [transport-netty4]
[2017-03-21T17:49:05,160][INFO ][o.e.p.PluginsService     ] [e1S9kLk] no plugins loaded
[2017-03-21T17:49:15,148][INFO ][o.e.n.Node               ] initialized
[2017-03-21T17:49:15,149][INFO ][o.e.n.Node               ] [e1S9kLk] starting ...
[2017-03-21T17:49:15,496][INFO ][o.e.t.TransportService   ] [e1S9kLk] publish_address {127.0.0.1:9300}, bound_addresses {[::1]:9300}, {127.0.0.1:9300}
[2017-03-21T17:49:18,681][INFO ][o.e.c.s.ClusterService   ] [e1S9kLk] new_master {e1S9kLk}{e1S9kLkiRTe8EA6bNImzaw}{ZMmntdSFTT-rAmc9mzfn7Q}{127.0.0.1}{127.0.0.1:9300}, reason: zen-disco-elected-as-master ([0] nodes joined)
[2017-03-21T17:49:18,756][INFO ][o.e.h.HttpServer         ] [e1S9kLk] publish_address {127.0.0.1:9200}, bound_addresses {[::1]:9200}, {127.0.0.1:9200}
[2017-03-21T17:49:18,756][INFO ][o.e.n.Node               ] [e1S9kLk] started
[2017-03-21T17:49:20,470][INFO ][o.e.g.GatewayService     ] [e1S9kLk] recovered [5] indices into cluster_state
[2017-03-21T17:49:29,813][INFO ][o.e.c.r.a.AllocationService] [e1S9kLk] Cluster health status changed from [RED] to [YELLOW] (reason: [shards started [[spark][0]] ...]).
[2017-03-21T19:06:36,604][INFO ][o.e.c.m.MetaDataMappingService] [e1S9kLk] [tweets/bKFjsEfMTxO688dEmJInUQ] update_mapping [tweet]
[2017-03-21T19:46:14,205][INFO ][o.e.n.Node               ] [e1S9kLk] stopping ...
[2017-03-21T19:46:14,299][INFO ][o.e.n.Node               ] [e1S9kLk] stopped
[2017-03-21T19:46:14,299][INFO ][o.e.n.Node               ] [e1S9kLk] closing ...
[2017-03-21T19:46:14,335][INFO ][o.e.n.Node               ] [e1S9kLk] closed
[2017-03-21T20:16:24,651][INFO ][o.e.n.Node               ] [] initializing ...
[2017-03-21T20:16:25,051][INFO ][o.e.e.NodeEnvironment    ] [e1S9kLk] using [1] data paths, mounts [[/ (/dev/sda5)]], net usable_space [186.6gb], net total_space [232.4gb], spins? [possibly], types [ext4]
[2017-03-21T20:16:25,051][INFO ][o.e.e.NodeEnvironment    ] [e1S9kLk] heap size [1.9gb], compressed ordinary object pointers [true]
[2017-03-21T20:16:25,420][INFO ][o.e.n.Node               ] node name [e1S9kLk] derived from node ID [e1S9kLkiRTe8EA6bNImzaw]; set [node.name] to override
[2017-03-21T20:16:25,456][INFO ][o.e.n.Node               ] version[5.1.1], pid[9166], build[5395e21/2016-12-06T12:36:15.409Z], OS[Linux/4.4.0-66-generic/amd64], JVM[Oracle Corporation/Java HotSpot(TM) 64-Bit Server VM/1.8.0_121/25.121-b13]
[2017-03-21T20:16:28,562][INFO ][o.e.p.PluginsService     ] [e1S9kLk] loaded module [aggs-matrix-stats]
[2017-03-21T20:16:28,562][INFO ][o.e.p.PluginsService     ] [e1S9kLk] loaded module [ingest-common]
[2017-03-21T20:16:28,563][INFO ][o.e.p.PluginsService     ] [e1S9kLk] loaded module [lang-expression]
[2017-03-21T20:16:28,563][INFO ][o.e.p.PluginsService     ] [e1S9kLk] loaded module [lang-groovy]
[2017-03-21T20:16:28,563][INFO ][o.e.p.PluginsService     ] [e1S9kLk] loaded module [lang-mustache]
[2017-03-21T20:16:28,563][INFO ][o.e.p.PluginsService     ] [e1S9kLk] loaded module [lang-painless]
[2017-03-21T20:16:28,563][INFO ][o.e.p.PluginsService     ] [e1S9kLk] loaded module [percolator]
[2017-03-21T20:16:28,563][INFO ][o.e.p.PluginsService     ] [e1S9kLk] loaded module [reindex]
[2017-03-21T20:16:28,563][INFO ][o.e.p.PluginsService     ] [e1S9kLk] loaded module [transport-netty3]
[2017-03-21T20:16:28,563][INFO ][o.e.p.PluginsService     ] [e1S9kLk] loaded module [transport-netty4]
[2017-03-21T20:16:28,564][INFO ][o.e.p.PluginsService     ] [e1S9kLk] no plugins loaded
[2017-03-21T20:16:37,703][INFO ][o.e.n.Node               ] initialized
[2017-03-21T20:16:37,703][INFO ][o.e.n.Node               ] [e1S9kLk] starting ...
[2017-03-21T20:16:38,195][INFO ][o.e.t.TransportService   ] [e1S9kLk] publish_address {127.0.0.1:9300}, bound_addresses {[::1]:9300}, {127.0.0.1:9300}
[2017-03-21T20:16:41,393][INFO ][o.e.c.s.ClusterService   ] [e1S9kLk] new_master {e1S9kLk}{e1S9kLkiRTe8EA6bNImzaw}{Ho2pSCoKThOO_BDYVq1eQQ}{127.0.0.1}{127.0.0.1:9300}, reason: zen-disco-elected-as-master ([0] nodes joined)
[2017-03-21T20:16:41,496][INFO ][o.e.h.HttpServer         ] [e1S9kLk] publish_address {127.0.0.1:9200}, bound_addresses {[::1]:9200}, {127.0.0.1:9200}
[2017-03-21T20:16:41,496][INFO ][o.e.n.Node               ] [e1S9kLk] started
[2017-03-21T20:16:42,889][INFO ][o.e.g.GatewayService     ] [e1S9kLk] recovered [5] indices into cluster_state
[2017-03-21T20:16:50,495][INFO ][o.e.c.r.a.AllocationService] [e1S9kLk] Cluster health status changed from [RED] to [YELLOW] (reason: [shards started [[spark][1], [spark][2]] ...]).
[2017-03-21T21:39:03,967][INFO ][o.e.m.j.JvmGcMonitorService] [e1S9kLk] [gc][4944] overhead, spent [561ms] collecting in the last [1.5s]
[2017-03-21T21:41:34,772][WARN ][o.e.m.j.JvmGcMonitorService] [e1S9kLk] [gc][young][5093][916] duration [1.5s], collections [1]/[2.4s], total [1.5s]/[18s], memory [535mb]->[465mb]/[1.9gb], all_pools {[young] [81.2mb]->[1.8mb]/[266.2mb]}{[survivor] [10.3mb]->[19mb]/[33.2mb]}{[old] [443.4mb]->[444.2mb]/[1.6gb]}
[2017-03-21T21:41:34,772][WARN ][o.e.m.j.JvmGcMonitorService] [e1S9kLk] [gc][5093] overhead, spent [1.5s] collecting in the last [2.4s]
[2017-03-21T22:15:16,228][INFO ][o.e.m.j.JvmGcMonitorService] [e1S9kLk] [gc][7114] overhead, spent [316ms] collecting in the last [1s]
[2017-03-21T22:15:54,731][INFO ][o.e.n.Node               ] [e1S9kLk] stopping ...
[2017-03-21T22:15:55,529][INFO ][o.e.n.Node               ] [e1S9kLk] stopped
[2017-03-21T22:15:55,529][INFO ][o.e.n.Node               ] [e1S9kLk] closing ...
[2017-03-21T22:15:55,662][INFO ][o.e.n.Node               ] [e1S9kLk] closed
