[2016-12-09T18:38:22,691][INFO ][o.e.n.Node               ] [] initializing ...
[2016-12-09T18:38:23,315][INFO ][o.e.e.NodeEnvironment    ] [e1S9kLk] using [1] data paths, mounts [[/ (/dev/sda5)]], net usable_space [183gb], net total_space [232.4gb], spins? [possibly], types [ext4]
[2016-12-09T18:38:23,315][INFO ][o.e.e.NodeEnvironment    ] [e1S9kLk] heap size [1.9gb], compressed ordinary object pointers [true]
[2016-12-09T18:38:23,317][INFO ][o.e.n.Node               ] node name [e1S9kLk] derived from node ID [e1S9kLkiRTe8EA6bNImzaw]; set [node.name] to override
[2016-12-09T18:38:23,385][INFO ][o.e.n.Node               ] version[5.1.1], pid[22890], build[5395e21/2016-12-06T12:36:15.409Z], OS[Linux/4.4.0-53-generic/amd64], JVM[Oracle Corporation/Java HotSpot(TM) 64-Bit Server VM/1.8.0_111/25.111-b14]
[2016-12-09T18:38:26,649][INFO ][o.e.p.PluginsService     ] [e1S9kLk] loaded module [aggs-matrix-stats]
[2016-12-09T18:38:26,649][INFO ][o.e.p.PluginsService     ] [e1S9kLk] loaded module [ingest-common]
[2016-12-09T18:38:26,649][INFO ][o.e.p.PluginsService     ] [e1S9kLk] loaded module [lang-expression]
[2016-12-09T18:38:26,649][INFO ][o.e.p.PluginsService     ] [e1S9kLk] loaded module [lang-groovy]
[2016-12-09T18:38:26,649][INFO ][o.e.p.PluginsService     ] [e1S9kLk] loaded module [lang-mustache]
[2016-12-09T18:38:26,649][INFO ][o.e.p.PluginsService     ] [e1S9kLk] loaded module [lang-painless]
[2016-12-09T18:38:26,650][INFO ][o.e.p.PluginsService     ] [e1S9kLk] loaded module [percolator]
[2016-12-09T18:38:26,650][INFO ][o.e.p.PluginsService     ] [e1S9kLk] loaded module [reindex]
[2016-12-09T18:38:26,650][INFO ][o.e.p.PluginsService     ] [e1S9kLk] loaded module [transport-netty3]
[2016-12-09T18:38:26,650][INFO ][o.e.p.PluginsService     ] [e1S9kLk] loaded module [transport-netty4]
[2016-12-09T18:38:26,650][INFO ][o.e.p.PluginsService     ] [e1S9kLk] no plugins loaded
[2016-12-09T18:38:30,903][INFO ][o.e.n.Node               ] initialized
[2016-12-09T18:38:30,903][INFO ][o.e.n.Node               ] [e1S9kLk] starting ...
[2016-12-09T18:38:31,751][INFO ][o.e.t.TransportService   ] [e1S9kLk] publish_address {127.0.0.1:9300}, bound_addresses {[::1]:9300}, {127.0.0.1:9300}
[2016-12-09T18:38:31,757][WARN ][o.e.b.BootstrapCheck     ] [e1S9kLk] max virtual memory areas vm.max_map_count [65530] is too low, increase to at least [262144]
[2016-12-09T18:38:34,100][WARN ][o.e.m.j.JvmGcMonitorService] [e1S9kLk] [gc][3] overhead, spent [1s] collecting in the last [1.1s]
[2016-12-09T18:38:37,225][INFO ][o.e.c.s.ClusterService   ] [e1S9kLk] new_master {e1S9kLk}{e1S9kLkiRTe8EA6bNImzaw}{muiALs-VSpixh_w-QWYx9g}{127.0.0.1}{127.0.0.1:9300}, reason: zen-disco-elected-as-master ([0] nodes joined)
[2016-12-09T18:38:37,349][INFO ][o.e.h.HttpServer         ] [e1S9kLk] publish_address {127.0.0.1:9200}, bound_addresses {[::1]:9200}, {127.0.0.1:9200}
[2016-12-09T18:38:37,350][INFO ][o.e.n.Node               ] [e1S9kLk] started
[2016-12-09T18:38:37,433][INFO ][o.e.g.GatewayService     ] [e1S9kLk] recovered [0] indices into cluster_state
[2016-12-09T18:41:51,686][INFO ][o.e.c.m.MetaDataCreateIndexService] [e1S9kLk] [spark] creating index, cause [api], templates [], shards [5]/[1], mappings []
[2016-12-09T18:41:53,513][INFO ][o.e.c.m.MetaDataMappingService] [e1S9kLk] [spark/6nxQg62tQQiDL9Eo_aSqLQ] create_mapping [json-trips]
[2016-12-09T18:41:53,521][INFO ][o.e.c.m.MetaDataMappingService] [e1S9kLk] [spark/6nxQg62tQQiDL9Eo_aSqLQ] update_mapping [json-trips]
[2016-12-09T18:46:06,004][INFO ][o.e.n.Node               ] [e1S9kLk] stopping ...
[2016-12-09T18:46:06,735][INFO ][o.e.n.Node               ] [e1S9kLk] stopped
[2016-12-09T18:46:06,735][INFO ][o.e.n.Node               ] [e1S9kLk] closing ...
[2016-12-09T18:46:06,755][INFO ][o.e.n.Node               ] [e1S9kLk] closed
[2016-12-09T18:55:47,260][INFO ][o.e.n.Node               ] [] initializing ...
[2016-12-09T18:55:47,628][INFO ][o.e.e.NodeEnvironment    ] [e1S9kLk] using [1] data paths, mounts [[/ (/dev/sda5)]], net usable_space [183.1gb], net total_space [232.4gb], spins? [possibly], types [ext4]
[2016-12-09T18:55:47,628][INFO ][o.e.e.NodeEnvironment    ] [e1S9kLk] heap size [1.9gb], compressed ordinary object pointers [true]
[2016-12-09T18:55:47,742][INFO ][o.e.n.Node               ] node name [e1S9kLk] derived from node ID [e1S9kLkiRTe8EA6bNImzaw]; set [node.name] to override
[2016-12-09T18:55:47,761][INFO ][o.e.n.Node               ] version[5.1.1], pid[24192], build[5395e21/2016-12-06T12:36:15.409Z], OS[Linux/4.4.0-53-generic/amd64], JVM[Oracle Corporation/Java HotSpot(TM) 64-Bit Server VM/1.8.0_111/25.111-b14]
[2016-12-09T18:55:49,245][INFO ][o.e.p.PluginsService     ] [e1S9kLk] loaded module [aggs-matrix-stats]
[2016-12-09T18:55:49,246][INFO ][o.e.p.PluginsService     ] [e1S9kLk] loaded module [ingest-common]
[2016-12-09T18:55:49,246][INFO ][o.e.p.PluginsService     ] [e1S9kLk] loaded module [lang-expression]
[2016-12-09T18:55:49,247][INFO ][o.e.p.PluginsService     ] [e1S9kLk] loaded module [lang-groovy]
[2016-12-09T18:55:49,247][INFO ][o.e.p.PluginsService     ] [e1S9kLk] loaded module [lang-mustache]
[2016-12-09T18:55:49,247][INFO ][o.e.p.PluginsService     ] [e1S9kLk] loaded module [lang-painless]
[2016-12-09T18:55:49,248][INFO ][o.e.p.PluginsService     ] [e1S9kLk] loaded module [percolator]
[2016-12-09T18:55:49,248][INFO ][o.e.p.PluginsService     ] [e1S9kLk] loaded module [reindex]
[2016-12-09T18:55:49,249][INFO ][o.e.p.PluginsService     ] [e1S9kLk] loaded module [transport-netty3]
[2016-12-09T18:55:49,249][INFO ][o.e.p.PluginsService     ] [e1S9kLk] loaded module [transport-netty4]
[2016-12-09T18:55:49,250][INFO ][o.e.p.PluginsService     ] [e1S9kLk] no plugins loaded
[2016-12-09T18:55:52,742][INFO ][o.e.n.Node               ] initialized
[2016-12-09T18:55:52,742][INFO ][o.e.n.Node               ] [e1S9kLk] starting ...
[2016-12-09T18:55:52,955][INFO ][o.e.t.TransportService   ] [e1S9kLk] publish_address {127.0.0.1:9300}, bound_addresses {[::1]:9300}, {127.0.0.1:9300}
[2016-12-09T18:55:52,963][WARN ][o.e.b.BootstrapCheck     ] [e1S9kLk] max virtual memory areas vm.max_map_count [65530] is too low, increase to at least [262144]
[2016-12-09T18:55:56,052][INFO ][o.e.c.s.ClusterService   ] [e1S9kLk] new_master {e1S9kLk}{e1S9kLkiRTe8EA6bNImzaw}{Z_Y7_JeyTpW6KoupCuI7SA}{127.0.0.1}{127.0.0.1:9300}, reason: zen-disco-elected-as-master ([0] nodes joined)
[2016-12-09T18:55:56,105][INFO ][o.e.h.HttpServer         ] [e1S9kLk] publish_address {127.0.0.1:9200}, bound_addresses {[::1]:9200}, {127.0.0.1:9200}
[2016-12-09T18:55:56,105][INFO ][o.e.n.Node               ] [e1S9kLk] started
[2016-12-09T18:55:56,444][INFO ][o.e.g.GatewayService     ] [e1S9kLk] recovered [1] indices into cluster_state
[2016-12-09T18:55:57,747][INFO ][o.e.c.r.a.AllocationService] [e1S9kLk] Cluster health status changed from [RED] to [YELLOW] (reason: [shards started [[spark][2]] ...]).
[2016-12-09T18:56:27,826][INFO ][o.e.c.m.MetaDataCreateIndexService] [e1S9kLk] [.kibana] creating index, cause [api], templates [], shards [1]/[1], mappings [server, config]
[2016-12-09T18:56:49,825][INFO ][o.e.c.m.MetaDataMappingService] [e1S9kLk] [.kibana/Db3wsNs-R8epZj5GMKbYXw] create_mapping [index-pattern]
[2016-12-09T19:16:23,517][INFO ][o.e.c.m.MetaDataCreateIndexService] [e1S9kLk] [shakespeare] creating index, cause [api], templates [], shards [5]/[1], mappings [_default_]
[2016-12-09T19:27:00,234][INFO ][o.e.n.Node               ] [e1S9kLk] stopping ...
[2016-12-09T19:27:00,283][INFO ][o.e.n.Node               ] [e1S9kLk] stopped
[2016-12-09T19:27:00,283][INFO ][o.e.n.Node               ] [e1S9kLk] closing ...
[2016-12-09T19:27:00,290][INFO ][o.e.n.Node               ] [e1S9kLk] closed
